INIT_TX_LOG
INIT_TX_LOG
INIT_TX_LOG
121922,39.3589,-77.5485,142
121933,39.3589,-77.5485,136
122044,39.3588,-77.5484,159
122551,39.3588,-77.5483,168,rN
123202,39.3588,-77.5483,167
123756,39.3587,-77.5484,170
124307,39.3587,-77.5484,168
124822,39.3587,-77.5484,167
125329,39.3587,-77.5483,167
125843,39.3560,-77.5461,754
130530,39.3473,-77.5248,3276
131129,39.3424,-77.4873,5508
131634,39.3475,-77.4470,7348
132349,39.3660,-77.3607,10182
132903,39.3801,-77.2961,12082
133633,39.3947,-77.1979,14755
134149,39.4002,-77.1593,16649
134658,39.3896,-77.1282,18370
135258,39.3821,-77.1298,20260
135812,39.3773,-77.1434,21946
140457,39.3703,-77.1669,24205
141213,39.3688,-77.2197,26697
141943,39.3643,-77.2504,17799
142450,39.3698,-77.2013,13493
143000,39.3891,-77.1337,10279
143620,39.4021,-77.0545,6934
144311,39.4004,-77.0063,4032
144819,39.3967,-76.9795,2131
145334,39.3839,-76.9705,351
145928,39.3837,-76.9701,170,rF
150138,39.3837,-76.9700,169
150252,39.3837,-76.9701,150
151918,39.3837,-76.9701,155,rS
153730,39.3837,-76.9700,159
155843,39.3837,-76.9700,165
INIT_TX_LOG
INIT_TX_LOG
162810,39.3836,-76.9701,120
163533,39.3838,-76.9701,153
163851,39.3836,-76.9700,155
164525,39.3831,-76.9740,189
164908,39.3791,-76.9756,181
165508,39.3790,-76.9754,177
165655,39.3790,-76.9754,179
