INIT_TX_LOG
131931,39.6967,-78.1958,162
131948,39.6967,-78.1957,170
132050,39.6967,-78.1957,168
132610,39.6967,-78.1957,164,rN
133123,39.6968,-78.1958,163
133634,39.6967,-78.1957,167
134235,39.6967,-78.1957,183
134919,39.7181,-78.1850,1887
135436,39.7204,-78.1396,3345
140030,39.7175,-78.0539,5090
140631,39.7077,-77.9575,6733
141310,39.7010,-77.8259,8326
142018,39.6849,-77.6564,9872
142742,39.6701,-77.4867,11219
143341,39.6617,-77.3625,12374
144111,39.6650,-77.2119,13847
144616,39.6675,-77.1079,14854
145258,39.6638,-76.9659,16207
145847,39.6565,-76.8580,17395
150429,39.6629,-76.7688,18599
150952,39.6724,-76.6713,19709
151545,39.6923,-76.5708,20953
152120,39.7121,-76.4776,22190
152823,39.7493,-76.3570,23613
153432,39.7963,-76.2411,24915
154440,39.8802,-76.0238,27101
155102,39.9460,-75.8943,28326
155820,40.0304,-75.7530,29875
155959,40.0502,-75.7195,30229,rF
160501,40.0991,-75.5980,29071
INIT_TX_LOG
INIT_TX_LOG
161020,40.1362,-75.4978,19861
161053,40.1376,-75.4877,19213
161205,40.1405,-75.4658,17895
161417,40.1429,-75.4263,15863
161657,40.1452,-75.3668,13783
161907,40.1506,-75.3202,12327
INIT_TX_LOG
INIT_TX_LOG
162501,40.1690,-75.1833,9086
162542,40.1728,-75.1665,8755
162730,40.1811,-75.1260,7942
162851,40.1845,-75.1006,7331
163114,40.1882,-75.0646,6309
163341,40.1928,-75.0306,5316
INIT_TX_LOG
INIT_TX_LOG
INIT_TX_LOG
INIT_TX_LOG
INIT_TX_LOG
INIT_TX_LOG
INIT_TX_LOG
INIT_TX_LOG
165102,40.2089,-74.9105,37
165111,40.2089,-74.9106,44
165226,40.2090,-74.9105,28
165330,40.2089,-74.9105,33
165436,40.2089,-74.9105,36
170946,40.2090,-74.9105,35,rS
172454,40.2090,-74.9104,33
174219,40.2091,-74.9086,65
