INIT_GPS_LOG
22:47:24,38.992626,-76.938759,0.00,500.00,0
22:47:24,38.992626,-76.938759,57.70,148.00,0
22:47:25,38.992630,-76.938766,57.70,148.00,0
22:47:25,38.992630,-76.938766,56.20,128.00,0
22:47:26,38.992657,-76.938843,56.20,128.00,0
22:47:26,38.992657,-76.938843,48.10,97.00,0
22:47:27,38.992680,-76.938919,48.10,97.00,0
22:47:27,38.992680,-76.938919,40.90,97.00,0
22:47:28,38.992702,-76.938934,40.90,97.00,0
22:47:28,38.992702,-76.938934,37.90,97.00,0
22:47:29,38.992722,-76.938957,37.90,97.00,0
22:47:29,38.992722,-76.938957,35.00,102.00,0
22:47:30,38.992737,-76.938957,35.00,102.00,0
22:47:30,38.992737,-76.938957,33.20,94.00,0
22:47:31,38.992741,-76.938988,33.20,94.00,0
22:47:31,38.992741,-76.938988,31.10,145.00,0
22:47:32,38.992744,-76.939011,31.10,145.00,0
22:47:32,38.992744,-76.939011,28.80,145.00,0
22:47:33,38.992748,-76.939041,28.80,145.00,0
22:47:33,38.992748,-76.939041,26.90,142.00,0
22:47:34,38.992752,-76.939026,26.90,142.00,0
22:47:34,38.992752,-76.939026,27.20,104.00,0
22:47:35,38.992752,-76.939018,27.20,104.00,0
22:47:35,38.992752,-76.939018,27.00,104.00,0
22:47:36,38.992752,-76.939011,27.00,104.00,0
22:47:36,38.992752,-76.939011,27.00,104.00,0
22:47:37,38.992752,-76.939003,27.00,104.00,0
22:47:37,38.992752,-76.939003,27.70,144.00,0
22:47:38,38.992752,-76.938988,27.70,144.00,0
22:47:38,38.992752,-76.938988,28.50,144.00,0
22:47:48,38.992744,-76.939026,28.10,113.00,0
22:47:49,38.992744,-76.939018,28.10,113.00,0
22:47:49,38.992744,-76.939018,28.40,113.00,0
22:47:50,38.992744,-76.939026,28.40,113.00,0
22:47:50,38.992744,-76.939026,28.30,113.00,0
22:47:51,38.992741,-76.939026,28.30,113.00,0
22:47:51,38.992741,-76.939026,28.20,113.00,0
22:47:52,38.992741,-76.939026,28.20,113.00,0
22:47:52,38.992741,-76.939026,28.30,110.00,0
22:47:53,38.992741,-76.939026,28.30,110.00,0
22:47:53,38.992741,-76.939026,28.50,110.00,0
22:47:54,38.992741,-76.939018,28.50,110.00,0
22:47:54,38.992741,-76.939018,29.00,110.00,0
22:47:55,38.992741,-76.939018,29.00,110.00,0
22:47:55,38.992741,-76.939018,29.60,110.00,0
22:47:56,38.992741,-76.939018,29.60,110.00,0
22:47:56,38.992741,-76.939018,29.20,112.00,0
22:47:57,38.992741,-76.939018,29.20,112.00,0
22:47:57,38.992741,-76.939018,29.20,112.00,0
22:47:58,38.992737,-76.939011,29.20,112.00,0
22:47:58,38.992737,-76.939011,29.80,112.00,0
22:47:59,38.992733,-76.939003,29.80,112.00,0
22:47:59,38.992733,-76.939003,31.30,99.00,0
22:48:0,38.992733,-76.938995,31.30,99.00,0
22:48:0,38.992733,-76.938995,31.80,101.00,0
22:48:1,38.992733,-76.938995,31.80,101.00,0
22:48:1,38.992733,-76.938995,31.90,101.00,0
22:48:2,38.992733,-76.938988,31.90,101.00,0
22:48:2,38.992733,-76.938988,32.60,104.00,0
22:48:3,38.992733,-76.938980,32.60,104.00,0
22:48:3,38.992733,-76.938980,32.90,100.00,0
22:48:4,38.992733,-76.938972,32.90,100.00,0
22:48:4,38.992733,-76.938972,33.50,100.00,0
22:48:5,38.992729,-76.938965,33.50,100.00,0
22:48:5,38.992729,-76.938965,34.30,100.00,0
22:48:6,38.992729,-76.938965,34.30,100.00,0
22:48:6,38.992729,-76.938965,35.10,131.00,0
22:48:7,38.992729,-76.938980,35.10,131.00,0
22:48:7,38.992729,-76.938980,34.70,131.00,0
22:48:8,38.992729,-76.938988,34.70,131.00,0
22:48:8,38.992729,-76.938988,34.80,131.00,0
22:48:9,38.992729,-76.938995,34.80,131.00,0
22:48:9,38.992729,-76.938995,35.00,131.00,0
22:48:10,38.992725,-76.938980,35.00,131.00,0
22:48:10,38.992725,-76.938980,36.50,100.00,0
22:48:11,38.992722,-76.938972,36.50,100.00,0
22:48:11,38.992722,-76.938972,37.90,100.00,0
22:48:12,38.992718,-76.938972,37.90,100.00,0
22:48:12,38.992718,-76.938972,38.90,100.00,0
22:48:13,38.992718,-76.938972,38.90,100.00,0
22:48:13,38.992718,-76.938972,39.40,100.00,0
22:48:14,38.992718,-76.938972,39.40,100.00,0
22:48:14,38.992718,-76.938972,40.30,100.00,0
22:48:15,38.992714,-76.938972,40.30,100.00,0
22:48:15,38.992714,-76.938972,40.90,100.00,0
22:48:16,38.992714,-76.938972,40.90,100.00,0
22:48:16,38.992714,-76.938972,41.70,100.00,0
22:48:17,38.992718,-76.938972,41.70,100.00,0
22:48:17,38.992718,-76.938972,41.70,100.00,0
22:48:18,38.992718,-76.938972,41.70,100.00,0
22:48:18,38.992718,-76.938972,41.90,100.00,0
22:48:19,38.992722,-76.938980,41.90,100.00,0
22:48:19,38.992722,-76.938980,41.70,100.00,0
22:48:20,38.992722,-76.938980,41.70,100.00,0
22:48:20,38.992722,-76.938980,41.60,156.00,0
22:48:21,38.992725,-76.938988,41.60,156.00,0
22:48:21,38.992725,-76.938988,41.20,156.00,0
22:48:22,38.992725,-76.938988,41.20,156.00,0
22:48:22,38.992725,-76.938988,40.80,156.00,0
22:48:23,38.992725,-76.938980,40.80,156.00,0
22:48:23,38.992725,-76.938980,41.60,116.00,0
22:48:24,38.992725,-76.938980,41.60,116.00,0
22:48:24,38.992725,-76.938980,42.00,116.00,0
22:48:25,38.992725,-76.938980,42.00,116.00,0
22:48:25,38.992725,-76.938980,42.40,116.00,0
22:48:26,38.992725,-76.938972,42.40,116.00,0
22:48:26,38.992725,-76.938972,43.00,116.00,0
22:48:27,38.992722,-76.938957,43.00,116.00,0
22:48:27,38.992722,-76.938957,44.40,104.00,0
22:48:28,38.992722,-76.938950,44.40,104.00,0
22:48:28,38.992722,-76.938950,45.10,96.00,0
22:48:29,38.992722,-76.938942,45.10,96.00,0
22:48:29,38.992722,-76.938942,45.40,104.00,0
22:48:30,38.992722,-76.938934,45.40,104.00,0
22:48:30,38.992722,-76.938934,45.90,100.00,0
22:48:31,38.992725,-76.938927,45.90,100.00,0
22:48:31,38.992725,-76.938927,45.80,100.00,0
22:48:32,38.992729,-76.938927,45.80,100.00,0
22:48:32,38.992729,-76.938927,45.80,96.00,0
22:48:33,38.992729,-76.938927,45.80,96.00,0
22:48:33,38.992729,-76.938927,45.80,100.00,0
22:48:34,38.992729,-76.938927,45.80,100.00,0
22:48:34,38.992729,-76.938927,45.60,100.00,0
22:48:35,38.992733,-76.938919,45.60,100.00,0
22:48:35,38.992733,-76.938919,45.90,120.00,0
22:48:36,38.992733,-76.938919,45.90,120.00,0
22:48:36,38.992733,-76.938919,46.30,124.00,0
22:48:37,38.992733,-76.938927,46.30,124.00,0
22:48:37,38.992733,-76.938927,46.40,100.00,0
22:48:38,38.992729,-76.938919,46.40,100.00,0
22:48:38,38.992729,-76.938919,46.60,100.00,0
22:48:39,38.992729,-76.938919,46.60,100.00,0
22:48:39,38.992729,-76.938919,47.00,100.00,0
22:48:40,38.992729,-76.938919,47.00,100.00,0
22:48:40,38.992729,-76.938919,46.80,131.00,0
22:48:41,38.992733,-76.938911,46.80,131.00,0
22:48:41,38.992733,-76.938911,47.10,131.00,0
22:48:42,38.992729,-76.938896,47.10,131.00,0
22:48:42,38.992729,-76.938896,48.10,107.00,0
22:48:43,38.992729,-76.938889,48.10,107.00,0
22:48:43,38.992729,-76.938889,49.20,131.00,0
22:48:44,38.992725,-76.938873,49.20,131.00,0
22:48:44,38.992725,-76.938873,50.60,107.00,0
22:48:45,38.992725,-76.938858,50.60,107.00,0
22:48:45,38.992725,-76.938858,51.30,107.00,0
22:48:46,38.992725,-76.938850,51.30,107.00,0
22:48:46,38.992725,-76.938850,52.10,131.00,0
22:48:47,38.992722,-76.938843,52.10,131.00,0
22:48:47,38.992722,-76.938843,53.00,116.00,0
22:48:48,38.992722,-76.938835,53.00,116.00,0
22:48:48,38.992722,-76.938835,53.40,116.00,0
22:48:49,38.992718,-76.938835,53.40,116.00,0
22:48:49,38.992718,-76.938835,53.50,142.00,0
22:48:50,38.992718,-76.938828,53.50,142.00,0
22:48:50,38.992718,-76.938828,53.90,116.00,0
22:48:51,38.992714,-76.938828,53.90,116.00,0
22:48:51,38.992714,-76.938828,54.40,116.00,0
22:48:52,38.992714,-76.938828,54.40,116.00,0
22:48:52,38.992714,-76.938828,54.60,202.00,0
22:48:53,38.992710,-76.938828,54.60,202.00,0
22:48:53,38.992710,-76.938828,54.70,202.00,0
22:48:54,38.992710,-76.938828,54.70,202.00,0
22:48:54,38.992710,-76.938828,55.00,202.00,0
22:48:55,38.992706,-76.938828,55.00,202.00,0
22:48:55,38.992706,-76.938828,55.30,202.00,0
22:48:56,38.992702,-76.938828,55.30,202.00,0
22:48:56,38.992702,-76.938828,56.00,202.00,0
22:48:57,38.992699,-76.938805,56.00,202.00,0
22:48:57,38.992699,-76.938805,57.80,121.00,0
22:48:58,38.992695,-76.938812,57.80,121.00,0
22:48:58,38.992695,-76.938812,57.60,142.00,0
22:48:59,38.992695,-76.938812,57.60,142.00,0
22:48:59,38.992695,-76.938812,57.60,142.00,0
22:49:0,38.992695,-76.938805,57.60,142.00,0
22:49:0,38.992695,-76.938805,58.20,142.00,0
22:49:1,38.992691,-76.938828,58.20,142.00,0
22:49:1,38.992691,-76.938828,56.30,168.00,0
22:49:2,38.992691,-76.938843,56.30,168.00,0
22:49:2,38.992691,-76.938843,55.00,112.00,0
22:49:3,38.992691,-76.938850,55.00,112.00,0
22:49:3,38.992691,-76.938850,54.50,112.00,0
22:49:4,38.992687,-76.938850,54.50,112.00,0
22:49:4,38.992687,-76.938850,54.30,103.00,0
22:49:5,38.992687,-76.938858,54.30,103.00,0
22:49:5,38.992687,-76.938858,53.50,113.00,0
22:49:6,38.992691,-76.938873,53.50,113.00,0
22:49:6,38.992691,-76.938873,52.70,92.00,0
22:49:7,38.992691,-76.938873,52.70,92.00,0
22:49:7,38.992691,-76.938873,52.30,96.00,0
22:49:8,38.992691,-76.938873,52.30,96.00,0
22:49:8,38.992691,-76.938873,52.10,92.00,0
22:49:9,38.992687,-76.938881,52.10,92.00,0
22:49:9,38.992687,-76.938881,51.70,92.00,0
22:49:10,38.992683,-76.938881,51.70,92.00,0
22:49:10,38.992683,-76.938881,51.60,111.00,0
22:49:11,38.992687,-76.938881,51.60,111.00,0
22:49:11,38.992687,-76.938881,51.10,107.00,0
22:49:12,38.992687,-76.938896,51.10,107.00,0
22:49:12,38.992687,-76.938896,50.40,104.00,0
22:49:13,38.992683,-76.938904,50.40,104.00,0
22:49:13,38.992683,-76.938904,49.90,106.00,0
22:49:14,38.992683,-76.938911,49.90,106.00,0
22:49:14,38.992683,-76.938911,49.70,89.00,0
22:49:15,38.992680,-76.938911,49.70,89.00,0
22:49:15,38.992680,-76.938911,50.00,79.00,0
22:49:16,38.992680,-76.938911,50.00,79.00,0
22:49:16,38.992680,-76.938911,50.20,81.00,0
22:49:17,38.992680,-76.938911,50.20,81.00,0
22:49:17,38.992680,-76.938911,50.10,83.00,0
22:49:18,38.992680,-76.938919,50.10,83.00,0
22:49:18,38.992680,-76.938919,49.70,83.00,0
22:49:19,38.992676,-76.938919,49.70,83.00,0
22:49:19,38.992676,-76.938919,49.40,81.00,0
22:49:20,38.992676,-76.938927,49.40,81.00,0
22:49:20,38.992676,-76.938927,49.20,92.00,0
22:49:21,38.992676,-76.938927,49.20,92.00,0
22:49:21,38.992676,-76.938927,49.20,82.00,0
22:49:22,38.992668,-76.938927,49.20,82.00,0
22:49:22,38.992668,-76.938927,49.50,92.00,0
22:49:23,38.992668,-76.938927,49.50,92.00,0
22:49:23,38.992668,-76.938927,49.80,82.00,0
22:49:24,38.992664,-76.938927,49.80,82.00,0
22:49:24,38.992664,-76.938927,50.40,82.00,0
22:49:25,38.992661,-76.938927,50.40,82.00,0
22:49:25,38.992661,-76.938927,51.10,95.00,0
22:49:26,38.992653,-76.938927,51.10,95.00,0
22:49:26,38.992653,-76.938927,52.00,92.00,0
22:49:27,38.992653,-76.938927,52.00,92.00,0
22:49:27,38.992653,-76.938927,52.10,84.00,0
22:49:28,38.992649,-76.938919,52.10,84.00,0
22:49:28,38.992649,-76.938919,52.60,84.00,0
22:49:29,38.992645,-76.938919,52.60,84.00,0
22:49:29,38.992645,-76.938919,53.20,84.00,0
22:49:30,38.992641,-76.938911,53.20,84.00,0
22:49:30,38.992641,-76.938911,53.60,84.00,0
22:49:31,38.992641,-76.938919,53.60,84.00,0
22:49:31,38.992641,-76.938919,53.20,84.00,0
22:49:32,38.992641,-76.938919,53.20,84.00,0
22:49:32,38.992641,-76.938919,53.10,84.00,0
22:49:33,38.992641,-76.938919,53.10,84.00,0
22:49:33,38.992641,-76.938919,53.20,84.00,0
22:49:34,38.992641,-76.938927,53.20,84.00,0
22:49:34,38.992641,-76.938927,52.80,85.00,0
22:49:35,38.992641,-76.938927,52.80,85.00,0
22:49:35,38.992641,-76.938927,52.50,85.00,0
22:49:36,38.992641,-76.938927,52.50,85.00,0
22:49:36,38.992641,-76.938927,52.40,85.00,0
22:49:37,38.992641,-76.938927,52.40,85.00,0
22:49:37,38.992641,-76.938927,52.00,112.00,0
22:49:38,38.992645,-76.938934,52.00,112.00,0
22:49:38,38.992645,-76.938934,51.80,85.00,0
22:49:39,38.992645,-76.938934,51.80,85.00,0
22:49:39,38.992645,-76.938934,51.70,85.00,0
22:49:40,38.992641,-76.938934,51.70,85.00,0
22:49:40,38.992641,-76.938934,51.80,112.00,0
22:49:41,38.992645,-76.938934,51.80,112.00,0
22:49:41,38.992645,-76.938934,51.60,112.00,0
22:49:42,38.992645,-76.938942,51.60,112.00,0
22:49:42,38.992645,-76.938942,51.40,104.00,0
22:49:43,38.992645,-76.938942,51.40,104.00,0
22:49:43,38.992645,-76.938942,51.10,92.00,0
22:49:44,38.992649,-76.938942,51.10,92.00,0
22:49:44,38.992649,-76.938942,50.50,97.00,0
22:49:45,38.992653,-76.938950,50.50,97.00,0
22:49:45,38.992653,-76.938950,50.50,104.00,0
22:49:46,38.992653,-76.938950,50.50,104.00,0
22:49:46,38.992653,-76.938950,50.40,104.00,0
22:49:47,38.992653,-76.938950,50.40,104.00,0
22:49:47,38.992653,-76.938950,50.20,104.00,0
22:49:48,38.992657,-76.938950,50.20,104.00,0
22:49:48,38.992657,-76.938950,49.90,104.00,0
22:49:49,38.992657,-76.938950,49.90,104.00,0
22:49:49,38.992657,-76.938950,49.80,104.00,0
22:49:50,38.992657,-76.938957,49.80,104.00,0
22:49:50,38.992657,-76.938957,49.60,104.00,0
22:49:51,38.992661,-76.938957,49.60,104.00,0
22:49:51,38.992661,-76.938957,49.10,104.00,0
22:49:52,38.992661,-76.938965,49.10,104.00,0
22:49:52,38.992661,-76.938965,48.90,104.00,0
22:49:53,38.992664,-76.938972,48.90,104.00,0
22:49:53,38.992664,-76.938972,48.10,104.00,0
22:49:54,38.992664,-76.938972,48.10,104.00,0
22:49:54,38.992664,-76.938972,47.70,104.00,0
22:49:55,38.992668,-76.938980,47.70,104.00,0
22:49:55,38.992668,-76.938980,47.50,104.00,0
22:49:56,38.992668,-76.938988,47.50,104.00,0
22:49:56,38.992668,-76.938988,47.30,104.00,0
22:49:57,38.992668,-76.938988,47.30,104.00,0
22:49:57,38.992668,-76.938988,47.10,107.00,0
22:49:58,38.992668,-76.938988,47.10,107.00,0
22:49:58,38.992668,-76.938988,46.90,107.00,0
22:49:59,38.992668,-76.938995,46.90,107.00,0
22:49:59,38.992668,-76.938995,46.90,107.00,0
22:50:0,38.992668,-76.938995,46.90,107.00,0
22:50:0,38.992668,-76.938995,46.90,104.00,0
22:50:1,38.992668,-76.939003,46.90,104.00,0
22:50:1,38.992668,-76.939003,46.60,104.00,0
22:50:2,38.992668,-76.939003,46.60,104.00,0
22:50:2,38.992668,-76.939003,46.50,104.00,0
22:50:3,38.992668,-76.939003,46.50,104.00,0
22:50:3,38.992668,-76.939003,46.20,104.00,0
22:50:4,38.992672,-76.939011,46.20,104.00,0
22:50:4,38.992672,-76.939011,45.90,104.00,0
22:50:5,38.992672,-76.939003,45.90,104.00,0
22:50:5,38.992672,-76.939003,46.10,104.00,0
22:50:6,38.992672,-76.939003,46.10,104.00,0
22:50:6,38.992672,-76.939003,46.10,104.00,0
22:50:7,38.992672,-76.939011,46.10,104.00,0
22:50:7,38.992672,-76.939011,45.90,105.00,0
22:50:8,38.992672,-76.939011,45.90,105.00,0
22:50:8,38.992672,-76.939011,45.60,105.00,0
22:50:9,38.992672,-76.939011,45.60,105.00,0
22:50:9,38.992672,-76.939011,45.70,105.00,0
22:50:10,38.992668,-76.939018,45.70,105.00,0
22:50:10,38.992668,-76.939018,46.10,144.00,0
22:50:11,38.992664,-76.939011,46.10,144.00,0
22:50:11,38.992664,-76.939011,46.50,128.00,0
22:50:12,38.992664,-76.939018,46.50,128.00,0
22:50:12,38.992664,-76.939018,46.60,128.00,0
22:50:13,38.992664,-76.939018,46.60,128.00,0
22:50:13,38.992664,-76.939018,46.80,128.00,0
22:50:14,38.992661,-76.939026,46.80,128.00,0
22:50:14,38.992661,-76.939026,47.10,128.00,0
22:50:15,38.992661,-76.939026,47.10,128.00,0
22:50:15,38.992661,-76.939026,47.10,128.00,0
22:50:16,38.992657,-76.939034,47.10,128.00,0
22:50:16,38.992657,-76.939034,47.20,128.00,0
22:50:17,38.992657,-76.939034,47.20,128.00,0
22:50:17,38.992657,-76.939034,47.60,128.00,0
22:50:18,38.992653,-76.939034,47.60,128.00,0
22:50:18,38.992653,-76.939034,48.20,128.00,0
22:50:19,38.992653,-76.939034,48.20,128.00,0
22:50:19,38.992653,-76.939034,48.30,144.00,0
22:50:20,38.992653,-76.939041,48.30,144.00,0
22:50:20,38.992653,-76.939041,48.30,144.00,0
22:50:21,38.992653,-76.939041,48.30,144.00,0
22:50:21,38.992653,-76.939041,48.00,144.00,0
22:50:22,38.992653,-76.939049,48.00,144.00,0
22:50:22,38.992653,-76.939049,47.50,144.00,0
22:50:23,38.992657,-76.939056,47.50,144.00,0
22:50:23,38.992657,-76.939056,47.10,144.00,0
22:50:24,38.992657,-76.939056,47.10,144.00,0
22:50:24,38.992657,-76.939056,46.50,144.00,0
22:50:25,38.992661,-76.939064,46.50,144.00,0
22:50:25,38.992661,-76.939064,45.80,144.00,0
22:50:26,38.992664,-76.939072,45.80,144.00,0
22:50:26,38.992664,-76.939072,45.20,144.00,0
22:50:27,38.992664,-76.939072,45.20,144.00,0
22:50:27,38.992664,-76.939072,44.90,144.00,0
22:50:28,38.992664,-76.939072,44.90,144.00,0
22:50:28,38.992664,-76.939072,45.00,144.00,0
22:50:29,38.992664,-76.939079,45.00,144.00,0
22:50:29,38.992664,-76.939079,44.70,144.00,0
22:50:30,38.992664,-76.939079,44.70,144.00,0
22:50:30,38.992664,-76.939079,44.50,144.00,0
22:50:31,38.992664,-76.939079,44.50,144.00,0
22:50:31,38.992664,-76.939079,44.30,144.00,0
22:50:32,38.992664,-76.939072,44.30,144.00,0
22:50:32,38.992664,-76.939072,44.60,129.00,0
22:50:33,38.992664,-76.939064,44.60,129.00,0
22:50:33,38.992664,-76.939064,45.20,131.00,0
22:50:34,38.992664,-76.939056,45.20,131.00,0
22:50:34,38.992664,-76.939056,45.30,119.00,0
22:50:35,38.992668,-76.939072,45.30,119.00,0
22:50:35,38.992668,-76.939072,44.40,112.00,0
22:50:36,38.992668,-76.939072,44.40,112.00,0
22:50:36,38.992668,-76.939072,43.50,112.00,0
22:50:37,38.992672,-76.939072,43.50,112.00,0
22:50:37,38.992672,-76.939072,42.80,112.00,0
22:50:38,38.992672,-76.939072,42.80,112.00,0
22:50:38,38.992672,-76.939072,42.30,122.00,0
22:50:39,38.992676,-76.939079,42.30,122.00,0
22:50:39,38.992676,-76.939079,41.70,117.00,0
22:50:40,38.992676,-76.939079,41.70,117.00,0
22:50:40,38.992676,-76.939079,41.30,117.00,0
22:50:41,38.992680,-76.939079,41.30,117.00,0
22:50:41,38.992680,-76.939079,40.90,122.00,0
22:50:42,38.992680,-76.939079,40.90,122.00,0
22:50:42,38.992680,-76.939079,40.50,122.00,0
22:50:43,38.992680,-76.939087,40.50,122.00,0
22:50:43,38.992680,-76.939087,39.90,122.00,0
22:50:44,38.992683,-76.939087,39.90,122.00,0
22:50:44,38.992683,-76.939087,39.50,122.00,0
22:50:45,38.992683,-76.939087,39.50,122.00,0
22:50:45,38.992683,-76.939087,39.10,94.00,0
22:50:46,38.992687,-76.939087,39.10,94.00,0
22:50:46,38.992687,-76.939087,38.60,88.00,0
22:50:47,38.992687,-76.939095,38.60,88.00,0
22:50:47,38.992687,-76.939095,38.40,95.00,0
22:50:48,38.992687,-76.939087,38.40,95.00,0
22:50:48,38.992687,-76.939087,38.10,88.00,0
22:50:49,38.992691,-76.939095,38.10,88.00,0
22:50:49,38.992691,-76.939095,37.70,88.00,0
22:50:50,38.992691,-76.939095,37.70,88.00,0
22:50:50,38.992691,-76.939095,37.60,95.00,0
22:50:51,38.992691,-76.939095,37.60,95.00,0
22:50:51,38.992691,-76.939095,37.30,88.00,0
22:50:52,38.992695,-76.939095,37.30,88.00,0
22:50:52,38.992695,-76.939095,37.20,95.00,0
22:50:53,38.992691,-76.939095,37.20,95.00,0
22:50:53,38.992691,-76.939095,37.30,94.00,0
22:50:54,38.992691,-76.939095,37.30,94.00,0
22:50:54,38.992691,-76.939095,37.30,94.00,0
22:50:55,38.992691,-76.939095,37.30,94.00,0
22:50:55,38.992691,-76.939095,37.20,88.00,0
22:50:56,38.992695,-76.939095,37.20,88.00,0
22:50:56,38.992695,-76.939095,36.80,97.00,0
22:50:57,38.992695,-76.939095,36.80,97.00,0
22:50:57,38.992695,-76.939095,36.80,88.00,0
22:50:58,38.992695,-76.939095,36.80,88.00,0
22:50:58,38.992695,-76.939095,36.80,88.00,0
22:50:59,38.992695,-76.939095,36.80,88.00,0
22:50:59,38.992695,-76.939095,37.10,102.00,0
22:51:0,38.992695,-76.939095,37.10,102.00,0
22:51:0,38.992695,-76.939095,37.40,94.00,0
22:51:1,38.992695,-76.939095,37.40,94.00,0
22:51:1,38.992695,-76.939095,37.80,94.00,0
22:51:2,38.992691,-76.939095,37.80,94.00,0
22:51:2,38.992691,-76.939095,38.00,177.00,0
22:51:3,38.992695,-76.939102,38.00,177.00,0
22:51:3,38.992695,-76.939102,38.00,177.00,0
22:51:4,38.992691,-76.939095,38.00,177.00,0
22:51:4,38.992691,-76.939095,38.40,126.00,0
22:51:5,38.992691,-76.939087,38.40,126.00,0
22:51:5,38.992691,-76.939087,38.80,126.00,0
22:51:6,38.992691,-76.939087,38.80,126.00,0
22:51:6,38.992691,-76.939087,39.00,126.00,0
22:51:7,38.992691,-76.939079,39.00,126.00,0
22:51:7,38.992691,-76.939079,39.10,117.00,0
22:51:8,38.992691,-76.939079,39.10,117.00,0
22:51:8,38.992691,-76.939079,39.30,126.00,0
22:51:9,38.992691,-76.939079,39.30,126.00,0
22:51:9,38.992691,-76.939079,39.30,100.00,0
22:51:10,38.992691,-76.939079,39.30,100.00,0
22:51:10,38.992691,-76.939079,39.30,97.00,0
22:51:11,38.992695,-76.939072,39.30,97.00,0
22:51:11,38.992695,-76.939072,39.20,117.00,0
22:51:12,38.992695,-76.939079,39.20,117.00,0
22:51:12,38.992695,-76.939079,39.10,95.00,0
22:51:13,38.992695,-76.939079,39.10,95.00,0
22:51:13,38.992695,-76.939079,39.10,95.00,0
22:51:14,38.992695,-76.939079,39.10,95.00,0
22:51:14,38.992695,-76.939079,38.90,114.00,0
22:51:15,38.992695,-76.939087,38.90,114.00,0
22:51:15,38.992695,-76.939087,38.80,93.00,0
22:51:16,38.992695,-76.939087,38.80,93.00,0
22:51:16,38.992695,-76.939087,38.60,93.00,0
22:51:17,38.992695,-76.939095,38.60,93.00,0
22:51:17,38.992695,-76.939095,38.70,145.00,0
22:51:18,38.992695,-76.939095,38.70,145.00,0
22:51:18,38.992695,-76.939095,38.80,93.00,0
22:51:19,38.992695,-76.939087,38.80,93.00,0
22:51:19,38.992695,-76.939087,39.10,94.00,0
22:51:20,38.992695,-76.939087,39.10,94.00,0
22:51:20,38.992695,-76.939087,39.00,89.00,0
22:51:21,38.992695,-76.939087,39.00,89.00,0
22:51:21,38.992695,-76.939087,39.00,109.00,0
22:51:22,38.992695,-76.939087,39.00,109.00,0
22:51:22,38.992695,-76.939087,38.80,93.00,0
22:51:23,38.992699,-76.939087,38.80,93.00,0
22:51:23,38.992699,-76.939087,38.70,145.00,0
22:51:24,38.992699,-76.939095,38.70,145.00,0
22:51:24,38.992699,-76.939095,38.40,93.00,0
22:51:25,38.992699,-76.939087,38.40,93.00,0
22:51:25,38.992699,-76.939087,38.50,108.00,0
22:51:26,38.992702,-76.939087,38.50,108.00,0
22:51:26,38.992702,-76.939087,38.20,100.00,0
22:51:27,38.992702,-76.939087,38.20,100.00,0
22:51:27,38.992702,-76.939087,38.10,89.00,0
22:51:28,38.992702,-76.939087,38.10,89.00,0
22:51:28,38.992702,-76.939087,38.10,89.00,0
22:51:29,38.992702,-76.939087,38.10,89.00,0
22:51:29,38.992702,-76.939087,38.00,100.00,0
22:51:30,38.992702,-76.939087,38.00,100.00,0
22:51:30,38.992702,-76.939087,38.00,89.00,0
22:51:31,38.992702,-76.939087,38.00,89.00,0
22:51:31,38.992702,-76.939087,37.90,89.00,0
22:51:32,38.992702,-76.939079,37.90,89.00,0
22:51:32,38.992702,-76.939079,38.10,100.00,0
22:51:33,38.992702,-76.939079,38.10,100.00,0
22:51:33,38.992702,-76.939079,38.30,98.00,0
22:51:34,38.992702,-76.939072,38.30,98.00,0
22:51:34,38.992702,-76.939072,38.20,84.00,0
22:51:35,38.992706,-76.939072,38.20,84.00,0
22:51:35,38.992706,-76.939072,38.10,96.00,0
22:51:36,38.992706,-76.939064,38.10,96.00,0
22:51:36,38.992706,-76.939064,38.20,79.00,0
22:51:37,38.992702,-76.939056,38.20,79.00,0
22:51:37,38.992702,-76.939056,38.60,76.00,0
22:51:38,38.992702,-76.939056,38.60,76.00,0
22:51:38,38.992702,-76.939056,38.70,79.00,0
22:51:39,38.992702,-76.939049,38.70,79.00,0
22:51:39,38.992702,-76.939049,39.30,79.00,0
22:51:40,38.992699,-76.939041,39.30,79.00,0
22:51:40,38.992699,-76.939041,39.70,79.00,0
22:51:41,38.992699,-76.939034,39.70,79.00,0
22:51:41,38.992699,-76.939034,40.20,86.00,0
22:51:42,38.992699,-76.939026,40.20,86.00,0
22:51:42,38.992699,-76.939026,40.40,79.00,0
22:51:43,38.992699,-76.939026,40.40,79.00,0
22:51:43,38.992699,-76.939026,40.10,82.00,0
22:51:44,38.992702,-76.939026,40.10,82.00,0
22:51:44,38.992702,-76.939026,39.70,90.00,0
22:51:45,38.992702,-76.939018,39.70,90.00,0
22:51:45,38.992702,-76.939018,39.50,82.00,0
22:51:46,38.992702,-76.939018,39.50,82.00,0
22:51:46,38.992702,-76.939018,39.30,82.00,0
22:51:47,38.992702,-76.939018,39.30,82.00,0
22:51:47,38.992702,-76.939018,39.30,102.00,0
22:51:48,38.992702,-76.939018,39.30,102.00,0
22:51:48,38.992702,-76.939018,39.40,82.00,0
22:51:49,38.992702,-76.939018,39.40,82.00,0
22:51:49,38.992702,-76.939018,39.60,82.00,0
22:51:50,38.992702,-76.939011,39.60,82.00,0
22:51:50,38.992702,-76.939011,39.90,130.00,0
22:51:51,38.992706,-76.939011,39.90,130.00,0
22:51:51,38.992706,-76.939011,39.80,130.00,0
22:51:52,38.992706,-76.939011,39.80,130.00,0
22:51:52,38.992706,-76.939011,39.60,130.00,0
22:51:53,38.992706,-76.939011,39.60,130.00,0
22:51:53,38.992706,-76.939011,39.50,130.00,0
22:51:54,38.992710,-76.939018,39.50,130.00,0
22:51:54,38.992710,-76.939018,39.40,90.00,0
22:51:55,38.992710,-76.939018,39.40,90.00,0
22:51:55,38.992710,-76.939018,39.20,90.00,0
22:51:56,38.992714,-76.939018,39.20,90.00,0
22:51:56,38.992714,-76.939018,38.80,130.00,0
22:51:57,38.992718,-76.939018,38.80,130.00,0
22:51:57,38.992718,-76.939018,38.60,82.00,0
22:51:58,38.992718,-76.939018,38.60,82.00,0
22:51:58,38.992718,-76.939018,38.30,82.00,0
22:51:59,38.992722,-76.939026,38.30,82.00,0
22:51:59,38.992722,-76.939026,37.90,102.00,0
22:52:0,38.992725,-76.939026,37.90,102.00,0
22:52:0,38.992725,-76.939026,37.70,102.00,0
22:52:1,38.992725,-76.939026,37.70,102.00,0
22:52:1,38.992725,-76.939026,37.80,93.00,0
22:52:2,38.992725,-76.939026,37.80,93.00,0
22:52:2,38.992725,-76.939026,37.50,146.00,0
22:52:3,38.992729,-76.939034,37.50,146.00,0
22:52:3,38.992729,-76.939034,37.20,146.00,0
22:52:4,38.992729,-76.939034,37.20,146.00,0
22:52:4,38.992729,-76.939034,36.70,146.00,0
22:52:5,38.992733,-76.939034,36.70,146.00,0
22:52:5,38.992733,-76.939034,36.50,146.00,0
22:52:6,38.992729,-76.939034,36.50,146.00,0
22:52:6,38.992729,-76.939034,36.80,146.00,0
22:52:7,38.992729,-76.939034,36.80,146.00,0
22:52:7,38.992729,-76.939034,37.10,146.00,0
22:52:8,38.992725,-76.939034,37.10,146.00,0
22:52:8,38.992725,-76.939034,37.80,146.00,0
22:52:9,38.992725,-76.939026,37.80,146.00,0
22:52:9,38.992725,-76.939026,38.20,146.00,0
22:52:10,38.992725,-76.939018,38.20,146.00,0
22:52:10,38.992725,-76.939018,38.50,170.00,0
22:52:11,38.992722,-76.939018,38.50,170.00,0
22:52:11,38.992722,-76.939018,38.90,170.00,0
22:52:12,38.992722,-76.939018,38.90,170.00,0
22:52:12,38.992722,-76.939018,39.00,127.00,0
22:52:13,38.992722,-76.939018,39.00,127.00,0
22:52:13,38.992722,-76.939018,38.80,127.00,0
22:52:14,38.992722,-76.939018,38.80,127.00,0
22:52:14,38.992722,-76.939018,38.90,110.00,0
22:52:15,38.992722,-76.939018,38.90,110.00,0
22:52:15,38.992722,-76.939018,39.20,110.00,0
22:52:16,38.992722,-76.939018,39.20,110.00,0
22:52:16,38.992722,-76.939018,39.40,116.00,0
22:52:17,38.992722,-76.939018,39.40,116.00,0
22:52:17,38.992722,-76.939018,39.30,102.00,0
22:52:18,38.992722,-76.939018,39.30,102.00,0
22:52:18,38.992722,-76.939018,39.20,130.00,0
22:52:19,38.992722,-76.939018,39.20,130.00,0
22:52:19,38.992722,-76.939018,39.30,96.00,0
22:52:20,38.992722,-76.939018,39.30,96.00,0
22:52:20,38.992722,-76.939018,39.50,96.00,0
22:52:21,38.992722,-76.939011,39.50,96.00,0
22:52:21,38.992722,-76.939011,39.80,96.00,0
22:52:22,38.992722,-76.939011,39.80,96.00,0
22:52:22,38.992722,-76.939011,40.00,96.00,0
22:52:23,38.992722,-76.939011,40.00,96.00,0
22:52:23,38.992722,-76.939011,40.20,96.00,0
22:52:24,38.992722,-76.939011,40.20,96.00,0
22:52:24,38.992722,-76.939011,40.70,130.00,0
22:52:25,38.992718,-76.939011,40.70,130.00,0
22:52:25,38.992718,-76.939011,41.50,96.00,0
22:52:26,38.992718,-76.939003,41.50,96.00,0
22:52:26,38.992718,-76.939003,42.20,81.00,0
22:52:27,38.992706,-76.938988,42.20,81.00,0
22:52:27,38.992706,-76.938988,44.40,81.00,0
22:52:28,38.992706,-76.938988,44.40,81.00,0
22:52:28,38.992706,-76.938988,44.50,81.00,0
22:52:29,38.992710,-76.938988,44.50,81.00,0
22:52:29,38.992710,-76.938988,44.00,81.00,0
22:52:30,38.992714,-76.938995,44.00,81.00,0
22:52:30,38.992714,-76.938995,43.60,81.00,0
22:52:31,38.992714,-76.938995,43.60,81.00,0
22:52:31,38.992714,-76.938995,43.40,81.00,0
22:52:32,38.992718,-76.938995,43.40,81.00,0
22:52:32,38.992718,-76.938995,43.00,81.00,0
22:52:33,38.992722,-76.938995,43.00,81.00,0
22:52:33,38.992722,-76.938995,42.30,90.00,0
22:52:34,38.992725,-76.939003,42.30,90.00,0
22:52:34,38.992725,-76.939003,42.20,90.00,0
22:52:35,38.992729,-76.939003,42.20,90.00,0
22:52:35,38.992729,-76.939003,41.60,90.00,0
22:52:36,38.992729,-76.939011,41.60,90.00,0
22:52:36,38.992729,-76.939011,41.50,93.00,0
22:52:37,38.992729,-76.939011,41.50,93.00,0
22:52:37,38.992729,-76.939011,41.50,172.00,0
22:52:38,38.992729,-76.939011,41.50,172.00,0
22:52:38,38.992729,-76.939011,42.00,156.00,0
22:52:39,38.992729,-76.939011,42.00,156.00,0
22:52:39,38.992729,-76.939011,42.40,147.00,0
22:52:40,38.992725,-76.939011,42.40,147.00,0
22:52:40,38.992725,-76.939011,43.30,168.00,0
22:52:41,38.992722,-76.939011,43.30,168.00,0
22:52:41,38.992722,-76.939011,44.20,90.00,0
22:52:42,38.992718,-76.939003,44.20,90.00,0
22:52:42,38.992718,-76.939003,45.20,144.00,0
22:52:43,38.992722,-76.938995,45.20,144.00,0
22:52:43,38.992722,-76.938995,45.20,144.00,0
22:52:44,38.992722,-76.938995,45.20,144.00,0
22:52:44,38.992722,-76.938995,44.90,144.00,0
22:52:45,38.992729,-76.939003,44.90,144.00,0
22:52:45,38.992729,-76.939003,44.20,106.00,0
22:52:46,38.992733,-76.939003,44.20,106.00,0
22:52:46,38.992733,-76.939003,43.90,82.00,0
22:52:47,38.992733,-76.939003,43.90,82.00,0
22:52:47,38.992733,-76.939003,43.40,113.00,0
22:52:48,38.992741,-76.939011,43.40,113.00,0
22:52:48,38.992741,-76.939011,42.80,120.00,0
22:52:49,38.992741,-76.939011,42.80,120.00,0
22:52:49,38.992741,-76.939011,42.50,91.00,0
22:52:50,38.992744,-76.939011,42.50,91.00,0
22:52:50,38.992744,-76.939011,42.40,91.00,0
22:52:51,38.992744,-76.939011,42.20,113.00,0
22:52:52,38.992748,-76.939018,42.20,113.00,0
22:52:52,38.992748,-76.939018,42.00,91.00,0
22:52:53,38.992744,-76.939011,42.00,91.00,0
22:52:53,38.992744,-76.939011,42.80,91.00,0
22:52:54,38.992741,-76.939011,42.80,91.00,0
22:52:54,38.992741,-76.939011,43.70,91.00,0
22:52:55,38.992741,-76.939003,43.70,91.00,0
22:52:55,38.992741,-76.939003,43.80,91.00,0
22:52:56,38.992737,-76.939003,43.80,91.00,0
22:52:56,38.992737,-76.939003,44.10,91.00,0
22:52:57,38.992737,-76.939003,44.10,91.00,0
22:52:57,38.992737,-76.939003,44.00,91.00,0
22:52:58,38.992737,-76.939011,44.00,91.00,0
22:52:58,38.992737,-76.939011,44.20,90.00,0
22:52:59,38.992737,-76.939011,44.20,90.00,0
22:52:59,38.992737,-76.939011,43.70,90.00,0
22:53:0,38.992737,-76.939011,43.70,90.00,0
22:53:0,38.992737,-76.939011,43.90,90.00,0
22:53:1,38.992737,-76.939018,43.90,90.00,0
22:53:1,38.992737,-76.939018,43.90,90.00,0
22:53:2,38.992741,-76.939018,43.90,90.00,0
22:53:2,38.992741,-76.939018,43.20,90.00,0
22:53:3,38.992741,-76.939018,43.20,90.00,0
22:53:3,38.992741,-76.939018,43.00,109.00,0
22:53:4,38.992741,-76.939026,43.00,109.00,0
22:53:4,38.992741,-76.939026,42.90,112.00,0
22:53:5,38.992737,-76.939018,43.40,112.00,0
22:53:6,38.992737,-76.939026,43.40,112.00,0
22:53:6,38.992737,-76.939026,43.30,112.00,0
22:53:7,38.992737,-76.939026,43.30,112.00,0
22:53:7,38.992737,-76.939026,43.50,91.00,0
22:53:8,38.992733,-76.939018,43.50,91.00,0
22:53:8,38.992733,-76.939018,43.70,91.00,0
22:53:9,38.992729,-76.939018,43.70,91.00,0
22:53:9,38.992729,-76.939018,44.20,91.00,0
22:53:10,38.992729,-76.939018,44.20,91.00,0
22:53:10,38.992729,-76.939018,44.20,91.00,0
22:53:11,38.992725,-76.939011,44.20,91.00,0
22:53:11,38.992725,-76.939011,44.50,91.00,0
22:53:12,38.992725,-76.939011,44.50,91.00,0
22:53:12,38.992725,-76.939011,44.30,91.00,0
22:53:13,38.992729,-76.939011,44.30,91.00,0
22:53:13,38.992729,-76.939011,44.00,91.00,0
22:53:14,38.992729,-76.939011,44.00,91.00,0
22:53:14,38.992729,-76.939011,44.00,91.00,0
22:53:15,38.992725,-76.939011,44.10,96.00,0
22:53:16,38.992729,-76.939003,44.10,96.00,0
22:53:16,38.992729,-76.939003,43.70,95.00,0
22:53:17,38.992729,-76.939003,43.70,95.00,0
22:53:17,38.992729,-76.939003,43.50,81.00,0
22:53:18,38.992729,-76.939003,43.50,81.00,0
22:53:18,38.992729,-76.939003,43.10,81.00,0
22:53:19,38.992733,-76.938995,43.10,81.00,0
22:53:19,38.992733,-76.938995,42.80,81.00,0
22:53:20,38.992733,-76.938995,42.80,81.00,0
22:53:20,38.992733,-76.938995,42.50,81.00,0
22:53:21,38.992733,-76.938995,42.50,81.00,0
22:53:21,38.992733,-76.938995,42.20,81.00,0
22:53:22,38.992733,-76.938988,42.20,81.00,0
22:53:22,38.992733,-76.938988,42.10,81.00,0
22:53:23,38.992733,-76.938988,42.10,81.00,0
22:53:23,38.992733,-76.938988,41.90,81.00,0
22:53:24,38.992729,-76.938988,41.90,81.00,0
22:53:24,38.992729,-76.938988,42.00,81.00,0
22:53:25,38.992729,-76.938988,42.00,81.00,0
22:53:25,38.992729,-76.938988,42.20,81.00,0
22:53:26,38.992729,-76.938980,42.20,81.00,0
22:53:26,38.992729,-76.938980,42.30,81.00,0
22:53:27,38.992729,-76.938988,42.30,81.00,0
22:53:27,38.992729,-76.938988,42.30,81.00,0
22:53:28,38.992729,-76.938980,42.30,81.00,0
22:53:28,38.992729,-76.938980,42.90,81.00,0
22:53:29,38.992725,-76.938980,42.90,81.00,0
22:53:29,38.992725,-76.938980,42.80,83.00,0
22:53:30,38.992725,-76.938980,42.80,83.00,0
22:53:30,38.992725,-76.938980,42.90,83.00,0
22:53:31,38.992729,-76.938988,42.90,83.00,0
22:53:31,38.992729,-76.938988,42.20,83.00,0
22:53:32,38.992729,-76.938988,42.20,83.00,0
22:53:32,38.992729,-76.938988,42.20,83.00,0
22:53:33,38.992729,-76.938980,42.20,83.00,0
22:53:33,38.992729,-76.938980,42.10,83.00,0
22:53:34,38.992729,-76.938980,42.10,83.00,0
22:53:35,38.992729,-76.938972,42.10,83.00,0
22:53:35,38.992729,-76.938972,42.30,83.00,0
22:53:36,38.992725,-76.938972,42.30,83.00,0
22:53:36,38.992725,-76.938972,42.80,83.00,0
22:53:37,38.992722,-76.938965,42.80,83.00,0
22:53:37,38.992722,-76.938965,43.50,83.00,0
22:53:38,38.992722,-76.938965,43.50,83.00,0
22:53:38,38.992722,-76.938965,43.60,92.00,0
22:53:39,38.992718,-76.938957,43.60,92.00,0
22:53:39,38.992718,-76.938957,44.10,102.00,0
22:53:40,38.992718,-76.938957,44.10,102.00,0
22:53:40,38.992718,-76.938957,44.60,102.00,0
22:53:41,38.992714,-76.938950,44.60,102.00,0
22:53:41,38.992714,-76.938950,45.30,102.00,0
22:53:42,38.992714,-76.938950,45.30,102.00,0
22:53:42,38.992714,-76.938950,45.70,156.00,0
22:53:43,38.992714,-76.938957,45.70,156.00,0
22:53:43,38.992714,-76.938957,45.80,92.00,0
22:53:44,38.992714,-76.938950,45.80,92.00,0
22:53:44,38.992714,-76.938950,46.20,92.00,0
22:53:45,38.992710,-76.938950,46.20,92.00,0
22:53:45,38.992710,-76.938950,46.50,156.00,0
22:53:46,38.992714,-76.938950,46.50,156.00,0
22:53:46,38.992714,-76.938950,46.40,92.00,0
22:53:47,38.992710,-76.938950,46.40,92.00,0
22:53:47,38.992710,-76.938950,46.70,83.00,0
22:53:48,38.992710,-76.938950,47.10,102.00,0
22:53:49,38.992714,-76.938950,47.10,102.00,0
22:53:49,38.992714,-76.938950,46.80,102.00,0
22:53:50,38.992714,-76.938950,46.80,102.00,0
22:53:50,38.992714,-76.938950,46.70,102.00,0
22:53:51,38.992714,-76.938950,46.70,102.00,0
22:53:51,38.992714,-76.938950,47.10,107.00,0
22:53:52,38.992714,-76.938942,47.10,107.00,0
22:53:52,38.992714,-76.938942,47.20,107.00,0
22:53:53,38.992714,-76.938942,47.40,107.00,0
22:53:54,38.992714,-76.938942,47.40,107.00,0
22:53:54,38.992714,-76.938942,47.70,102.00,0
22:53:55,38.992714,-76.938942,47.70,102.00,0
22:53:55,38.992714,-76.938942,47.50,102.00,0
22:53:56,38.992718,-76.938942,47.50,102.00,0
22:53:56,38.992718,-76.938942,47.30,102.00,0
22:53:57,38.992718,-76.938942,47.30,102.00,0
22:53:57,38.992718,-76.938942,47.40,102.00,0
22:53:58,38.992722,-76.938942,47.40,102.00,0
22:53:58,38.992722,-76.938942,46.70,83.00,0
22:53:59,38.992725,-76.938950,46.70,83.00,0
22:53:59,38.992725,-76.938950,46.20,83.00,0
22:54:0,38.992725,-76.938950,46.20,83.00,0
22:54:0,38.992725,-76.938950,46.30,83.00,0
22:54:1,38.992725,-76.938950,46.30,83.00,0
22:54:1,38.992725,-76.938950,46.10,83.00,0
22:54:2,38.992725,-76.938950,46.10,83.00,0
22:54:2,38.992725,-76.938950,46.00,83.00,0
22:54:3,38.992729,-76.938942,46.00,83.00,0
22:54:3,38.992729,-76.938942,46.10,85.00,0
22:54:4,38.992729,-76.938950,46.10,85.00,0
22:54:4,38.992729,-76.938950,45.90,85.00,0
22:54:5,38.992729,-76.938942,45.90,85.00,0
22:54:5,38.992729,-76.938942,46.30,85.00,0
22:54:6,38.992725,-76.938942,46.30,85.00,0
22:54:6,38.992725,-76.938942,46.60,85.00,0
22:54:7,38.992725,-76.938942,46.60,85.00,0
22:54:7,38.992725,-76.938942,46.80,85.00,0
22:54:8,38.992725,-76.938950,46.80,85.00,0
22:54:8,38.992725,-76.938950,46.80,85.00,0
22:54:9,38.992725,-76.938950,46.80,85.00,0
22:54:9,38.992725,-76.938950,47.40,85.00,0
22:54:10,38.992722,-76.938950,47.40,85.00,0
22:54:10,38.992722,-76.938950,47.80,84.00,0
22:54:11,38.992722,-76.938950,47.80,84.00,0
22:54:11,38.992722,-76.938950,48.10,84.00,0
22:54:12,38.992718,-76.938957,48.20,84.00,0
22:54:13,38.992718,-76.938957,48.20,84.00,0
22:54:13,38.992718,-76.938957,48.70,84.00,0
22:54:14,38.992714,-76.938957,48.70,84.00,0
22:54:14,38.992714,-76.938957,49.40,81.00,0
22:54:15,38.992710,-76.938957,49.40,81.00,0
22:54:15,38.992710,-76.938957,50.40,81.00,0
22:54:16,38.992702,-76.938957,50.40,81.00,0
22:54:16,38.992702,-76.938957,51.70,81.00,0
22:54:17,38.992702,-76.938957,51.70,81.00,0
22:54:17,38.992702,-76.938957,51.90,84.00,0
22:54:18,38.992699,-76.938957,51.90,84.00,0
22:54:18,38.992699,-76.938957,52.70,84.00,0
22:54:19,38.992695,-76.938957,52.70,84.00,0
22:54:19,38.992695,-76.938957,53.30,81.00,0
22:54:20,38.992695,-76.938950,53.30,81.00,0
22:54:20,38.992695,-76.938950,53.80,81.00,0
22:54:21,38.992695,-76.938957,53.80,81.00,0
22:54:21,38.992695,-76.938957,53.70,81.00,0
22:54:22,38.992695,-76.938957,53.90,84.00,0
22:54:23,38.992695,-76.938950,53.90,84.00,0
22:54:23,38.992695,-76.938950,54.10,84.00,0
22:54:24,38.992695,-76.938950,54.10,84.00,0
22:54:24,38.992695,-76.938950,54.10,84.00,0
22:54:25,38.992695,-76.938957,54.10,84.00,0
22:54:25,38.992695,-76.938957,54.00,84.00,0
22:54:26,38.992695,-76.938957,54.00,84.00,0
22:54:26,38.992695,-76.938957,54.10,84.00,0
22:54:27,38.992695,-76.938965,54.10,84.00,0
22:54:27,38.992695,-76.938965,53.80,84.00,0
22:54:28,38.992699,-76.938965,53.80,84.00,0
22:54:28,38.992699,-76.938965,53.50,81.00,0
22:54:29,38.992699,-76.938972,53.50,81.00,0
22:54:29,38.992699,-76.938972,53.10,84.00,0
22:54:30,38.992702,-76.938972,53.10,84.00,0
22:54:30,38.992702,-76.938972,52.40,81.00,0
22:54:31,38.992702,-76.938972,52.40,81.00,0
22:54:31,38.992702,-76.938972,52.30,81.00,0
22:54:32,38.992702,-76.938972,52.30,81.00,0
22:54:32,38.992702,-76.938972,52.30,91.00,0
22:54:33,38.992702,-76.938972,52.30,91.00,0
22:54:33,38.992702,-76.938972,52.60,81.00,0
22:54:34,38.992699,-76.938972,52.60,81.00,0
22:54:34,38.992699,-76.938972,52.80,90.00,0
22:54:35,38.992699,-76.938980,52.80,90.00,0
22:54:35,38.992699,-76.938980,52.90,91.00,0
22:54:36,38.992699,-76.938980,52.90,91.00,0
22:54:36,38.992699,-76.938980,52.60,91.00,0
22:54:37,38.992699,-76.938980,52.60,91.00,0
22:54:37,38.992699,-76.938980,52.60,90.00,0
22:54:38,38.992702,-76.938988,52.60,90.00,0
22:54:38,38.992702,-76.938988,52.10,90.00,0
22:54:39,38.992702,-76.938988,52.10,90.00,0
22:54:39,38.992702,-76.938988,51.70,90.00,0
22:54:40,38.992702,-76.938988,51.70,90.00,0
22:54:40,38.992702,-76.938988,51.20,90.00,0
22:54:41,38.992702,-76.938988,51.20,90.00,0
22:54:41,38.992702,-76.938988,50.70,90.00,0
22:54:42,38.992702,-76.938988,50.70,90.00,0
22:54:42,38.992702,-76.938988,51.00,92.00,0
22:54:43,38.992702,-76.938995,51.00,92.00,0
22:54:43,38.992702,-76.938995,50.40,93.00,0
22:54:44,38.992702,-76.938995,50.40,93.00,0
22:54:44,38.992702,-76.938995,50.40,89.00,0
22:54:45,38.992699,-76.938995,50.40,89.00,0
22:54:45,38.992699,-76.938995,51.00,89.00,0
22:54:46,38.992699,-76.938995,51.40,92.00,0
22:54:47,38.992695,-76.938988,51.40,92.00,0
22:54:47,38.992695,-76.938988,51.80,93.00,0
22:54:48,38.992695,-76.938995,51.80,93.00,0
22:54:48,38.992695,-76.938995,51.50,93.00,0
22:54:49,38.992695,-76.938995,51.50,93.00,0
22:54:49,38.992695,-76.938995,51.20,85.00,0
22:54:50,38.992695,-76.939003,51.20,85.00,0
22:54:50,38.992695,-76.939003,50.20,85.00,0
22:54:51,38.992699,-76.939011,50.20,85.00,0
22:54:51,38.992699,-76.939011,49.10,92.00,0
22:54:52,38.992702,-76.939011,49.10,92.00,0
22:54:52,38.992702,-76.939011,48.20,96.00,0
22:54:53,38.992702,-76.939011,48.20,96.00,0
22:54:53,38.992702,-76.939011,47.70,93.00,0
22:54:54,38.992706,-76.939018,47.70,93.00,0
22:54:54,38.992706,-76.939018,47.20,91.00,0
22:54:55,38.992710,-76.939018,47.20,91.00,0
22:54:55,38.992710,-76.939018,46.80,95.00,0
22:54:56,38.992714,-76.939018,46.80,95.00,0
22:54:56,38.992714,-76.939018,45.70,95.00,0
22:54:57,38.992718,-76.939018,45.70,95.00,0
22:54:57,38.992718,-76.939018,45.30,95.00,0
22:54:58,38.992722,-76.939011,45.30,95.00,0
22:54:58,38.992722,-76.939011,45.00,97.00,0
22:54:59,38.992725,-76.939011,45.00,97.00,0
22:54:59,38.992725,-76.939011,44.90,89.00,0
22:55:0,38.992725,-76.939011,45.30,89.00,0
22:55:1,38.992725,-76.939003,45.30,89.00,0
22:55:1,38.992725,-76.939003,45.30,81.00,0
22:55:2,38.992729,-76.938995,45.30,81.00,0
22:55:2,38.992729,-76.938995,45.30,81.00,0
22:55:3,38.992729,-76.938995,45.30,81.00,0
22:55:3,38.992729,-76.938995,45.30,81.00,0
22:55:4,38.992733,-76.938995,45.30,81.00,0
22:55:4,38.992733,-76.938995,44.90,83.00,0
22:55:5,38.992733,-76.938988,44.90,83.00,0
22:55:5,38.992733,-76.938988,45.00,81.00,0
22:55:6,38.992733,-76.938988,45.00,81.00,0
22:55:6,38.992733,-76.938988,45.10,81.00,0
22:55:7,38.992737,-76.938988,45.10,81.00,0
22:55:7,38.992737,-76.938988,44.40,81.00,0
22:55:8,38.992741,-76.938988,44.40,81.00,0
22:55:8,38.992741,-76.938988,43.70,81.00,0
22:55:9,38.992741,-76.938988,43.70,81.00,0
22:55:9,38.992741,-76.938988,43.60,81.00,0
22:55:10,38.992744,-76.938988,43.20,81.00,0
22:55:11,38.992744,-76.938980,43.20,81.00,0
22:55:11,38.992744,-76.938980,43.00,81.00,0
22:55:12,38.992748,-76.938980,43.00,81.00,0
22:55:12,38.992748,-76.938980,42.50,81.00,0
22:55:13,38.992748,-76.938980,42.50,81.00,0
22:55:13,38.992748,-76.938980,42.40,83.00,0
22:55:14,38.992748,-76.938980,42.40,83.00,0
22:55:14,38.992748,-76.938980,42.10,81.00,0
22:55:15,38.992752,-76.938980,42.10,81.00,0
22:55:15,38.992752,-76.938980,41.40,81.00,0
22:55:16,38.992756,-76.938988,41.40,81.00,0
22:55:16,38.992756,-76.938988,40.80,81.00,0
22:55:17,38.992756,-76.938988,40.80,81.00,0
22:55:17,38.992756,-76.938988,40.30,81.00,0
22:55:18,38.992756,-76.938988,40.30,81.00,0
22:55:18,38.992756,-76.938988,40.50,81.00,0
22:55:19,38.992756,-76.938988,40.50,81.00,0
22:55:19,38.992756,-76.938988,40.30,81.00,0
22:55:20,38.992756,-76.938988,40.30,81.00,0
22:55:20,38.992756,-76.938988,40.00,82.00,0
22:55:21,38.992756,-76.938988,40.00,82.00,0
22:55:21,38.992756,-76.938988,40.60,82.00,0
22:55:22,38.992752,-76.938980,40.60,82.00,0
22:55:22,38.992752,-76.938980,41.00,82.00,0
22:55:23,38.992756,-76.938988,41.00,82.00,0
22:55:23,38.992756,-76.938988,40.80,82.00,0
22:55:24,38.992760,-76.938995,40.00,82.00,0
22:55:25,38.992760,-76.939011,40.00,82.00,0
22:55:25,38.992760,-76.939011,39.00,84.00,0
22:55:26,38.992767,-76.939018,39.00,84.00,0
22:55:26,38.992767,-76.939018,37.40,82.00,0
22:55:27,38.992767,-76.939018,37.40,82.00,0
22:55:27,38.992767,-76.939018,37.40,82.00,0
22:55:28,38.992764,-76.939011,37.40,82.00,0
22:55:28,38.992764,-76.939011,38.00,84.00,0
22:55:29,38.992764,-76.939011,38.00,84.00,0
22:55:29,38.992764,-76.939011,38.50,82.00,0
22:55:30,38.992764,-76.939011,38.50,82.00,0
22:55:30,38.992764,-76.939011,38.30,82.00,0
22:55:31,38.992764,-76.939011,38.30,82.00,0
22:55:31,38.992764,-76.939011,38.20,82.00,0
22:55:32,38.992764,-76.939011,38.20,82.00,0
22:55:32,38.992764,-76.939011,38.20,82.00,0
22:55:33,38.992764,-76.939011,38.20,82.00,0
22:55:33,38.992764,-76.939011,38.10,82.00,0
22:55:34,38.992764,-76.939011,38.10,82.00,0
22:55:34,38.992764,-76.939011,38.10,82.00,0
22:55:35,38.992764,-76.939011,38.10,82.00,0
22:55:35,38.992764,-76.939011,37.90,82.00,0
22:55:36,38.992764,-76.939011,37.90,82.00,0
22:55:36,38.992764,-76.939011,37.60,82.00,0
22:55:37,38.992764,-76.939011,37.60,82.00,0
22:55:37,38.992764,-76.939011,37.70,82.00,0
22:55:38,38.992764,-76.939003,37.70,82.00,0
22:55:38,38.992764,-76.939003,38.30,82.00,0
22:55:39,38.992764,-76.939003,38.30,82.00,0
22:55:39,38.992764,-76.939003,38.00,81.00,0
22:55:40,38.992764,-76.939011,38.00,81.00,0
22:55:40,38.992764,-76.939011,37.70,83.00,0
22:55:41,38.992764,-76.939003,37.70,83.00,0
22:55:41,38.992764,-76.939003,37.90,83.00,0
22:55:42,38.992764,-76.939003,37.90,83.00,0
22:55:42,38.992764,-76.939003,37.90,83.00,0
22:55:43,38.992760,-76.938995,38.90,83.00,0
22:55:44,38.992760,-76.938995,38.90,83.00,0
22:55:44,38.992760,-76.938995,38.80,89.00,0
22:55:45,38.992764,-76.939003,38.80,89.00,0
22:55:45,38.992764,-76.939003,38.50,91.00,0
22:55:46,38.992764,-76.939011,38.50,91.00,0
22:55:46,38.992764,-76.939011,37.70,94.00,0
22:55:47,38.992764,-76.939018,37.70,94.00,0
22:55:47,38.992764,-76.939018,37.00,91.00,0
22:55:48,38.992764,-76.939011,37.00,91.00,0
22:55:48,38.992764,-76.939011,37.40,91.00,0
22:55:49,38.992767,-76.939018,37.40,91.00,0
22:55:49,38.992767,-76.939018,36.70,94.00,0
22:55:50,38.992767,-76.939018,36.70,94.00,0
22:55:50,38.992767,-76.939018,37.40,91.00,0
22:55:51,38.992767,-76.939018,37.40,91.00,0
22:55:51,38.992767,-76.939018,36.90,91.00,0
22:55:52,38.992767,-76.939018,36.90,91.00,0
22:55:52,38.992767,-76.939018,36.90,94.00,0
22:55:53,38.992771,-76.939018,36.80,91.00,0
22:55:54,38.992771,-76.939018,36.80,91.00,0
22:55:54,38.992771,-76.939018,36.90,91.00,0
22:55:55,38.992771,-76.939026,36.90,91.00,0
22:55:55,38.992771,-76.939026,36.60,94.00,0
22:55:56,38.992771,-76.939034,36.60,94.00,0
22:55:56,38.992771,-76.939034,36.60,91.00,0
22:55:57,38.992771,-76.939034,36.60,91.00,0
22:55:57,38.992771,-76.939034,36.20,91.00,0
22:55:58,38.992771,-76.939034,36.20,91.00,0
22:55:58,38.992771,-76.939034,36.80,91.00,0
22:55:59,38.992771,-76.939034,36.80,91.00,0
22:55:59,38.992771,-76.939034,36.60,89.00,0
22:56:0,38.992775,-76.939034,36.60,89.00,0
22:56:0,38.992775,-76.939034,36.80,84.00,0
22:56:1,38.992771,-76.939034,36.80,84.00,0
22:56:1,38.992771,-76.939034,36.80,85.00,0
22:56:2,38.992771,-76.939026,36.80,85.00,0
22:56:2,38.992771,-76.939026,37.60,85.00,0
22:56:3,38.992771,-76.939018,37.60,85.00,0
22:56:3,38.992771,-76.939018,38.10,85.00,0
22:56:4,38.992767,-76.939011,38.10,85.00,0
22:56:4,38.992767,-76.939011,39.10,85.00,0
22:56:5,38.992767,-76.939011,39.10,85.00,0
22:56:5,38.992767,-76.939011,39.30,85.00,0
22:56:6,38.992767,-76.939011,39.30,85.00,0
22:56:6,38.992767,-76.939011,39.30,85.00,0
22:56:7,38.992767,-76.939011,39.10,94.00,0
22:56:8,38.992767,-76.939018,39.10,94.00,0
22:56:8,38.992767,-76.939018,38.40,83.00,0
22:56:9,38.992767,-76.939026,38.40,83.00,0
22:56:9,38.992767,-76.939026,38.00,83.00,0
22:56:10,38.992767,-76.939034,38.00,83.00,0
22:56:10,38.992767,-76.939034,38.00,84.00,0
22:56:11,38.992764,-76.939034,38.00,84.00,0
22:56:11,38.992764,-76.939034,37.60,82.00,0
22:56:12,38.992764,-76.939034,37.50,82.00,0
22:56:13,38.992764,-76.939041,37.50,82.00,0
22:56:13,38.992764,-76.939041,37.20,84.00,0
22:56:14,38.992764,-76.939049,37.20,84.00,0
22:56:14,38.992764,-76.939049,36.20,82.00,0
22:56:15,38.992764,-76.939049,36.20,82.00,0
22:56:15,38.992764,-76.939049,36.00,82.00,0
22:56:16,38.992764,-76.939049,36.00,82.00,0
22:56:16,38.992764,-76.939049,36.10,83.00,0
22:56:17,38.992764,-76.939049,36.10,83.00,0
22:56:17,38.992764,-76.939049,35.70,81.00,0
22:56:18,38.992767,-76.939056,35.70,81.00,0
22:56:18,38.992767,-76.939056,34.90,81.00,0
22:56:19,38.992767,-76.939056,34.90,81.00,0
22:56:19,38.992767,-76.939056,34.80,83.00,0
22:56:20,38.992767,-76.939056,34.80,83.00,0
22:56:20,38.992767,-76.939056,34.30,81.00,0
22:56:21,38.992767,-76.939056,34.30,81.00,0
22:56:21,38.992767,-76.939056,34.20,81.00,0
22:56:22,38.992767,-76.939056,34.20,81.00,0
22:56:22,38.992767,-76.939056,34.80,83.00,0
22:56:23,38.992767,-76.939056,34.80,83.00,0
22:56:23,38.992767,-76.939056,34.50,81.00,0
22:56:24,38.992767,-76.939056,34.50,81.00,0
22:56:24,38.992767,-76.939056,34.50,81.00,0
22:56:25,38.992771,-76.939056,34.50,81.00,0
22:56:25,38.992771,-76.939056,34.40,81.00,0
22:56:26,38.992771,-76.939056,34.40,81.00,0
22:56:26,38.992771,-76.939056,34.30,81.00,0
22:56:27,38.992771,-76.939056,34.30,81.00,0
22:56:27,38.992771,-76.939056,34.30,81.00,0
22:56:28,38.992771,-76.939056,34.30,81.00,0
22:56:28,38.992771,-76.939056,34.40,81.00,0
22:56:29,38.992771,-76.939056,34.40,81.00,0
22:56:29,38.992771,-76.939056,34.50,81.00,0
22:56:30,38.992775,-76.939056,34.50,81.00,0
22:56:30,38.992775,-76.939056,34.40,81.00,0
22:56:31,38.992779,-76.939056,34.40,81.00,0
22:56:31,38.992779,-76.939056,34.10,83.00,0
22:56:32,38.992779,-76.939064,34.10,83.00,0
22:56:32,38.992779,-76.939064,33.80,81.00,0
22:56:33,38.992779,-76.939064,33.80,81.00,0
22:56:33,38.992779,-76.939064,33.90,82.00,0
22:56:34,38.992779,-76.939064,33.90,82.00,0
22:56:34,38.992779,-76.939064,33.70,84.00,0
22:56:35,38.992783,-76.939056,33.70,84.00,0
22:56:36,38.992783,-76.939049,33.70,84.00,0
22:56:36,38.992783,-76.939049,34.20,81.00,0
22:56:37,38.992783,-76.939056,34.20,81.00,0
22:56:37,38.992783,-76.939056,33.90,82.00,0
22:56:38,38.992783,-76.939056,33.90,82.00,0
22:56:38,38.992783,-76.939056,33.60,82.00,0
22:56:39,38.992783,-76.939056,33.90,82.00,0
22:56:40,38.992783,-76.939049,33.90,82.00,0
22:56:40,38.992783,-76.939049,34.20,82.00,0
22:56:41,38.992783,-76.939049,34.20,82.00,0
22:56:41,38.992783,-76.939049,34.10,91.00,0
22:56:42,38.992783,-76.939049,34.10,91.00,0
22:56:42,38.992783,-76.939049,34.30,82.00,0
INIT_GPS_LOG
22:56:55,38.992775,-76.939041,0.00,0.00,0
22:56:55,38.992775,-76.939041,36.30,85.00,0
22:56:56,38.992771,-76.939041,36.30,85.00,0
22:56:56,38.992771,-76.939041,36.30,85.00,0
22:56:57,38.992771,-76.939041,36.30,85.00,0
22:56:57,38.992771,-76.939041,35.90,85.00,0
22:56:58,38.992771,-76.939041,35.90,85.00,0
22:56:58,38.992771,-76.939041,36.40,79.00,0
22:56:59,38.992771,-76.939034,36.40,79.00,0
22:56:59,38.992771,-76.939034,36.20,79.00,0
22:57:0,38.992775,-76.939034,36.20,79.00,0
22:57:0,38.992775,-76.939034,35.80,79.00,0
22:57:1,38.992775,-76.939041,35.80,79.00,0
22:57:1,38.992775,-76.939041,35.30,81.00,0
22:57:2,38.992775,-76.939041,35.30,81.00,0
22:57:2,38.992775,-76.939041,35.20,85.00,0
22:57:3,38.992775,-76.939041,35.20,85.00,0
22:57:3,38.992775,-76.939041,35.40,85.00,0
22:57:4,38.992771,-76.939041,35.40,85.00,0
22:57:4,38.992771,-76.939041,35.70,85.00,0
22:57:5,38.992767,-76.939041,35.70,85.00,0
22:57:5,38.992767,-76.939041,35.70,85.00,0
22:57:6,38.992767,-76.939041,35.70,85.00,0
22:57:6,38.992767,-76.939041,35.60,85.00,0
22:57:7,38.992767,-76.939041,35.60,85.00,0
22:57:7,38.992767,-76.939041,35.60,79.00,0
22:57:8,38.992767,-76.939049,35.60,79.00,0
22:57:8,38.992767,-76.939049,35.30,85.00,0
22:57:9,38.992764,-76.939049,35.30,85.00,0
22:57:9,38.992764,-76.939049,35.40,85.00,0
22:57:10,38.992764,-76.939049,35.40,85.00,0
22:57:10,38.992764,-76.939049,35.40,85.00,0
22:57:11,38.992767,-76.939049,35.40,85.00,0
22:57:11,38.992767,-76.939049,35.20,85.00,0
22:57:12,38.992767,-76.939049,35.20,85.00,0
22:57:12,38.992767,-76.939049,35.00,85.00,0
22:57:13,38.992767,-76.939056,35.00,85.00,0
22:57:13,38.992767,-76.939056,34.50,90.00,0
22:57:14,38.992767,-76.939056,34.50,90.00,0
22:57:14,38.992767,-76.939056,34.10,85.00,0
22:57:15,38.992771,-76.939056,34.10,85.00,0
22:57:15,38.992771,-76.939056,33.90,79.00,0
22:57:16,38.992771,-76.939064,33.90,79.00,0
22:57:16,38.992771,-76.939064,33.70,79.00,0
22:57:17,38.992771,-76.939064,33.70,79.00,0
22:57:17,38.992771,-76.939064,33.60,79.00,0
22:57:18,38.992771,-76.939064,33.60,79.00,0
22:57:18,38.992771,-76.939064,33.40,79.00,0
22:57:19,38.992771,-76.939064,33.40,79.00,0
22:57:19,38.992771,-76.939064,33.40,81.00,0
22:57:20,38.992771,-76.939064,33.40,81.00,0
22:57:20,38.992771,-76.939064,33.40,79.00,0
22:57:21,38.992775,-76.939064,33.40,79.00,0
22:57:21,38.992775,-76.939064,33.10,79.00,0
22:57:22,38.992779,-76.939064,33.10,79.00,0
22:57:22,38.992779,-76.939064,33.10,79.00,0
22:57:23,38.992779,-76.939064,33.10,79.00,0
22:57:23,38.992779,-76.939064,33.60,79.00,0
22:57:24,38.992779,-76.939064,33.60,79.00,0
22:57:24,38.992779,-76.939064,33.70,79.00,0
22:57:25,38.992779,-76.939064,33.70,79.00,0
22:57:25,38.992779,-76.939064,34.30,79.00,0
22:57:26,38.992779,-76.939064,34.30,79.00,0
22:57:26,38.992779,-76.939064,34.90,79.00,0
22:57:27,38.992779,-76.939064,34.90,79.00,0
22:57:27,38.992779,-76.939064,35.20,79.00,0
22:57:28,38.992779,-76.939064,35.20,79.00,0
22:57:28,38.992779,-76.939064,35.50,79.00,0
22:57:38,38.992779,-76.939079,37.80,94.00,0
22:57:39,38.992779,-76.939079,37.80,94.00,0
22:57:39,38.992779,-76.939079,38.10,114.00,0
22:57:40,38.992783,-76.939072,38.10,114.00,0
22:57:40,38.992783,-76.939072,38.70,114.00,0
22:57:41,38.992783,-76.939072,38.70,114.00,0
22:57:41,38.992783,-76.939072,38.70,99.00,0
22:57:42,38.992783,-76.939072,38.70,99.00,0
22:57:42,38.992783,-76.939072,38.30,99.00,0
22:57:43,38.992786,-76.939072,38.30,99.00,0
22:57:43,38.992786,-76.939072,38.10,99.00,0
22:57:44,38.992783,-76.939072,38.10,99.00,0
22:57:44,38.992783,-76.939072,38.50,99.00,0
22:57:45,38.992783,-76.939064,38.50,99.00,0
22:57:45,38.992783,-76.939064,39.00,99.00,0
22:57:46,38.992783,-76.939064,39.00,99.00,0
22:57:46,38.992783,-76.939064,39.60,101.00,0
22:57:47,38.992783,-76.939064,39.60,101.00,0
22:57:47,38.992783,-76.939064,39.50,101.00,0
22:57:48,38.992786,-76.939064,39.50,101.00,0
22:57:48,38.992786,-76.939064,39.60,99.00,0
22:57:49,38.992786,-76.939064,39.60,99.00,0
22:57:49,38.992786,-76.939064,39.70,84.00,0
22:57:50,38.992786,-76.939056,39.70,84.00,0
22:57:50,38.992786,-76.939056,39.70,84.00,0
22:57:51,38.992790,-76.939056,39.70,84.00,0
22:57:51,38.992790,-76.939056,39.50,84.00,0
22:57:52,38.992794,-76.939064,39.50,84.00,0
22:57:52,38.992794,-76.939064,39.30,84.00,0
22:57:53,38.992794,-76.939064,39.30,84.00,0
22:57:53,38.992794,-76.939064,39.10,91.00,0
22:57:54,38.992794,-76.939064,39.10,91.00,0
22:57:54,38.992794,-76.939064,39.00,91.00,0
22:57:55,38.992794,-76.939064,39.00,91.00,0
22:57:55,38.992794,-76.939064,39.20,111.00,0
22:57:56,38.992798,-76.939064,39.20,111.00,0
22:57:56,38.992798,-76.939064,39.10,91.00,0
22:57:57,38.992794,-76.939064,39.10,91.00,0
22:57:57,38.992794,-76.939064,39.30,91.00,0
22:57:58,38.992798,-76.939072,39.30,91.00,0
22:57:58,38.992798,-76.939072,38.90,91.00,0
22:57:59,38.992798,-76.939072,38.90,91.00,0
22:57:59,38.992798,-76.939072,38.70,91.00,0
22:58:0,38.992798,-76.939072,38.70,91.00,0
22:58:0,38.992798,-76.939072,38.50,91.00,0
22:58:1,38.992798,-76.939072,38.50,91.00,0
22:58:1,38.992798,-76.939072,38.60,91.00,0
22:58:2,38.992798,-76.939072,38.60,91.00,0
22:58:2,38.992798,-76.939072,38.60,91.00,0
22:58:3,38.992798,-76.939072,38.60,91.00,0
22:58:3,38.992798,-76.939072,38.30,91.00,0
22:58:4,38.992798,-76.939079,38.30,91.00,0
22:58:4,38.992798,-76.939079,38.10,91.00,0
22:58:5,38.992798,-76.939079,38.10,91.00,0
22:58:5,38.992798,-76.939079,38.00,91.00,0
22:58:6,38.992798,-76.939087,38.00,91.00,0
22:58:6,38.992798,-76.939087,38.00,91.00,0
22:58:7,38.992798,-76.939087,38.00,91.00,0
22:58:7,38.992798,-76.939087,38.10,91.00,0
22:58:8,38.992798,-76.939087,38.10,91.00,0
22:58:8,38.992798,-76.939087,38.30,97.00,0
22:58:9,38.992798,-76.939079,38.30,97.00,0
22:58:9,38.992798,-76.939079,38.60,91.00,0
22:58:10,38.992794,-76.939079,38.60,91.00,0
22:58:10,38.992794,-76.939079,39.00,91.00,0
22:58:11,38.992794,-76.939079,39.00,91.00,0
22:58:11,38.992794,-76.939079,39.40,91.00,0
22:58:12,38.992790,-76.939079,39.40,91.00,0
22:58:12,38.992790,-76.939079,39.90,91.00,0
22:58:13,38.992790,-76.939072,39.90,91.00,0
22:58:13,38.992790,-76.939072,40.30,91.00,0
22:58:14,38.992786,-76.939072,40.30,91.00,0
22:58:14,38.992786,-76.939072,40.60,91.00,0
22:58:15,38.992786,-76.939072,40.60,91.00,0
22:58:15,38.992786,-76.939072,40.90,91.00,0
22:58:16,38.992783,-76.939072,40.90,91.00,0
22:58:16,38.992783,-76.939072,41.30,91.00,0
22:58:17,38.992783,-76.939064,41.30,91.00,0
22:58:17,38.992783,-76.939064,41.70,91.00,0
22:58:18,38.992783,-76.939064,41.70,91.00,0
22:58:18,38.992783,-76.939064,41.80,91.00,0
22:58:19,38.992783,-76.939064,41.80,91.00,0
22:58:19,38.992783,-76.939064,42.10,91.00,0
22:58:20,38.992783,-76.939056,42.10,91.00,0
22:58:20,38.992783,-76.939056,42.40,84.00,0
22:58:21,38.992783,-76.939049,42.40,84.00,0
22:58:21,38.992783,-76.939049,43.20,84.00,0
22:58:22,38.992783,-76.939049,43.20,84.00,0
22:58:22,38.992783,-76.939049,43.80,84.00,0
22:58:23,38.992783,-76.939041,43.80,84.00,0
22:58:23,38.992783,-76.939041,44.10,99.00,0
22:58:24,38.992783,-76.939041,44.10,99.00,0
22:58:24,38.992783,-76.939041,44.40,99.00,0
22:58:25,38.992783,-76.939049,44.40,99.00,0
22:58:25,38.992783,-76.939049,44.20,84.00,0
22:58:26,38.992783,-76.939049,44.20,84.00,0
22:58:26,38.992783,-76.939049,44.60,84.00,0
22:58:27,38.992783,-76.939049,44.60,84.00,0
22:58:27,38.992783,-76.939049,44.50,89.00,0
22:58:28,38.992783,-76.939049,44.50,89.00,0
22:58:28,38.992783,-76.939049,44.40,84.00,0
22:58:29,38.992783,-76.939056,44.40,84.00,0
22:58:29,38.992783,-76.939056,44.10,79.00,0
22:58:30,38.992786,-76.939072,44.10,79.00,0
22:58:30,38.992786,-76.939072,43.00,79.00,0
22:58:31,38.992790,-76.939079,43.00,79.00,0
22:58:31,38.992790,-76.939079,42.40,84.00,0
22:58:32,38.992790,-76.939079,42.40,84.00,0
22:58:32,38.992790,-76.939079,42.40,89.00,0
22:58:33,38.992790,-76.939079,42.40,89.00,0
22:58:33,38.992790,-76.939079,42.30,89.00,0
22:58:34,38.992790,-76.939079,42.30,89.00,0
22:58:34,38.992790,-76.939079,42.70,91.00,0
22:58:35,38.992790,-76.939079,42.70,91.00,0
22:58:35,38.992790,-76.939079,42.80,89.00,0
22:58:36,38.992794,-76.939079,42.80,89.00,0
22:58:36,38.992794,-76.939079,42.70,91.00,0
22:58:37,38.992794,-76.939079,42.70,91.00,0
22:58:37,38.992794,-76.939079,42.40,84.00,0
22:58:38,38.992794,-76.939079,42.40,84.00,0
22:58:38,38.992794,-76.939079,42.70,84.00,0
22:58:39,38.992794,-76.939072,42.70,84.00,0
22:58:39,38.992794,-76.939072,42.70,84.00,0
22:58:40,38.992798,-76.939072,42.70,84.00,0
22:58:40,38.992798,-76.939072,42.90,99.00,0
22:58:41,38.992798,-76.939072,42.90,99.00,0
22:58:41,38.992798,-76.939072,42.80,99.00,0
22:58:42,38.992802,-76.939072,42.80,99.00,0
22:58:42,38.992802,-76.939072,42.80,99.00,0
22:58:43,38.992805,-76.939064,42.80,99.00,0
22:58:43,38.992805,-76.939064,42.80,84.00,0
22:58:44,38.992809,-76.939064,42.80,84.00,0
22:58:44,38.992809,-76.939064,42.50,84.00,0
22:58:45,38.992813,-76.939064,42.50,84.00,0
22:58:45,38.992813,-76.939064,42.40,84.00,0
22:58:46,38.992813,-76.939064,42.40,84.00,0
22:58:46,38.992813,-76.939064,42.60,84.00,0
22:58:47,38.992813,-76.939064,42.60,84.00,0
22:58:47,38.992813,-76.939064,42.80,84.00,0
22:58:48,38.992813,-76.939056,42.80,84.00,0
22:58:48,38.992813,-76.939056,42.80,84.00,0
22:58:49,38.992817,-76.939049,42.80,84.00,0
22:58:49,38.992817,-76.939049,43.20,84.00,0
22:58:50,38.992817,-76.939049,43.20,84.00,0
22:58:50,38.992817,-76.939049,43.10,84.00,0
22:58:51,38.992817,-76.939056,43.10,84.00,0
22:58:51,38.992817,-76.939056,42.70,84.00,0
22:58:52,38.992813,-76.939056,42.70,84.00,0
22:58:52,38.992813,-76.939056,42.60,84.00,0
22:58:53,38.992813,-76.939056,42.60,84.00,0
22:58:53,38.992813,-76.939056,42.40,84.00,0
22:58:54,38.992813,-76.939056,42.40,84.00,0
22:58:54,38.992813,-76.939056,42.20,84.00,0
22:58:55,38.992809,-76.939056,42.20,84.00,0
22:58:55,38.992809,-76.939056,41.90,84.00,0
22:58:56,38.992809,-76.939064,41.90,84.00,0
22:58:56,38.992809,-76.939064,40.90,84.00,0
22:58:57,38.992805,-76.939064,40.90,84.00,0
22:58:57,38.992805,-76.939064,41.30,84.00,0
22:58:58,38.992802,-76.939064,41.30,84.00,0
22:58:58,38.992802,-76.939064,40.70,89.00,0
22:58:59,38.992802,-76.939064,40.70,89.00,0
22:58:59,38.992802,-76.939064,40.00,89.00,0
22:59:0,38.992802,-76.939072,40.00,89.00,0
22:59:0,38.992802,-76.939072,39.40,84.00,0
22:59:1,38.992802,-76.939072,39.40,84.00,0
22:59:1,38.992802,-76.939072,38.70,79.00,0
22:59:2,38.992798,-76.939064,38.70,79.00,0
22:59:2,38.992798,-76.939064,39.10,79.00,0
22:59:3,38.992798,-76.939064,39.10,79.00,0
22:59:3,38.992798,-76.939064,39.00,79.00,0
22:59:4,38.992794,-76.939064,39.00,79.00,0
22:59:4,38.992794,-76.939064,38.70,82.00,0
22:59:5,38.992794,-76.939064,38.70,82.00,0
22:59:5,38.992794,-76.939064,37.80,82.00,0
22:59:6,38.992790,-76.939072,37.80,82.00,0
22:59:6,38.992790,-76.939072,37.50,88.00,0
22:59:7,38.992786,-76.939064,37.50,88.00,0
22:59:7,38.992786,-76.939064,37.30,88.00,0
22:59:8,38.992786,-76.939064,37.30,88.00,0
22:59:8,38.992786,-76.939064,37.50,87.00,0
22:59:9,38.992783,-76.939056,37.50,87.00,0
22:59:9,38.992783,-76.939056,37.90,102.00,0
22:59:10,38.992779,-76.939049,37.90,102.00,0
22:59:10,38.992779,-76.939049,38.10,87.00,0
22:59:11,38.992779,-76.939049,38.10,87.00,0
22:59:11,38.992779,-76.939049,38.40,87.00,0
22:59:12,38.992775,-76.939034,38.40,87.00,0
22:59:12,38.992775,-76.939034,39.20,102.00,0
22:59:13,38.992771,-76.939034,39.20,102.00,0
22:59:13,38.992771,-76.939034,39.10,87.00,0
22:59:14,38.992767,-76.939026,39.10,87.00,0
22:59:14,38.992767,-76.939026,39.90,87.00,0
22:59:15,38.992764,-76.939026,39.90,87.00,0
22:59:15,38.992764,-76.939026,39.60,102.00,0
22:59:16,38.992760,-76.939018,39.60,102.00,0
22:59:16,38.992760,-76.939018,39.90,87.00,0
22:59:17,38.992756,-76.939011,39.90,87.00,0
22:59:17,38.992756,-76.939011,40.50,87.00,0
22:59:18,38.992752,-76.939018,40.50,87.00,0
22:59:18,38.992752,-76.939018,39.50,92.00,0
22:59:19,38.992748,-76.939018,39.50,92.00,0
22:59:19,38.992748,-76.939018,38.90,79.00,0
22:59:20,38.992748,-76.939011,38.90,79.00,0
22:59:20,38.992748,-76.939011,39.60,86.00,0
22:59:21,38.992744,-76.939003,39.60,86.00,0
22:59:21,38.992744,-76.939003,40.50,86.00,0
22:59:22,38.992744,-76.938995,40.50,86.00,0
22:59:22,38.992744,-76.938995,40.70,86.00,0
22:59:23,38.992741,-76.938995,40.70,86.00,0
22:59:23,38.992741,-76.938995,41.00,86.00,0
22:59:24,38.992741,-76.938995,41.00,86.00,0
22:59:24,38.992741,-76.938995,40.60,92.00,0
22:59:25,38.992737,-76.938995,40.60,92.00,0
22:59:25,38.992737,-76.938995,40.20,79.00,0
22:59:26,38.992733,-76.938995,40.20,79.00,0
22:59:26,38.992733,-76.938995,40.20,92.00,0
22:59:27,38.992729,-76.938988,40.20,92.00,0
22:59:27,38.992729,-76.938988,40.30,92.00,0
22:59:28,38.992729,-76.938988,40.30,92.00,0
22:59:28,38.992729,-76.938988,40.30,79.00,0
22:59:29,38.992725,-76.938988,40.30,79.00,0
22:59:29,38.992725,-76.938988,40.00,79.00,0
22:59:30,38.992725,-76.938988,40.00,79.00,0
22:59:30,38.992725,-76.938988,39.20,79.00,0
22:59:31,38.992725,-76.938995,39.20,79.00,0
22:59:31,38.992725,-76.938995,38.40,79.00,0
22:59:32,38.992729,-76.938995,38.40,79.00,0
22:59:32,38.992729,-76.938995,37.80,92.00,0
22:59:33,38.992725,-76.938995,37.80,92.00,0
22:59:33,38.992725,-76.938995,37.50,79.00,0
22:59:34,38.992725,-76.938995,37.50,79.00,0
22:59:34,38.992725,-76.938995,37.50,79.00,0
