INIT_LOG_LOG
GotLock
sendSBDText failed: error 7
Try again with a better view of the sky.
163533,39.3838,-76.9701,153Loop Sending
SBD send receive completed with return code: 7
163851,39.3836,-76.9700,155Loop Sending
SBD send receive completed with return code: 7
164525,39.3831,-76.9740,189Loop Sending
SBD send receive completed with return code: 7
164908,39.3791,-76.9756,181Loop Sending
SBD send receive completed with return code: 7
165508,39.3790,-76.9754,177Loop Sending
SBD send receive completed with return code: 0
165655,39.3790,-76.9754,179Loop Sending
SBD send receive completed with return code: 7
INIT_LOG_LOG
INIT_LOG_LOG
GotLock
INIT_LOG_LOG
GotLock
Success, sent = 172117,38.9932,-76.9391,12
172137,38.9932,-76.9391,15Loop Sending
SBD send receive completed with return code: 0
172243,38.9932,-76.9392,57Loop Sending
SBD send receive completed with return code: 0
172348,38.9932,-76.9391,17Loop Sending
SBD send receive completed with return code: 0
172452,38.9932,-76.9391,16Loop Sending
SBD send receive completed with return code: 0
SET_RATE_NORM
DownAttempt: ,rN
172958,38.9931,-76.9392,19,rNLoop Sending
SBD send receive completed with return code: 0
INIT_LOG_LOG
GotLock
Success, sent = 124601,39.7829,-77.3745,193
124754,39.7828,-77.3745,196Loop Sending
SBD send receive completed with return code: 0
SET_RATE_NORM
DownAttempt: ,rN
125355,39.7829,-77.3746,189,rNLoop Sending
SBD send receive completed with return code: 0
125911,39.7829,-77.3746,187Loop Sending
SBD send receive completed with return code: 0
130417,39.7828,-77.3745,184Loop Sending
SBD send receive completed with return code: 0
131028,39.7829,-77.3746,182Loop Sending
SBD send receive completed with return code: 0
131531,39.7828,-77.3746,182Loop Sending
SBD send receive completed with return code: 0
132036,39.7828,-77.3746,200Loop Sending
SBD send receive completed with return code: 0
132646,39.7843,-77.3687,1272Loop Sending
SBD send receive completed with return code: 0
133151,39.7717,-77.3495,2802Loop Sending
SBD send receive completed with return code: 0
133716,39.7647,-77.3415,4416Loop Sending
SBD send receive completed with return code: 0
134219,39.7624,-77.3233,5895Loop Sending
SBD send receive completed with return code: 0
134731,39.7587,-77.3002,7330Loop Sending
SBD send receive completed with return code: 0
135242,39.7455,-77.2708,8854Loop Sending
SBD send receive completed with return code: 0
135746,39.7282,-77.2387,10002Loop Sending
SBD send receive completed with return code: 7
140515,39.7031,-77.2044,11319Loop Sending
SBD send receive completed with return code: 0
141118,39.6889,-77.1706,12428Loop Sending
SBD send receive completed with return code: 0
141637,39.6786,-77.1320,13490Loop Sending
SBD send receive completed with return code: 0
142145,39.6566,-77.0993,14335Loop Sending
SBD send receive completed with return code: 0
142656,39.6290,-77.0676,15241Loop Sending
SBD send receive completed with return code: 0
143218,39.5993,-77.0439,16181Loop Sending
SBD send receive completed with return code: 0
143907,39.5689,-77.0303,17419Loop Sending
SBD send receive completed with return code: 0
144418,39.5498,-77.0240,18331Loop Sending
SBD send receive completed with return code: 0
144931,39.5358,-77.0176,19229Loop Sending
SBD send receive completed with return code: 0
145436,39.5332,-77.0187,20153Loop Sending
SBD send receive completed with return code: 0
150014,39.5260,-77.0173,21132Loop Sending
SBD send receive completed with return code: 0
150519,39.5146,-77.0202,22011Loop Sending
SBD send receive completed with return code: 0
151029,39.5118,-77.0263,22877Loop Sending
SBD send receive completed with return code: 0
151556,39.5114,-77.0264,23738Loop Sending
SBD send receive completed with return code: 0
152112,39.5041,-77.0349,24522Loop Sending
SBD send receive completed with return code: 0
152628,39.5002,-77.0442,25311Loop Sending
SBD send receive completed with return code: 0
153232,39.4975,-77.0633,26150Loop Sending
SBD send receive completed with return code: 0
153740,39.4958,-77.0705,26873Loop Sending
SBD send receive completed with return code: 0
154246,39.4936,-77.0710,27536Loop Sending
SBD send receive completed with return code: 0
SET_RATE_SLOW
DownAttempt: ,rS
155853,39.4596,-77.1226,29354,rSLoop Sending
SBD send receive completed with return code: 0
161359,39.4312,-77.1943,30477Loop Sending
SBD send receive completed with return code: 0
INIT_LOG_LOG
INIT_LOG_LOG
INIT_LOG_LOG
GotLock
Success, sent = 163149,39.3920,-77.1532,9669
163412,39.3880,-77.1405,8294Loop Sending
SBD send receive completed with return code: 7
163728,39.3834,-77.1306,6582Loop Sending
SBD send receive completed with return code: 0
SET_RATE_FAST
DownAttempt: ,rF
163906,39.3808,-77.1248,5798,rFLoop Sending
SBD send receive completed with return code: 7
164224,39.3780,-77.1186,4304Loop Sending
SBD send receive completed with return code: 0
164349,39.3796,-77.1184,3685Loop Sending
SBD send receive completed with return code: 0
164548,39.3789,-77.1133,2859Loop Sending
SBD send receive completed with return code: 0
164758,39.3706,-77.1069,1976Loop Sending
SBD send receive completed with return code: 0
164909,39.3688,-77.1020,1504Loop Sending
SBD send receive completed with return code: 0
165033,39.3674,-77.0987,981Loop Sending
SBD send receive completed with return code: 0
165243,39.3671,-77.0965,327Loop Sending
SBD send receive completed with return code: 0
165358,39.3675,-77.0960,223Loop Sending
SBD send receive completed with return code: 0
165612,39.3675,-77.0960,219Loop Sending
SBD send receive completed with return code: 6
165725,39.3675,-77.0960,233Loop Sending
SBD send receive completed with return code: 0
165838,39.3675,-77.0961,223Loop Sending
SBD send receive completed with return code: 0
165940,39.3675,-77.0960,228Loop Sending
SBD send receive completed with return code: 0
SET_RATE_SLOW
DownAttempt: ,rS
171501,39.3675,-77.0960,231,rSLoop Sending
SBD send receive completed with return code: 0
173101,39.3675,-77.0960,225Loop Sending
SBD send receive completed with return code: 7
175323,39.3675,-77.0960,228Loop Sending
SBD send receive completed with return code: 0
180943,39.3675,-77.0960,232Loop Sending
SBD send receive completed with return code: 7
182657,39.3674,-77.0960,226Loop Sending
SBD send receive completed with return code: 0
184251,39.3674,-77.0960,230Loop Sending
SBD send receive completed with return code: 0
185802,39.3675,-77.0960,234Loop Sending
SBD send receive completed with return code: 0
INIT_LOG_LOG
