INIT_TX_LOG
124601,39.7829,-77.3745,193
124754,39.7828,-77.3745,196
125355,39.7829,-77.3746,189,rN
125911,39.7829,-77.3746,187
130417,39.7828,-77.3745,184
131028,39.7829,-77.3746,182
131531,39.7828,-77.3746,182
132036,39.7828,-77.3746,200
132646,39.7843,-77.3687,1272
133151,39.7717,-77.3495,2802
133716,39.7647,-77.3415,4416
134219,39.7624,-77.3233,5895
134731,39.7587,-77.3002,7330
135242,39.7455,-77.2708,8854
135746,39.7282,-77.2387,10002
140515,39.7031,-77.2044,11319
141118,39.6889,-77.1706,12428
141637,39.6786,-77.1320,13490
142145,39.6566,-77.0993,14335
142656,39.6290,-77.0676,15241
143218,39.5993,-77.0439,16181
143907,39.5689,-77.0303,17419
144418,39.5498,-77.0240,18331
144931,39.5358,-77.0176,19229
145436,39.5332,-77.0187,20153
150014,39.5260,-77.0173,21132
150519,39.5146,-77.0202,22011
151029,39.5118,-77.0263,22877
151556,39.5114,-77.0264,23738
152112,39.5041,-77.0349,24522
152628,39.5002,-77.0442,25311
153232,39.4975,-77.0633,26150
153740,39.4958,-77.0705,26873
154246,39.4936,-77.0710,27536
155853,39.4596,-77.1226,29354,rS
161359,39.4312,-77.1943,30477
INIT_TX_LOG
INIT_TX_LOG
INIT_TX_LOG
163149,39.3920,-77.1532,9669
163412,39.3880,-77.1405,8294
163728,39.3834,-77.1306,6582
163906,39.3808,-77.1248,5798,rF
164224,39.3780,-77.1186,4304
164349,39.3796,-77.1184,3685
164548,39.3789,-77.1133,2859
164758,39.3706,-77.1069,1976
164909,39.3688,-77.1020,1504
165033,39.3674,-77.0987,981
165243,39.3671,-77.0965,327
165358,39.3675,-77.0960,223
165612,39.3675,-77.0960,219
165725,39.3675,-77.0960,233
165838,39.3675,-77.0961,223
165940,39.3675,-77.0960,228
171501,39.3675,-77.0960,231,rS
173101,39.3675,-77.0960,225
175323,39.3675,-77.0960,228
180943,39.3675,-77.0960,232
182657,39.3674,-77.0960,226
184251,39.3674,-77.0960,230
185802,39.3675,-77.0960,234
INIT_TX_LOG
