INIT_RX_LOG
12:40:1		270	
12:45:4		270	
12:50:12		270	
12:55:16		270	
13:0:29		270	
13:5:38		270	
13:10:52		270	
13:16:4		270	
13:21:19		270	
13:27:19		270	
13:32:51		270	
13:38:4		270	
13:43:18		270	
13:49:12		270	
13:54:44		270	15215625531460004600000000206001121562553120002000000012815625531200020000148255311201562553133000330000148255311601562553149000490000730001572553149000490000485183
13:59:58		270	
14:5:8		270	
14:10:21		270	
14:16:32		270	
14:22:32		270	
14:27:39		270	
14:33:13		270	15215625531450004500000000000000000000000000000000000000000000000000000000000000000000000000000000000000800000
14:38:33		270	
14:43:42		270	
14:48:59		270	
14:54:18		270	
14:59:34		270	
15:6:6		270	
15:14:20		270	
15:20:10		270	
15:25:19		270	
15:33:47		270	
15:39:9		270	
15:44:20		270	
15:49:28		270	
15:54:40		270	
16:2:1		270	
16:7:54		270	
16:13:0		270	
16:21:1		270	
16:29:4		270	
16:34:27		270	
INIT_RX_LOG
18:12:3		270	
