INIT_LOG_LOG
GotLock
Success, sent = 121701,39.4271,-77.4625,130
121719,39.4271,-77.4625,128Loop Sending
SBD send receive completed with return code: 0
121825,39.4271,-77.4625,131Loop Sending
SBD send receive completed with return code: 0
121932,39.4271,-77.4625,128Loop Sending
SBD send receive completed with return code: 0
122130,39.4271,-77.4624,123Loop Sending
SBD send receive completed with return code: 0
122241,39.4270,-77.4624,124Loop Sending
SBD send receive completed with return code: 0
122350,39.4271,-77.4624,128Loop Sending
SBD send receive completed with return code: 0
122452,39.4271,-77.4624,127Loop Sending
SBD send receive completed with return code: 0
SET_RATE_NORM
123003,39.4270,-77.4625,126Loop Sending
SBD send receive completed with return code: 0
123517,39.4267,-77.4622,129Loop Sending
SBD send receive completed with return code: 0
124029,39.4271,-77.4624,130Loop Sending
SBD send receive completed with return code: 0
124536,39.4245,-77.4554,1029Loop Sending
SBD send receive completed with return code: 0
125140,39.4258,-77.4327,3141Loop Sending
SBD send receive completed with return code: 0
125747,39.4391,-77.3800,5345Loop Sending
SBD send receive completed with return code: 0
130252,39.4613,-77.3184,7217Loop Sending
SBD send receive completed with return code: 0
130853,39.4977,-77.2078,9604Loop Sending
SBD send receive completed with return code: 0
131403,39.5405,-77.0831,11617Loop Sending
SBD send receive completed with return code: 0
131907,39.5712,-76.9719,13827Loop Sending
SBD send receive completed with return code: 0
132449,39.5895,-76.8836,16746Loop Sending
SBD send receive completed with return code: 0
133022,39.6027,-76.8345,19903Loop Sending
SBD send receive completed with return code: 0
133720,39.5981,-76.8032,24203Loop Sending
SBD send receive completed with return code: 0
SET_RATE_FAST
133828,39.5936,-76.8006,24881Loop Sending
SBD send receive completed with return code: 0
133951,39.5925,-76.7950,25720Loop Sending
SBD send receive completed with return code: 0
134055,39.5923,-76.7887,26293Loop Sending
SBD send receive completed with return code: 0
134233,39.5903,-76.7787,27035Loop Sending
SBD send receive completed with return code: 7
134601,39.5864,-76.7635,28652Loop Sending
INIT_LOG_LOG
GotLock
Success, sent = 134611,39.5868,-76.7619,28725
134705,39.5863,-76.7533,29161Loop Sending
SBD send receive completed with return code: 0
134824,39.5864,-76.7412,29802Loop Sending
SBD send receive completed with return code: 0
135028,39.5838,-76.7256,25139Loop Sending
SBD send receive completed with return code: 0
135225,39.5803,-76.7204,21777Loop Sending
SBD send receive completed with return code: 0
135430,39.5809,-76.7112,19009Loop Sending
SBD send receive completed with return code: 0
135548,39.5810,-76.7007,17666Loop Sending
SBD send receive completed with return code: 0
135653,39.5860,-76.6880,16605Loop Sending
SBD send receive completed with return code: 0
135808,39.5893,-76.6704,15495Loop Sending
SBD send receive completed with return code: 0
135915,39.5912,-76.6545,14600Loop Sending
SBD send receive completed with return code: 7
140246,39.6093,-76.5842,12225Loop Sending
INIT_LOG_LOG
GotLock
Success, sent = 140254,39.6100,-76.5804,12137
140408,39.6191,-76.5503,11410Loop Sending
SBD send receive completed with return code: 0
140525,39.6292,-76.5193,10666Loop Sending
SBD send receive completed with return code: 0
140659,39.6421,-76.4821,9810Loop Sending
SBD send receive completed with return code: 0
140921,39.6554,-76.4278,8617Loop Sending
SBD send receive completed with return code: 0
141038,39.6625,-76.4037,8029Loop Sending
SBD send receive completed with return code: 0
141151,39.6686,-76.3852,7510Loop Sending
SBD send receive completed with return code: 0
141304,39.6750,-76.3685,7000Loop Sending
SBD send receive completed with return code: 0
141444,39.6824,-76.3459,6323Loop Sending
SBD send receive completed with return code: 0
141610,39.6888,-76.3279,5731Loop Sending
SBD send receive completed with return code: 7
141934,39.6970,-76.2886,4374Loop Sending
INIT_LOG_LOG
GotLock
Success, sent = 141945,39.6972,-76.2870,4309
142034,39.6992,-76.2796,4015Loop Sending
SBD send receive completed with return code: 0
142145,39.7013,-76.2679,3582Loop Sending
SBD send receive completed with return code: 0
142256,39.7031,-76.2578,3164Loop Sending
SBD send receive completed with return code: 0
142406,39.7060,-76.2490,2782Loop Sending
SBD send receive completed with return code: 0
142528,39.7102,-76.2407,2337Loop Sending
SBD send receive completed with return code: 0
142816,39.7156,-76.2291,1424Loop Sending
SBD send receive completed with return code: 0
142932,39.7168,-76.2261,1007Loop Sending
SBD send receive completed with return code: 0
143045,39.7166,-76.2239,623Loop Sending
SBD send receive completed with return code: 0
143154,39.7151,-76.2252,270Loop Sending
SBD send receive completed with return code: 0
143313,39.7149,-76.2247,18Loop Sending
SBD send receive completed with return code: 7
144138,39.7145,-76.2243,23Loop Sending
INIT_LOG_LOG
GotLock
sendSBDText failed: error 7
Try again with a better view of the sky.
145038,39.7140,-76.2239,35Loop Sending
SBD send receive completed with return code: 0
