INIT_RX_LOG
121727	
121832	
122030	
122141	
122250	
122352	
122503	11510111611497116101110111114109
123017	
123523	
124036	
124635	
125243	
125752	
130353	
130903	
131407	
131922	
132458	
133219	
133728	1151011161149711610110297115116
133839	
133955	
134108	
134501	000000000000000000000000000000000000000000000000000029252780240155255316000600000006822800000000000000000000000000000000001921552553170007000000000001122310000002323000848846767971000000000801562553100000000000000000000000000000000000000000000000000000000000000000000000000000000000000000000000000000000000000
INIT_RX_LOG
134724	
134920	
135125	
135330	
135441	
135553	
135659	
135815	
140136	000000000000000000000000000000000000000000000000000022419120240155255316000600000006822800000000000000000000000000000000001921552553170007000000000001122310000002323000848846767971000000000801562553100000000000000000000000000000000000000000000000000000000000000000000000000000000000000000000000000000000000000
INIT_RX_LOG
140425	
140533	
140809	
140938	
141049	
141204	
141314	
141503	
141834	000000000000000000000000000000000000000000000000000022571120240155255316000600000006822800000000000000000000000000000000001921552553170007000000000001122310000002323000848846767971000000000801562553100000000000000000000000000000000000000000000000000000000000000000000000000000000000000000000000000000000000000
INIT_RX_LOG
142045	
142156	
142306	
142417	
142708	
142832	
142945	
143053	
143203	
143528	0000000000000000000000000000000000000000000000000000104126120240155255316000600000006822800000000000000000000000000000000001921552553170007000000000001122310000002323000848846767971000000000801562553100000000000000000000000000000000000000000000000000000000000000000000000000000000000000000000000000000000000000
INIT_RX_LOG
145046	
