INIT_GPS_LOG
22:47:38,38.993088,-76.939217,0.00,0.00,0
22:47:38,38.993088,-76.939217,26.70,87.00,0
22:47:39,38.993084,-76.939209,26.70,87.00,0
22:47:39,38.993084,-76.939209,26.40,87.00,0
22:47:40,38.993084,-76.939209,26.40,87.00,0
22:47:40,38.993084,-76.939209,25.80,87.00,0
22:47:41,38.993088,-76.939209,25.80,87.00,0
22:47:41,38.993088,-76.939209,25.50,87.00,0
22:47:42,38.993084,-76.939201,25.50,87.00,0
22:47:42,38.993084,-76.939201,25.30,87.00,0
22:47:43,38.993084,-76.939201,25.30,87.00,0
22:47:43,38.993084,-76.939201,25.20,87.00,0
22:47:44,38.993084,-76.939201,25.20,87.00,0
22:47:44,38.993084,-76.939201,25.00,87.00,0
22:47:45,38.993084,-76.939194,25.00,87.00,0
22:47:45,38.993084,-76.939194,24.90,87.00,0
22:47:46,38.993084,-76.939194,24.90,87.00,0
22:47:46,38.993084,-76.939194,25.00,87.00,0
22:47:47,38.993084,-76.939194,25.00,87.00,0
22:47:47,38.993084,-76.939194,24.90,87.00,0
22:47:48,38.993084,-76.939194,24.90,87.00,0
22:47:48,38.993084,-76.939194,24.80,87.00,0
22:47:49,38.993084,-76.939194,24.80,87.00,0
22:47:49,38.993084,-76.939194,24.70,87.00,0
22:47:50,38.993088,-76.939194,24.70,87.00,0
22:47:50,38.993088,-76.939194,24.80,87.00,0
22:47:51,38.993088,-76.939194,24.80,87.00,0
22:47:51,38.993088,-76.939194,24.90,87.00,0
22:47:52,38.993088,-76.939194,24.90,87.00,0
22:47:52,38.993088,-76.939194,25.20,87.00,0
22:47:53,38.993088,-76.939201,25.20,87.00,0
22:47:53,38.993088,-76.939201,25.20,87.00,0
22:47:54,38.993084,-76.939201,25.20,87.00,0
22:47:54,38.993084,-76.939201,25.30,87.00,0
22:47:55,38.993088,-76.939201,25.30,87.00,0
22:47:55,38.993088,-76.939201,25.50,87.00,0
22:47:56,38.993088,-76.939201,25.50,87.00,0
22:47:56,38.993088,-76.939201,25.40,87.00,0
22:47:57,38.993088,-76.939209,25.40,87.00,0
22:47:57,38.993088,-76.939209,25.50,87.00,0
22:47:58,38.993088,-76.939209,25.50,87.00,0
22:47:58,38.993088,-76.939209,25.60,87.00,0
22:47:59,38.993088,-76.939209,25.60,87.00,0
22:47:59,38.993088,-76.939209,25.50,87.00,0
22:48:0,38.993088,-76.939209,25.50,87.00,0
22:48:0,38.993088,-76.939209,25.50,87.00,0
22:48:1,38.993088,-76.939201,25.50,87.00,0
22:48:1,38.993088,-76.939201,25.50,87.00,0
22:48:2,38.993088,-76.939201,25.50,87.00,0
22:48:2,38.993088,-76.939201,24.90,87.00,0
22:48:3,38.993088,-76.939201,24.90,87.00,0
22:48:3,38.993088,-76.939201,24.80,87.00,0
22:48:4,38.993092,-76.939194,24.80,87.00,0
22:48:4,38.993092,-76.939194,24.50,87.00,0
22:48:5,38.993092,-76.939194,24.50,87.00,0
22:48:5,38.993092,-76.939194,24.70,87.00,0
22:48:6,38.993092,-76.939194,24.70,87.00,0
22:48:6,38.993092,-76.939194,24.80,87.00,0
22:48:7,38.993095,-76.939194,24.80,87.00,0
22:48:7,38.993095,-76.939194,24.90,87.00,0
22:48:8,38.993095,-76.939194,24.90,87.00,0
22:48:8,38.993095,-76.939194,25.30,87.00,0
22:48:9,38.993092,-76.939194,25.30,87.00,0
22:48:9,38.993092,-76.939194,25.40,87.00,0
22:48:10,38.993092,-76.939194,25.40,87.00,0
22:48:10,38.993092,-76.939194,25.60,87.00,0
22:48:11,38.993092,-76.939194,25.60,87.00,0
22:48:11,38.993092,-76.939194,25.50,87.00,0
22:48:12,38.993088,-76.939194,25.50,87.00,0
22:48:12,38.993088,-76.939194,25.60,87.00,0
22:48:13,38.993088,-76.939201,25.60,87.00,0
22:48:13,38.993088,-76.939201,25.60,87.00,0
22:48:23,38.993084,-76.939186,23.00,87.00,0
22:48:24,38.993084,-76.939186,23.00,87.00,0
22:48:24,38.993084,-76.939186,22.90,87.00,0
22:48:25,38.993084,-76.939178,22.90,87.00,0
22:48:25,38.993084,-76.939178,22.70,87.00,0
22:48:26,38.993084,-76.939178,22.70,87.00,0
22:48:26,38.993084,-76.939178,22.70,87.00,0
22:48:27,38.993084,-76.939178,22.70,87.00,0
22:48:27,38.993084,-76.939178,22.60,87.00,0
22:48:28,38.993084,-76.939178,22.60,87.00,0
22:48:28,38.993084,-76.939178,22.70,87.00,0
22:48:29,38.993084,-76.939178,22.70,87.00,0
22:48:29,38.993084,-76.939178,22.80,87.00,0
22:48:30,38.993084,-76.939171,22.80,87.00,0
22:48:30,38.993084,-76.939171,22.90,87.00,0
22:48:31,38.993084,-76.939171,22.90,87.00,0
22:48:31,38.993084,-76.939171,23.20,87.00,0
22:48:32,38.993080,-76.939171,23.20,87.00,0
22:48:32,38.993080,-76.939171,23.30,87.00,0
22:48:33,38.993080,-76.939171,23.30,87.00,0
22:48:33,38.993080,-76.939171,23.40,87.00,0
22:48:34,38.993080,-76.939171,23.40,87.00,0
22:48:34,38.993080,-76.939171,23.50,87.00,0
22:48:35,38.993080,-76.939163,23.50,87.00,0
22:48:35,38.993080,-76.939163,23.60,87.00,0
22:48:36,38.993080,-76.939163,23.60,87.00,0
22:48:36,38.993080,-76.939163,23.70,87.00,0
22:48:37,38.993080,-76.939163,23.70,87.00,0
22:48:37,38.993080,-76.939163,23.70,87.00,0
22:48:38,38.993080,-76.939163,23.70,87.00,0
22:48:38,38.993080,-76.939163,23.70,87.00,0
22:48:39,38.993080,-76.939163,23.70,87.00,0
22:48:39,38.993080,-76.939163,23.80,87.00,0
22:48:40,38.993080,-76.939163,23.80,87.00,0
22:48:40,38.993080,-76.939163,23.90,87.00,0
22:48:41,38.993080,-76.939163,23.90,87.00,0
22:48:41,38.993080,-76.939163,23.90,87.00,0
22:48:42,38.993080,-76.939163,23.90,87.00,0
22:48:42,38.993080,-76.939163,23.70,87.00,0
22:48:43,38.993080,-76.939163,23.70,87.00,0
22:48:43,38.993080,-76.939163,23.50,87.00,0
22:48:44,38.993080,-76.939163,23.50,87.00,0
22:48:44,38.993080,-76.939163,23.50,87.00,0
22:48:45,38.993080,-76.939163,23.50,87.00,0
22:48:45,38.993080,-76.939163,23.40,87.00,0
22:48:46,38.993084,-76.939163,23.40,87.00,0
22:48:46,38.993084,-76.939163,23.40,87.00,0
22:48:47,38.993084,-76.939163,23.40,87.00,0
22:48:47,38.993084,-76.939163,23.30,87.00,0
22:48:48,38.993084,-76.939163,23.30,87.00,0
22:48:48,38.993084,-76.939163,23.30,87.00,0
22:48:49,38.993084,-76.939163,23.30,87.00,0
22:48:49,38.993084,-76.939163,23.20,87.00,0
22:48:50,38.993084,-76.939163,23.20,87.00,0
22:48:50,38.993084,-76.939163,23.20,87.00,0
22:48:51,38.993084,-76.939163,23.20,87.00,0
22:48:51,38.993084,-76.939163,23.10,87.00,0
22:48:52,38.993084,-76.939163,23.10,87.00,0
22:48:52,38.993084,-76.939163,23.10,87.00,0
22:48:53,38.993084,-76.939163,23.10,87.00,0
22:48:53,38.993084,-76.939163,23.10,87.00,0
22:48:54,38.993084,-76.939163,23.10,87.00,0
22:48:54,38.993084,-76.939163,23.10,87.00,0
22:48:55,38.993084,-76.939163,23.10,87.00,0
22:48:55,38.993084,-76.939163,23.10,87.00,0
22:48:56,38.993084,-76.939171,23.10,87.00,0
22:48:56,38.993084,-76.939171,23.10,87.00,0
22:48:57,38.993084,-76.939171,23.10,87.00,0
22:48:57,38.993084,-76.939171,22.90,87.00,0
22:48:58,38.993084,-76.939171,22.90,87.00,0
22:48:58,38.993084,-76.939171,22.70,87.00,0
22:48:59,38.993084,-76.939171,22.70,87.00,0
22:48:59,38.993084,-76.939171,22.50,87.00,0
22:49:0,38.993084,-76.939171,22.50,87.00,0
22:49:0,38.993084,-76.939171,22.30,87.00,0
22:49:1,38.993084,-76.939171,22.30,87.00,0
22:49:1,38.993084,-76.939171,22.20,87.00,0
22:49:2,38.993084,-76.939171,22.20,87.00,0
22:49:2,38.993084,-76.939171,21.90,87.00,0
22:49:3,38.993084,-76.939171,21.90,87.00,0
22:49:3,38.993084,-76.939171,21.70,87.00,0
22:49:4,38.993080,-76.939171,21.70,87.00,0
22:49:4,38.993080,-76.939171,21.40,87.00,0
22:49:5,38.993080,-76.939171,21.40,87.00,0
22:49:5,38.993080,-76.939171,21.10,87.00,0
22:49:6,38.993080,-76.939171,21.10,87.00,0
22:49:6,38.993080,-76.939171,21.00,87.00,0
22:49:7,38.993080,-76.939171,21.00,87.00,0
22:49:7,38.993080,-76.939171,20.90,87.00,0
22:49:8,38.993084,-76.939171,20.90,87.00,0
22:49:8,38.993084,-76.939171,20.70,87.00,0
22:49:9,38.993084,-76.939171,20.70,87.00,0
22:49:9,38.993084,-76.939171,20.60,87.00,0
22:49:10,38.993084,-76.939171,20.60,87.00,0
22:49:10,38.993084,-76.939171,20.30,87.00,0
22:49:11,38.993084,-76.939171,20.30,87.00,0
22:49:11,38.993084,-76.939171,20.10,87.00,0
22:49:12,38.993084,-76.939171,20.10,87.00,0
22:49:12,38.993084,-76.939171,19.80,87.00,0
22:49:13,38.993084,-76.939163,19.80,87.00,0
22:49:13,38.993084,-76.939163,19.50,87.00,0
22:49:14,38.993088,-76.939171,19.50,87.00,0
22:49:14,38.993088,-76.939171,19.60,87.00,0
22:49:15,38.993088,-76.939171,19.60,87.00,0
22:49:15,38.993088,-76.939171,19.70,87.00,0
22:49:16,38.993088,-76.939171,19.70,87.00,0
22:49:16,38.993088,-76.939171,19.80,87.00,0
22:49:17,38.993092,-76.939171,19.80,87.00,0
22:49:17,38.993092,-76.939171,19.60,87.00,0
22:49:18,38.993092,-76.939171,19.60,87.00,0
22:49:18,38.993092,-76.939171,19.60,87.00,0
22:49:19,38.993092,-76.939171,19.60,87.00,0
22:49:19,38.993092,-76.939171,19.50,87.00,0
22:49:20,38.993092,-76.939171,19.50,87.00,0
22:49:20,38.993092,-76.939171,19.50,87.00,0
22:49:21,38.993095,-76.939171,19.50,87.00,0
22:49:21,38.993095,-76.939171,19.60,87.00,0
22:49:22,38.993095,-76.939171,19.60,87.00,0
22:49:22,38.993095,-76.939171,19.80,87.00,0
22:49:23,38.993095,-76.939171,19.80,87.00,0
22:49:23,38.993095,-76.939171,19.70,87.00,0
22:49:24,38.993099,-76.939171,19.70,87.00,0
22:49:24,38.993099,-76.939171,19.50,87.00,0
22:49:25,38.993099,-76.939171,19.50,87.00,0
22:49:25,38.993099,-76.939171,19.60,87.00,0
22:49:26,38.993099,-76.939171,19.60,87.00,0
22:49:26,38.993099,-76.939171,19.70,87.00,0
22:49:27,38.993103,-76.939171,19.70,87.00,0
22:49:27,38.993103,-76.939171,19.90,87.00,0
22:49:28,38.993103,-76.939171,19.90,87.00,0
22:49:28,38.993103,-76.939171,19.90,87.00,0
22:49:29,38.993103,-76.939178,19.90,87.00,0
22:49:29,38.993103,-76.939178,20.00,87.00,0
22:49:30,38.993103,-76.939178,20.00,87.00,0
22:49:30,38.993103,-76.939178,19.90,87.00,0
22:49:31,38.993107,-76.939171,19.90,87.00,4
22:49:31,38.993107,-76.939171,19.70,87.00,4
22:49:32,38.993107,-76.939171,19.70,87.00,4
22:49:32,38.993107,-76.939171,19.50,87.00,4
22:49:33,38.993107,-76.939171,19.50,87.00,4
22:49:33,38.993107,-76.939171,19.10,87.00,4
22:49:34,38.993107,-76.939171,19.10,87.00,4
22:49:34,38.993107,-76.939171,18.90,87.00,4
22:49:35,38.993107,-76.939171,18.90,87.00,4
22:49:35,38.993107,-76.939171,18.80,87.00,4
22:49:36,38.993107,-76.939171,18.80,87.00,4
22:49:36,38.993107,-76.939171,18.60,87.00,4
22:49:37,38.993107,-76.939171,18.60,87.00,4
22:49:37,38.993107,-76.939171,18.30,87.00,4
22:49:38,38.993107,-76.939171,18.30,87.00,4
22:49:38,38.993107,-76.939171,18.00,87.00,4
22:49:39,38.993107,-76.939163,18.00,87.00,4
22:49:39,38.993107,-76.939163,17.80,87.00,4
22:49:40,38.993107,-76.939163,17.80,87.00,3
22:49:40,38.993107,-76.939163,17.70,87.00,3
22:49:41,38.993107,-76.939163,17.70,87.00,3
22:49:41,38.993107,-76.939163,17.40,87.00,3
22:49:42,38.993103,-76.939163,17.40,87.00,3
22:49:42,38.993103,-76.939163,17.30,87.00,3
22:49:43,38.993103,-76.939163,17.30,87.00,3
22:49:43,38.993103,-76.939163,17.10,87.00,3
22:49:44,38.993103,-76.939163,17.10,87.00,3
22:49:44,38.993103,-76.939163,16.90,87.00,3
22:49:45,38.993103,-76.939163,16.90,87.00,3
22:49:45,38.993103,-76.939163,16.70,87.00,3
22:49:46,38.993103,-76.939163,16.70,87.00,3
22:49:46,38.993103,-76.939163,16.50,87.00,3
22:49:47,38.993103,-76.939156,16.50,87.00,3
22:49:47,38.993103,-76.939156,16.10,87.00,3
22:49:48,38.993099,-76.939156,16.10,87.00,3
22:49:48,38.993099,-76.939156,16.00,87.00,3
22:49:49,38.993099,-76.939156,16.00,87.00,0
22:49:49,38.993099,-76.939156,15.70,86.00,0
22:49:50,38.993099,-76.939156,15.70,86.00,0
22:49:50,38.993099,-76.939156,15.60,86.00,0
22:49:51,38.993095,-76.939156,15.60,86.00,0
22:49:51,38.993095,-76.939156,15.50,86.00,0
22:49:52,38.993095,-76.939156,15.50,86.00,0
22:49:52,38.993095,-76.939156,15.70,86.00,0
22:49:53,38.993095,-76.939156,15.70,86.00,0
22:49:53,38.993095,-76.939156,15.80,86.00,0
22:49:54,38.993099,-76.939156,15.80,86.00,0
22:49:54,38.993099,-76.939156,16.00,86.00,0
22:49:55,38.993099,-76.939156,16.00,86.00,0
22:49:55,38.993099,-76.939156,16.10,86.00,0
22:49:56,38.993099,-76.939156,16.10,86.00,0
22:49:56,38.993099,-76.939156,16.30,86.00,0
22:49:57,38.993099,-76.939156,16.50,86.00,0
22:49:58,38.993099,-76.939156,16.50,86.00,0
22:49:58,38.993099,-76.939156,16.60,86.00,0
22:49:59,38.993099,-76.939156,16.60,86.00,0
22:49:59,38.993099,-76.939156,16.70,86.00,0
22:50:0,38.993099,-76.939163,16.70,86.00,0
22:50:0,38.993099,-76.939163,16.70,86.00,0
22:50:1,38.993099,-76.939163,16.70,86.00,0
22:50:1,38.993099,-76.939163,16.90,86.00,0
22:50:2,38.993103,-76.939163,16.90,86.00,1
22:50:2,38.993103,-76.939163,16.80,86.00,1
22:50:3,38.993103,-76.939163,16.80,86.00,1
22:50:3,38.993103,-76.939163,17.00,86.00,1
22:50:4,38.993103,-76.939163,17.00,86.00,1
22:50:4,38.993103,-76.939163,17.10,86.00,1
22:50:5,38.993103,-76.939163,17.10,86.00,1
22:50:5,38.993103,-76.939163,17.20,86.00,1
22:50:6,38.993103,-76.939163,17.20,86.00,1
22:50:6,38.993103,-76.939163,17.30,86.00,1
22:50:7,38.993103,-76.939163,17.30,86.00,1
22:50:7,38.993103,-76.939163,17.50,86.00,1
22:50:8,38.993103,-76.939163,17.50,86.00,1
22:50:8,38.993103,-76.939163,17.60,86.00,1
22:50:9,38.993103,-76.939163,17.60,86.00,1
22:50:9,38.993103,-76.939163,17.70,86.00,1
22:50:10,38.993103,-76.939163,17.70,86.00,1
22:50:10,38.993103,-76.939163,17.80,86.00,1
22:50:11,38.993103,-76.939163,17.80,86.00,1
22:50:11,38.993103,-76.939163,17.90,86.00,1
22:50:12,38.993103,-76.939163,17.90,86.00,1
22:50:12,38.993103,-76.939163,17.90,86.00,1
22:50:13,38.993103,-76.939163,17.90,86.00,1
22:50:13,38.993103,-76.939163,18.00,86.00,1
22:50:14,38.993099,-76.939163,18.00,86.00,1
22:50:14,38.993099,-76.939163,18.10,86.00,1
22:50:15,38.993099,-76.939163,18.10,86.00,1
22:50:15,38.993099,-76.939163,18.10,86.00,1
22:50:16,38.993099,-76.939163,18.10,86.00,1
22:50:17,38.993099,-76.939163,18.10,86.00,1
22:50:17,38.993099,-76.939163,18.20,86.00,1
22:50:18,38.993099,-76.939163,18.20,86.00,1
22:50:18,38.993099,-76.939163,18.30,86.00,1
22:50:19,38.993099,-76.939163,18.30,86.00,1
22:50:19,38.993099,-76.939163,18.40,86.00,1
22:50:20,38.993099,-76.939163,18.40,86.00,1
22:50:20,38.993099,-76.939163,18.60,86.00,1
22:50:21,38.993095,-76.939163,18.60,86.00,1
22:50:21,38.993095,-76.939163,18.80,91.00,1
22:50:22,38.993095,-76.939163,18.80,91.00,1
22:50:22,38.993095,-76.939163,18.90,86.00,1
22:50:23,38.993099,-76.939163,18.90,86.00,1
22:50:23,38.993099,-76.939163,19.10,86.00,3
22:50:24,38.993099,-76.939163,19.10,86.00,3
22:50:24,38.993099,-76.939163,19.20,91.00,3
22:50:25,38.993099,-76.939163,19.20,91.00,3
22:50:25,38.993099,-76.939163,19.40,86.00,3
22:50:26,38.993099,-76.939163,19.40,86.00,3
22:50:26,38.993099,-76.939163,19.60,86.00,3
22:50:27,38.993103,-76.939163,19.60,86.00,3
22:50:27,38.993103,-76.939163,20.00,86.00,3
22:50:28,38.993103,-76.939163,20.00,86.00,3
22:50:28,38.993103,-76.939163,20.30,86.00,3
22:50:29,38.993103,-76.939163,20.30,86.00,3
22:50:29,38.993103,-76.939163,20.60,86.00,3
22:50:30,38.993107,-76.939163,20.60,86.00,3
22:50:30,38.993107,-76.939163,20.90,90.00,3
22:50:31,38.993107,-76.939163,20.90,90.00,3
22:50:31,38.993107,-76.939163,21.20,86.00,3
22:50:32,38.993107,-76.939163,21.20,86.00,3
22:50:32,38.993107,-76.939163,21.40,86.00,3
22:50:33,38.993107,-76.939163,21.40,86.00,3
22:50:33,38.993107,-76.939163,21.50,86.00,3
22:50:34,38.993111,-76.939163,21.50,86.00,3
22:50:34,38.993111,-76.939163,21.60,86.00,3
22:50:35,38.993111,-76.939163,21.60,86.00,3
22:50:35,38.993111,-76.939163,21.70,86.00,3
22:50:36,38.993114,-76.939163,21.70,86.00,3
22:50:36,38.993114,-76.939163,21.80,86.00,3
22:50:37,38.993114,-76.939163,21.80,86.00,3
22:50:37,38.993114,-76.939163,21.90,86.00,3
22:50:38,38.993114,-76.939163,21.90,86.00,3
22:50:38,38.993114,-76.939163,21.90,86.00,3
22:50:39,38.993111,-76.939163,21.90,86.00,3
22:50:39,38.993111,-76.939163,22.00,86.00,3
22:50:40,38.993111,-76.939163,22.00,86.00,3
22:50:40,38.993111,-76.939163,22.20,86.00,3
22:50:41,38.993111,-76.939163,22.20,86.00,2
22:50:41,38.993111,-76.939163,22.30,86.00,2
22:50:42,38.993114,-76.939163,22.30,86.00,2
22:50:42,38.993114,-76.939163,22.30,86.00,2
22:50:43,38.993114,-76.939163,22.30,86.00,2
22:50:43,38.993114,-76.939163,22.30,90.00,2
22:50:44,38.993118,-76.939163,22.30,90.00,2
22:50:44,38.993118,-76.939163,22.40,90.00,2
22:50:45,38.993118,-76.939163,22.40,90.00,2
22:50:45,38.993118,-76.939163,22.30,90.00,2
22:50:46,38.993118,-76.939163,22.30,90.00,2
22:50:46,38.993118,-76.939163,22.30,90.00,2
22:50:47,38.993118,-76.939171,22.30,90.00,2
22:50:47,38.993118,-76.939171,22.20,90.00,2
22:50:48,38.993118,-76.939171,22.20,90.00,2
22:50:48,38.993118,-76.939171,22.10,86.00,2
22:50:49,38.993118,-76.939171,22.10,86.00,2
22:50:49,38.993118,-76.939171,22.10,86.00,1
22:50:50,38.993118,-76.939171,22.10,86.00,1
22:50:50,38.993118,-76.939171,22.20,86.00,1
22:50:51,38.993122,-76.939171,22.20,86.00,1
22:50:51,38.993122,-76.939171,22.30,86.00,1
22:50:52,38.993122,-76.939171,22.30,86.00,1
22:50:52,38.993122,-76.939171,22.40,86.00,1
22:50:53,38.993122,-76.939171,22.40,86.00,1
22:50:53,38.993122,-76.939171,22.50,86.00,1
22:50:54,38.993122,-76.939171,22.50,86.00,1
22:50:54,38.993122,-76.939171,22.50,89.00,1
22:50:55,38.993118,-76.939171,22.60,86.00,0
22:50:56,38.993118,-76.939171,22.60,86.00,0
22:50:56,38.993118,-76.939171,22.60,86.00,0
22:50:57,38.993118,-76.939171,22.60,86.00,0
22:50:57,38.993118,-76.939171,22.60,86.00,0
22:50:58,38.993118,-76.939171,22.60,86.00,0
22:50:58,38.993118,-76.939171,22.70,86.00,0
22:50:59,38.993118,-76.939171,22.70,86.00,0
22:50:59,38.993118,-76.939171,22.70,86.00,0
22:51:0,38.993118,-76.939171,22.70,86.00,0
22:51:0,38.993118,-76.939171,22.80,86.00,0
22:51:1,38.993118,-76.939171,22.80,86.00,0
22:51:1,38.993118,-76.939171,22.90,86.00,0
22:51:2,38.993114,-76.939171,22.90,86.00,0
22:51:2,38.993114,-76.939171,23.10,86.00,0
22:51:3,38.993114,-76.939171,23.10,86.00,0
22:51:3,38.993114,-76.939171,23.00,86.00,0
22:51:4,38.993114,-76.939171,23.00,86.00,1
22:51:4,38.993114,-76.939171,23.00,86.00,1
22:51:5,38.993114,-76.939171,23.00,86.00,1
22:51:5,38.993114,-76.939171,23.00,86.00,1
22:51:6,38.993114,-76.939171,23.00,86.00,1
22:51:6,38.993114,-76.939171,23.00,86.00,1
22:51:7,38.993114,-76.939171,23.00,86.00,1
22:51:7,38.993114,-76.939171,22.90,86.00,1
22:51:8,38.993114,-76.939171,22.90,86.00,1
22:51:8,38.993114,-76.939171,22.90,86.00,1
22:51:9,38.993114,-76.939171,22.90,86.00,1
22:51:9,38.993114,-76.939171,22.80,86.00,1
22:51:10,38.993114,-76.939171,22.80,86.00,1
22:51:10,38.993114,-76.939171,22.80,86.00,1
22:51:11,38.993111,-76.939171,22.80,86.00,1
22:51:11,38.993111,-76.939171,22.80,86.00,1
22:51:12,38.993111,-76.939171,22.80,86.00,1
22:51:12,38.993111,-76.939171,22.80,86.00,1
22:51:13,38.993111,-76.939171,22.80,86.00,0
22:51:13,38.993111,-76.939171,22.80,90.00,0
22:51:14,38.993111,-76.939171,22.80,90.00,0
22:51:14,38.993111,-76.939171,22.80,86.00,0
22:51:15,38.993107,-76.939163,22.80,86.00,0
22:51:15,38.993107,-76.939163,22.80,86.00,0
22:51:16,38.993107,-76.939163,22.80,86.00,0
22:51:16,38.993107,-76.939163,22.80,86.00,0
22:51:17,38.993107,-76.939163,22.80,86.00,0
22:51:17,38.993107,-76.939163,22.80,86.00,0
22:51:18,38.993107,-76.939163,22.80,86.00,0
22:51:18,38.993107,-76.939163,22.90,89.00,0
22:51:19,38.993103,-76.939163,22.90,89.00,0
22:51:19,38.993103,-76.939163,22.90,89.00,0
22:51:20,38.993103,-76.939171,22.90,89.00,0
22:51:20,38.993103,-76.939171,22.80,89.00,0
22:51:21,38.993103,-76.939171,22.80,89.00,0
22:51:21,38.993103,-76.939171,22.80,89.00,0
22:51:22,38.993103,-76.939171,22.80,89.00,0
22:51:22,38.993103,-76.939171,22.80,89.00,0
22:51:23,38.993103,-76.939171,22.80,89.00,0
22:51:23,38.993103,-76.939171,22.80,89.00,0
22:51:24,38.993103,-76.939171,22.80,89.00,0
22:51:24,38.993103,-76.939171,22.80,89.00,0
22:51:25,38.993103,-76.939171,22.80,89.00,0
22:51:25,38.993103,-76.939171,22.80,89.00,0
22:51:26,38.993103,-76.939171,22.80,89.00,0
22:51:26,38.993103,-76.939171,22.80,86.00,0
22:51:27,38.993103,-76.939171,22.80,86.00,0
22:51:27,38.993103,-76.939171,22.70,86.00,0
22:51:28,38.993103,-76.939171,22.70,86.00,0
22:51:28,38.993103,-76.939171,22.60,86.00,0
22:51:29,38.993103,-76.939171,22.60,86.00,0
22:51:29,38.993103,-76.939171,22.40,86.00,0
22:51:30,38.993103,-76.939171,22.40,86.00,0
22:51:30,38.993103,-76.939171,22.20,86.00,0
22:51:31,38.993103,-76.939178,22.20,86.00,0
22:51:31,38.993103,-76.939178,22.10,86.00,0
22:51:32,38.993103,-76.939178,22.10,86.00,0
22:51:32,38.993103,-76.939178,21.90,86.00,0
22:51:33,38.993103,-76.939178,21.90,86.00,0
22:51:33,38.993103,-76.939178,21.70,86.00,0
22:51:34,38.993103,-76.939178,21.70,86.00,0
22:51:34,38.993103,-76.939178,21.50,86.00,0
22:51:35,38.993103,-76.939178,21.50,86.00,0
22:51:35,38.993103,-76.939178,21.40,86.00,0
22:51:36,38.993103,-76.939178,21.40,86.00,0
22:51:36,38.993103,-76.939178,21.20,86.00,0
22:51:37,38.993103,-76.939178,21.20,86.00,0
22:51:37,38.993103,-76.939178,21.10,86.00,0
22:51:38,38.993103,-76.939178,21.10,86.00,0
22:51:38,38.993103,-76.939178,20.90,86.00,0
22:51:39,38.993103,-76.939178,20.90,86.00,0
22:51:39,38.993103,-76.939178,20.80,86.00,0
22:51:40,38.993103,-76.939186,20.80,86.00,0
22:51:40,38.993103,-76.939186,20.70,86.00,0
22:51:41,38.993103,-76.939186,20.70,86.00,0
22:51:41,38.993103,-76.939186,20.50,86.00,0
22:51:42,38.993103,-76.939186,20.50,86.00,0
22:51:42,38.993103,-76.939186,20.30,86.00,0
22:51:43,38.993103,-76.939186,20.30,86.00,0
22:51:43,38.993103,-76.939186,20.10,86.00,0
22:51:44,38.993103,-76.939186,19.90,86.00,0
22:51:45,38.993103,-76.939186,19.90,86.00,0
22:51:45,38.993103,-76.939186,19.80,86.00,0
22:51:46,38.993103,-76.939186,19.80,86.00,0
22:51:46,38.993103,-76.939186,19.60,86.00,0
22:51:47,38.993103,-76.939186,19.60,86.00,0
22:51:47,38.993103,-76.939186,19.40,86.00,0
22:51:48,38.993099,-76.939186,19.40,86.00,0
22:51:48,38.993099,-76.939186,19.30,86.00,0
22:51:49,38.993099,-76.939186,19.30,86.00,0
22:51:49,38.993099,-76.939186,19.20,77.00,0
22:51:50,38.993099,-76.939186,19.20,77.00,0
22:51:50,38.993099,-76.939186,19.20,77.00,0
22:51:51,38.993103,-76.939186,19.20,77.00,0
22:51:51,38.993103,-76.939186,19.10,77.00,0
22:51:52,38.993103,-76.939186,19.10,77.00,0
22:51:52,38.993103,-76.939186,18.90,77.00,0
22:51:53,38.993103,-76.939186,18.90,77.00,0
22:51:53,38.993103,-76.939186,18.80,77.00,0
22:51:54,38.993103,-76.939186,18.80,77.00,0
22:51:54,38.993103,-76.939186,18.70,77.00,0
22:51:55,38.993099,-76.939186,18.70,77.00,0
22:51:55,38.993099,-76.939186,18.70,77.00,0
22:51:56,38.993099,-76.939186,18.70,77.00,0
22:51:56,38.993099,-76.939186,18.60,77.00,0
22:51:57,38.993099,-76.939186,18.50,86.00,0
22:51:58,38.993099,-76.939194,18.50,86.00,0
22:51:58,38.993099,-76.939194,18.50,86.00,0
22:51:59,38.993099,-76.939194,18.50,86.00,0
22:51:59,38.993099,-76.939194,18.60,86.00,0
22:52:0,38.993095,-76.939194,18.60,86.00,0
22:52:0,38.993095,-76.939194,18.60,86.00,0
22:52:1,38.993095,-76.939194,18.60,86.00,0
22:52:1,38.993095,-76.939194,18.70,90.00,0
22:52:2,38.993092,-76.939186,18.70,90.00,0
22:52:2,38.993092,-76.939186,18.70,86.00,0
22:52:3,38.993088,-76.939186,18.70,86.00,0
22:52:3,38.993088,-76.939186,18.80,86.00,0
22:52:4,38.993088,-76.939186,18.80,86.00,0
22:52:4,38.993088,-76.939186,19.00,77.00,0
22:52:5,38.993088,-76.939186,19.00,77.00,0
22:52:5,38.993088,-76.939186,19.10,77.00,0
22:52:6,38.993084,-76.939186,19.10,77.00,0
22:52:6,38.993084,-76.939186,19.30,80.00,0
22:52:7,38.993084,-76.939186,19.30,80.00,0
22:52:7,38.993084,-76.939186,19.40,86.00,0
22:52:8,38.993084,-76.939186,19.40,86.00,0
22:52:8,38.993084,-76.939186,19.50,86.00,0
22:52:9,38.993084,-76.939186,19.50,86.00,0
22:52:9,38.993084,-76.939186,19.70,85.00,0
22:52:10,38.993080,-76.939186,19.70,85.00,0
22:52:10,38.993080,-76.939186,19.90,85.00,0
22:52:11,38.993080,-76.939186,19.90,85.00,0
22:52:11,38.993080,-76.939186,20.00,85.00,0
22:52:12,38.993080,-76.939186,20.00,85.00,0
22:52:12,38.993080,-76.939186,20.10,85.00,0
22:52:13,38.993076,-76.939178,20.10,85.00,0
22:52:13,38.993076,-76.939178,20.20,85.00,0
22:52:14,38.993076,-76.939178,20.20,85.00,0
22:52:14,38.993076,-76.939178,20.20,85.00,0
22:52:15,38.993076,-76.939178,20.20,85.00,0
22:52:15,38.993076,-76.939178,20.20,85.00,0
22:52:16,38.993076,-76.939178,20.20,85.00,0
22:52:16,38.993076,-76.939178,20.10,77.00,0
22:52:17,38.993076,-76.939178,20.10,77.00,0
22:52:17,38.993076,-76.939178,20.10,77.00,0
22:52:18,38.993076,-76.939178,20.10,77.00,0
22:52:18,38.993076,-76.939178,20.10,85.00,0
22:52:19,38.993076,-76.939178,20.10,85.00,0
22:52:19,38.993076,-76.939178,20.00,77.00,0
22:52:20,38.993076,-76.939178,20.00,77.00,0
22:52:20,38.993076,-76.939178,19.90,77.00,0
22:52:21,38.993076,-76.939178,19.90,77.00,0
22:52:21,38.993076,-76.939178,19.80,77.00,0
22:52:22,38.993076,-76.939186,19.80,77.00,0
22:52:22,38.993076,-76.939186,19.70,77.00,0
22:52:23,38.993076,-76.939186,19.70,77.00,0
22:52:23,38.993076,-76.939186,19.70,77.00,0
22:52:24,38.993076,-76.939186,19.70,77.00,0
22:52:24,38.993076,-76.939186,19.60,77.00,0
22:52:25,38.993076,-76.939186,19.50,77.00,0
22:52:26,38.993076,-76.939186,19.50,77.00,0
22:52:26,38.993076,-76.939186,19.40,77.00,0
22:52:27,38.993076,-76.939186,19.40,77.00,0
22:52:27,38.993076,-76.939186,19.40,77.00,0
22:52:28,38.993076,-76.939186,19.40,77.00,0
22:52:28,38.993076,-76.939186,19.40,77.00,0
22:52:29,38.993076,-76.939186,19.40,77.00,0
22:52:29,38.993076,-76.939186,19.50,77.00,0
22:52:30,38.993076,-76.939186,19.50,77.00,0
22:52:30,38.993076,-76.939186,19.40,77.00,0
22:52:31,38.993080,-76.939186,19.40,77.00,0
22:52:31,38.993080,-76.939186,19.40,77.00,0
22:52:32,38.993076,-76.939186,19.40,77.00,0
22:52:32,38.993076,-76.939186,19.50,77.00,0
22:52:33,38.993076,-76.939186,19.50,77.00,0
22:52:33,38.993076,-76.939186,19.60,77.00,0
22:52:34,38.993076,-76.939186,19.60,77.00,0
22:52:34,38.993076,-76.939186,19.80,77.00,0
22:52:35,38.993076,-76.939186,19.80,77.00,0
22:52:35,38.993076,-76.939186,19.90,77.00,0
22:52:36,38.993080,-76.939186,19.90,77.00,0
22:52:36,38.993080,-76.939186,19.90,77.00,0
22:52:37,38.993080,-76.939186,19.90,77.00,0
22:52:37,38.993080,-76.939186,19.90,77.00,0
22:52:38,38.993080,-76.939178,19.80,77.00,0
22:52:39,38.993080,-76.939178,19.80,77.00,0
22:52:39,38.993080,-76.939178,19.80,77.00,0
22:52:40,38.993084,-76.939178,19.80,77.00,0
22:52:40,38.993084,-76.939178,19.60,77.00,0
22:52:41,38.993084,-76.939178,19.60,77.00,0
22:52:41,38.993084,-76.939178,19.40,77.00,0
22:52:42,38.993084,-76.939178,19.40,77.00,0
22:52:42,38.993084,-76.939178,19.30,77.00,0
22:52:43,38.993084,-76.939178,19.30,77.00,0
22:52:43,38.993084,-76.939178,19.10,77.00,0
22:52:44,38.993084,-76.939178,19.10,77.00,0
22:52:44,38.993084,-76.939178,19.00,77.00,0
22:52:45,38.993084,-76.939178,19.00,77.00,0
22:52:45,38.993084,-76.939178,18.90,77.00,0
22:52:46,38.993084,-76.939178,18.90,77.00,0
22:52:46,38.993084,-76.939178,18.90,77.00,0
22:52:47,38.993084,-76.939178,18.90,77.00,1
22:52:47,38.993084,-76.939178,18.80,77.00,1
22:52:48,38.993084,-76.939186,18.80,77.00,1
22:52:48,38.993084,-76.939186,18.70,77.00,1
22:52:49,38.993084,-76.939194,18.70,77.00,1
22:52:49,38.993084,-76.939194,18.70,77.00,1
22:52:50,38.993084,-76.939186,18.70,77.00,1
22:52:50,38.993084,-76.939186,19.00,77.00,1
22:52:51,38.993084,-76.939186,19.00,77.00,1
22:52:51,38.993084,-76.939186,19.20,77.00,1
22:52:52,38.993092,-76.939186,19.20,77.00,1
22:52:52,38.993092,-76.939186,19.00,77.00,1
22:52:53,38.993095,-76.939186,19.00,77.00,1
22:52:53,38.993095,-76.939186,18.80,77.00,1
22:52:54,38.993099,-76.939186,18.80,77.00,1
22:52:54,38.993099,-76.939186,18.80,77.00,1
22:52:55,38.993103,-76.939186,18.80,77.00,1
22:52:55,38.993103,-76.939186,18.80,77.00,1
22:52:56,38.993103,-76.939186,18.80,77.00,1
22:52:56,38.993103,-76.939186,18.70,77.00,1
22:52:57,38.993107,-76.939186,18.70,77.00,1
22:52:57,38.993107,-76.939186,18.70,77.00,1
22:52:58,38.993107,-76.939186,18.70,77.00,1
22:52:58,38.993107,-76.939186,18.60,77.00,1
22:52:59,38.993107,-76.939186,18.60,77.00,1
22:52:59,38.993107,-76.939186,18.60,77.00,1
22:53:0,38.993107,-76.939186,18.60,77.00,1
22:53:0,38.993107,-76.939186,18.70,77.00,1
22:53:1,38.993107,-76.939186,18.70,77.00,1
22:53:1,38.993107,-76.939186,18.70,77.00,1
22:53:2,38.993103,-76.939186,18.70,77.00,1
22:53:2,38.993103,-76.939186,18.60,77.00,1
22:53:3,38.993103,-76.939186,18.60,77.00,1
22:53:3,38.993103,-76.939186,18.60,77.00,1
22:53:4,38.993103,-76.939194,18.60,77.00,1
22:53:4,38.993103,-76.939194,18.50,77.00,1
22:53:5,38.993099,-76.939194,18.50,77.00,1
22:53:5,38.993099,-76.939194,18.50,77.00,1
22:53:6,38.993099,-76.939194,18.50,77.00,1
22:53:6,38.993099,-76.939194,18.50,77.00,1
22:53:7,38.993095,-76.939194,18.50,77.00,1
22:53:7,38.993095,-76.939194,18.50,77.00,1
22:53:8,38.993092,-76.939194,18.50,77.00,1
22:53:8,38.993092,-76.939194,18.50,80.00,1
22:53:9,38.993092,-76.939194,18.50,80.00,1
22:53:9,38.993092,-76.939194,18.50,80.00,1
22:53:10,38.993088,-76.939194,18.50,80.00,1
22:53:10,38.993088,-76.939194,18.40,77.00,1
22:53:11,38.993088,-76.939194,18.40,77.00,1
22:53:11,38.993088,-76.939194,18.40,77.00,1
22:53:12,38.993092,-76.939201,18.40,77.00,1
22:53:12,38.993092,-76.939201,18.20,77.00,1
22:53:13,38.993088,-76.939201,18.20,77.00,1
22:53:13,38.993088,-76.939201,18.20,77.00,1
22:53:14,38.993088,-76.939201,18.20,77.00,1
22:53:14,38.993088,-76.939201,18.20,77.00,1
22:53:15,38.993088,-76.939201,18.20,77.00,1
22:53:15,38.993088,-76.939201,18.40,77.00,1
22:53:16,38.993088,-76.939201,18.40,77.00,1
22:53:16,38.993088,-76.939201,18.60,77.00,1
22:53:17,38.993088,-76.939201,18.60,77.00,1
22:53:17,38.993088,-76.939201,18.60,77.00,1
22:53:18,38.993092,-76.939201,18.60,77.00,1
22:53:18,38.993092,-76.939201,18.60,77.00,1
22:53:19,38.993092,-76.939201,18.60,77.00,1
22:53:19,38.993092,-76.939201,18.60,77.00,1
22:53:20,38.993092,-76.939201,18.60,77.00,1
22:53:20,38.993092,-76.939201,18.70,77.00,1
22:53:21,38.993092,-76.939201,18.70,77.00,1
22:53:21,38.993092,-76.939201,18.60,77.00,1
22:53:22,38.993095,-76.939201,18.60,77.00,1
22:53:22,38.993095,-76.939201,18.50,77.00,1
22:53:23,38.993095,-76.939201,18.50,77.00,1
22:53:23,38.993095,-76.939201,18.80,77.00,1
22:53:24,38.993095,-76.939201,18.80,77.00,1
22:53:24,38.993095,-76.939201,18.80,77.00,1
22:53:25,38.993095,-76.939201,18.80,77.00,1
22:53:25,38.993095,-76.939201,18.80,77.00,1
22:53:26,38.993095,-76.939201,18.80,77.00,1
22:53:26,38.993095,-76.939201,18.90,79.00,1
22:53:27,38.993099,-76.939201,18.90,79.00,1
22:53:27,38.993099,-76.939201,19.00,79.00,1
22:53:28,38.993099,-76.939201,19.00,79.00,1
22:53:28,38.993099,-76.939201,19.00,77.00,1
22:53:29,38.993099,-76.939201,19.00,77.00,1
22:53:29,38.993099,-76.939201,19.10,79.00,1
22:53:30,38.993099,-76.939201,19.10,79.00,1
22:53:30,38.993099,-76.939201,19.20,79.00,1
22:53:31,38.993099,-76.939201,19.20,79.00,1
22:53:31,38.993099,-76.939201,19.20,77.00,1
22:53:32,38.993099,-76.939201,19.20,77.00,1
22:53:32,38.993099,-76.939201,19.40,79.00,1
22:53:33,38.993099,-76.939201,19.40,79.00,1
22:53:33,38.993099,-76.939201,19.40,77.00,1
22:53:34,38.993099,-76.939201,19.40,77.00,1
22:53:34,38.993099,-76.939201,19.50,77.00,1
22:53:35,38.993099,-76.939201,19.50,77.00,1
22:53:35,38.993099,-76.939201,19.50,77.00,1
22:53:36,38.993099,-76.939201,19.50,77.00,1
22:53:36,38.993099,-76.939201,19.40,77.00,1
22:53:37,38.993099,-76.939201,19.40,77.00,1
22:53:37,38.993099,-76.939201,19.40,77.00,1
22:53:38,38.993099,-76.939201,19.40,77.00,1
22:53:38,38.993099,-76.939201,19.50,77.00,1
22:53:39,38.993099,-76.939201,19.50,77.00,1
22:53:39,38.993099,-76.939201,19.40,77.00,1
22:53:40,38.993099,-76.939201,19.40,77.00,1
22:53:40,38.993099,-76.939201,19.20,77.00,1
22:53:41,38.993099,-76.939201,19.20,77.00,1
22:53:41,38.993099,-76.939201,19.10,77.00,1
22:53:42,38.993099,-76.939201,19.10,77.00,1
22:53:42,38.993099,-76.939201,18.90,77.00,1
22:53:43,38.993099,-76.939201,18.90,77.00,1
22:53:43,38.993099,-76.939201,18.70,77.00,1
22:53:44,38.993099,-76.939194,18.70,77.00,1
22:53:44,38.993099,-76.939194,18.50,77.00,1
22:53:45,38.993099,-76.939194,18.50,77.00,1
22:53:45,38.993099,-76.939194,18.30,77.00,1
22:53:46,38.993099,-76.939194,18.30,77.00,1
22:53:46,38.993099,-76.939194,18.10,77.00,1
22:53:47,38.993099,-76.939194,18.10,77.00,1
22:53:47,38.993099,-76.939194,17.90,77.00,1
22:53:48,38.993099,-76.939194,17.90,77.00,1
22:53:48,38.993099,-76.939194,17.80,77.00,1
22:53:49,38.993103,-76.939194,17.80,77.00,1
22:53:49,38.993103,-76.939194,17.70,77.00,1
22:53:50,38.993103,-76.939194,17.70,77.00,1
22:53:50,38.993103,-76.939194,17.70,77.00,1
22:53:51,38.993103,-76.939194,17.70,77.00,1
22:53:51,38.993103,-76.939194,17.50,77.00,1
22:53:52,38.993103,-76.939194,17.50,77.00,1
22:53:52,38.993103,-76.939194,17.50,77.00,1
22:53:53,38.993107,-76.939194,17.50,77.00,1
22:53:53,38.993107,-76.939194,17.50,77.00,1
22:53:54,38.993107,-76.939194,17.50,77.00,1
22:53:54,38.993107,-76.939194,17.50,77.00,1
22:53:55,38.993107,-76.939186,17.50,77.00,1
22:53:55,38.993107,-76.939186,17.40,77.00,1
22:53:56,38.993107,-76.939186,17.40,77.00,1
22:53:56,38.993107,-76.939186,17.50,82.00,1
22:53:57,38.993107,-76.939186,17.50,82.00,1
22:53:57,38.993107,-76.939186,17.70,77.00,1
22:53:58,38.993107,-76.939186,17.70,77.00,1
22:53:58,38.993107,-76.939186,17.70,77.00,1
22:53:59,38.993107,-76.939186,17.70,77.00,1
22:53:59,38.993107,-76.939186,17.70,77.00,1
22:54:0,38.993107,-76.939186,17.70,77.00,1
22:54:0,38.993107,-76.939186,17.50,77.00,1
22:54:1,38.993107,-76.939186,17.50,77.00,1
22:54:1,38.993107,-76.939186,17.50,77.00,1
22:54:2,38.993107,-76.939186,17.50,77.00,1
22:54:2,38.993107,-76.939186,17.50,77.00,1
22:54:3,38.993111,-76.939186,17.50,77.00,1
22:54:3,38.993111,-76.939186,17.60,77.00,1
22:54:4,38.993107,-76.939186,17.60,77.00,1
22:54:4,38.993107,-76.939186,17.70,77.00,1
22:54:5,38.993107,-76.939186,17.70,77.00,1
22:54:5,38.993107,-76.939186,17.70,77.00,1
22:54:6,38.993107,-76.939178,17.70,77.00,1
22:54:6,38.993107,-76.939178,17.90,77.00,1
22:54:7,38.993107,-76.939178,17.90,77.00,1
22:54:7,38.993107,-76.939178,17.90,82.00,1
22:54:8,38.993111,-76.939178,17.90,82.00,1
22:54:8,38.993111,-76.939178,17.70,82.00,1
22:54:9,38.993111,-76.939178,17.70,82.00,1
22:54:9,38.993111,-76.939178,17.50,79.00,1
22:54:10,38.993114,-76.939178,17.50,79.00,1
22:54:10,38.993114,-76.939178,17.30,79.00,1
22:54:11,38.993114,-76.939178,17.30,79.00,1
22:54:11,38.993114,-76.939178,17.20,79.00,1
22:54:12,38.993114,-76.939178,17.20,79.00,1
22:54:12,38.993114,-76.939178,17.10,79.00,1
22:54:13,38.993114,-76.939178,17.10,79.00,1
22:54:13,38.993114,-76.939178,17.00,79.00,1
22:54:14,38.993114,-76.939178,17.00,79.00,1
22:54:14,38.993114,-76.939178,16.90,79.00,1
22:54:15,38.993114,-76.939178,16.90,79.00,1
22:54:15,38.993114,-76.939178,16.90,77.00,1
22:54:16,38.993114,-76.939178,16.90,77.00,1
22:54:16,38.993114,-76.939178,16.80,77.00,1
22:54:17,38.993114,-76.939178,16.80,77.00,1
22:54:17,38.993114,-76.939178,16.70,77.00,1
22:54:18,38.993114,-76.939178,16.70,77.00,1
22:54:18,38.993114,-76.939178,16.80,77.00,1
22:54:19,38.993114,-76.939178,16.80,77.00,1
22:54:19,38.993114,-76.939178,16.70,77.00,1
22:54:20,38.993114,-76.939186,16.70,77.00,1
22:54:20,38.993114,-76.939186,16.50,77.00,1
22:54:21,38.993118,-76.939186,16.50,77.00,1
22:54:21,38.993118,-76.939186,16.40,77.00,1
22:54:22,38.993118,-76.939186,16.40,77.00,1
22:54:22,38.993118,-76.939186,16.60,77.00,1
22:54:23,38.993114,-76.939186,16.60,77.00,1
22:54:23,38.993114,-76.939186,16.90,77.00,1
22:54:24,38.993118,-76.939186,16.90,77.00,1
22:54:24,38.993118,-76.939186,16.80,77.00,1
22:54:25,38.993118,-76.939186,16.80,77.00,1
22:54:25,38.993118,-76.939186,16.80,77.00,1
22:54:26,38.993118,-76.939186,16.80,77.00,1
22:54:26,38.993118,-76.939186,16.80,77.00,1
22:54:27,38.993118,-76.939186,16.80,77.00,1
22:54:27,38.993118,-76.939186,16.80,77.00,1
22:54:28,38.993122,-76.939186,16.80,77.00,1
22:54:28,38.993122,-76.939186,16.80,77.00,1
22:54:29,38.993126,-76.939186,16.80,77.00,1
22:54:29,38.993126,-76.939186,16.70,77.00,1
22:54:30,38.993126,-76.939186,16.70,77.00,1
22:54:30,38.993126,-76.939186,16.50,77.00,1
22:54:31,38.993126,-76.939186,16.50,77.00,1
22:54:31,38.993126,-76.939186,16.40,77.00,1
22:54:32,38.993126,-76.939194,16.40,77.00,1
22:54:32,38.993126,-76.939194,16.40,77.00,1
22:54:33,38.993126,-76.939194,16.40,77.00,1
22:54:33,38.993126,-76.939194,16.50,77.00,1
22:54:34,38.993126,-76.939194,16.50,77.00,1
22:54:34,38.993126,-76.939194,16.50,77.00,1
22:54:35,38.993126,-76.939194,16.50,77.00,1
22:54:35,38.993126,-76.939194,16.50,77.00,1
22:54:36,38.993126,-76.939194,16.50,77.00,1
22:54:36,38.993126,-76.939194,16.50,77.00,1
22:54:37,38.993126,-76.939194,16.50,77.00,1
22:54:37,38.993126,-76.939194,16.50,77.00,1
22:54:38,38.993126,-76.939194,16.50,77.00,1
22:54:38,38.993126,-76.939194,16.50,77.00,1
22:54:39,38.993126,-76.939194,16.50,77.00,1
22:54:39,38.993126,-76.939194,16.40,77.00,1
22:54:40,38.993122,-76.939194,16.40,77.00,1
22:54:40,38.993122,-76.939194,16.40,77.00,1
22:54:41,38.993122,-76.939194,16.40,77.00,1
22:54:41,38.993122,-76.939194,16.30,77.00,1
22:54:42,38.993122,-76.939194,16.30,77.00,1
22:54:42,38.993122,-76.939194,16.20,77.00,1
22:54:43,38.993122,-76.939194,16.20,77.00,1
22:54:43,38.993122,-76.939194,16.30,77.00,1
22:54:44,38.993122,-76.939194,16.30,77.00,1
22:54:44,38.993122,-76.939194,16.30,77.00,1
22:54:45,38.993122,-76.939194,16.30,77.00,1
22:54:45,38.993122,-76.939194,16.50,77.00,1
22:54:46,38.993122,-76.939194,16.50,77.00,1
22:54:46,38.993122,-76.939194,16.70,77.00,1
22:54:47,38.993122,-76.939194,16.70,77.00,1
22:54:47,38.993122,-76.939194,16.90,77.00,1
22:54:48,38.993122,-76.939194,16.90,77.00,1
22:54:48,38.993122,-76.939194,17.00,77.00,1
22:54:49,38.993122,-76.939201,17.00,77.00,1
22:54:49,38.993122,-76.939201,17.10,77.00,1
22:54:50,38.993118,-76.939201,17.10,77.00,1
22:54:50,38.993118,-76.939201,17.10,77.00,1
22:54:51,38.993122,-76.939201,17.10,77.00,1
22:54:51,38.993122,-76.939201,17.10,77.00,1
22:54:52,38.993122,-76.939201,17.10,77.00,1
22:54:52,38.993122,-76.939201,17.10,77.00,1
22:54:53,38.993122,-76.939201,17.10,77.00,1
22:54:53,38.993122,-76.939201,17.20,77.00,1
22:54:54,38.993118,-76.939201,17.20,77.00,1
22:54:54,38.993118,-76.939201,17.20,77.00,1
22:54:55,38.993118,-76.939201,17.20,77.00,1
22:54:55,38.993118,-76.939201,17.30,77.00,1
22:54:56,38.993118,-76.939201,17.30,77.00,1
22:54:56,38.993118,-76.939201,17.40,77.00,1
22:54:57,38.993118,-76.939201,17.40,77.00,1
22:54:57,38.993118,-76.939201,17.50,77.00,1
22:54:58,38.993114,-76.939194,17.50,77.00,1
22:54:58,38.993114,-76.939194,17.60,77.00,1
22:54:59,38.993114,-76.939194,17.60,77.00,1
22:54:59,38.993114,-76.939194,17.50,77.00,1
22:55:0,38.993114,-76.939194,17.50,77.00,1
22:55:0,38.993114,-76.939194,17.60,77.00,1
22:55:1,38.993114,-76.939194,17.60,77.00,1
22:55:1,38.993114,-76.939194,17.70,77.00,1
22:55:2,38.993114,-76.939194,17.70,77.00,1
22:55:2,38.993114,-76.939194,17.80,77.00,1
22:55:3,38.993114,-76.939194,17.80,77.00,1
22:55:3,38.993114,-76.939194,17.70,77.00,1
22:55:4,38.993114,-76.939194,17.70,77.00,1
22:55:4,38.993114,-76.939194,17.70,77.00,1
22:55:5,38.993114,-76.939194,17.70,77.00,1
22:55:5,38.993114,-76.939194,17.70,77.00,1
22:55:6,38.993114,-76.939194,17.70,77.00,1
22:55:6,38.993114,-76.939194,17.60,77.00,1
22:55:7,38.993114,-76.939194,17.60,77.00,1
22:55:7,38.993114,-76.939194,17.60,77.00,1
22:55:8,38.993114,-76.939194,17.60,77.00,1
22:55:8,38.993114,-76.939194,17.60,77.00,1
22:55:9,38.993114,-76.939201,17.50,77.00,1
22:55:10,38.993118,-76.939201,17.50,77.00,1
22:55:10,38.993118,-76.939201,17.30,77.00,1
22:55:11,38.993118,-76.939201,17.30,77.00,1
22:55:11,38.993118,-76.939201,17.30,79.00,1
22:55:12,38.993114,-76.939201,17.30,79.00,1
22:55:12,38.993114,-76.939201,17.30,77.00,1
22:55:13,38.993114,-76.939201,17.30,77.00,1
22:55:13,38.993114,-76.939201,17.30,77.00,1
22:55:14,38.993114,-76.939201,17.30,77.00,1
22:55:14,38.993114,-76.939201,17.30,79.00,1
22:55:15,38.993114,-76.939201,17.30,79.00,1
22:55:15,38.993114,-76.939201,17.10,77.00,1
22:55:16,38.993111,-76.939201,17.10,77.00,1
22:55:16,38.993111,-76.939201,17.00,77.00,1
22:55:17,38.993111,-76.939201,17.00,77.00,1
22:55:17,38.993111,-76.939201,16.90,77.00,1
22:55:18,38.993111,-76.939201,16.90,77.00,1
22:55:18,38.993111,-76.939201,16.80,77.00,1
22:55:19,38.993111,-76.939201,16.80,77.00,1
22:55:19,38.993111,-76.939201,16.80,77.00,1
22:55:20,38.993111,-76.939201,16.80,77.00,1
22:55:20,38.993111,-76.939201,16.80,77.00,1
22:55:21,38.993114,-76.939201,16.80,77.00,1
22:55:21,38.993114,-76.939201,16.80,77.00,1
22:55:22,38.993114,-76.939201,16.80,77.00,1
22:55:22,38.993114,-76.939201,16.90,77.00,1
22:55:23,38.993114,-76.939201,16.90,77.00,2
22:55:23,38.993114,-76.939201,16.90,77.00,2
22:55:24,38.993114,-76.939201,16.90,77.00,2
22:55:24,38.993114,-76.939201,16.90,77.00,2
22:55:25,38.993111,-76.939201,16.90,77.00,2
22:55:25,38.993111,-76.939201,17.00,77.00,2
22:55:26,38.993114,-76.939201,17.00,77.00,2
22:55:26,38.993114,-76.939201,17.10,79.00,2
22:55:27,38.993114,-76.939201,17.10,77.00,2
22:55:28,38.993114,-76.939209,17.10,77.00,2
22:55:28,38.993114,-76.939209,17.10,77.00,2
22:55:29,38.993114,-76.939209,17.10,77.00,2
22:55:29,38.993114,-76.939209,17.00,77.00,2
22:55:30,38.993107,-76.939209,17.00,77.00,2
22:55:30,38.993107,-76.939209,17.00,77.00,2
22:55:31,38.993099,-76.939201,17.00,77.00,2
22:55:31,38.993099,-76.939201,16.90,78.00,2
22:55:32,38.993092,-76.939201,16.90,78.00,2
22:55:32,38.993092,-76.939201,16.70,82.00,2
22:55:33,38.993080,-76.939201,16.70,82.00,2
22:55:33,38.993080,-76.939201,16.80,89.00,2
22:55:34,38.993065,-76.939194,16.80,89.00,2
22:55:34,38.993065,-76.939194,16.50,84.00,2
22:55:35,38.993053,-76.939194,16.50,84.00,2
22:55:35,38.993053,-76.939194,16.20,84.00,2
22:55:36,38.993046,-76.939186,16.20,84.00,2
22:55:36,38.993046,-76.939186,15.90,86.00,2
22:55:37,38.993034,-76.939186,15.90,86.00,2
22:55:37,38.993034,-76.939186,15.70,79.00,2
22:55:38,38.993023,-76.939194,15.70,79.00,2
22:55:38,38.993023,-76.939194,16.00,92.00,2
22:55:39,38.993008,-76.939186,16.00,92.00,2
22:55:39,38.993008,-76.939186,16.40,79.00,2
22:55:40,38.992996,-76.939186,16.40,79.00,2
22:55:40,38.992996,-76.939186,16.50,77.00,2
22:55:41,38.992989,-76.939178,16.50,77.00,2
22:55:41,38.992989,-76.939178,16.50,84.00,2
22:55:42,38.992989,-76.939178,16.50,84.00,2
22:55:42,38.992989,-76.939178,16.90,77.00,2
22:55:43,38.992985,-76.939186,16.90,77.00,2
22:55:43,38.992985,-76.939186,18.10,77.00,2
22:55:44,38.992981,-76.939186,18.10,77.00,2
22:55:44,38.992981,-76.939186,18.60,77.00,2
22:55:45,38.992981,-76.939186,18.60,77.00,2
22:55:45,38.992981,-76.939186,18.90,83.00,2
22:55:46,38.992977,-76.939186,18.90,83.00,2
22:55:46,38.992977,-76.939186,19.40,77.00,2
22:55:47,38.992981,-76.939178,19.40,77.00,2
22:55:47,38.992981,-76.939178,19.40,77.00,2
22:55:48,38.992977,-76.939178,19.40,77.00,2
22:55:48,38.992977,-76.939178,19.60,84.00,2
22:55:49,38.992981,-76.939186,19.60,84.00,0
22:55:49,38.992981,-76.939186,20.40,77.00,0
22:55:50,38.992981,-76.939186,20.40,77.00,0
22:55:50,38.992981,-76.939186,20.60,77.00,0
22:55:51,38.992981,-76.939186,20.60,77.00,0
22:55:51,38.992981,-76.939186,21.10,77.00,0
22:55:52,38.992981,-76.939194,21.10,77.00,0
22:55:52,38.992981,-76.939194,22.80,77.00,0
22:55:53,38.992981,-76.939201,22.80,77.00,0
22:55:53,38.992981,-76.939201,22.80,77.00,0
22:55:54,38.992992,-76.939194,22.80,77.00,0
22:55:54,38.992992,-76.939194,22.80,79.00,0
22:55:55,38.993008,-76.939178,22.80,79.00,0
22:55:55,38.993008,-76.939178,22.30,83.00,0
22:55:56,38.993034,-76.939156,22.30,83.00,0
22:55:56,38.993034,-76.939156,22.10,77.00,0
22:55:57,38.993034,-76.939140,22.10,77.00,0
22:55:57,38.993034,-76.939140,22.10,188.00,0
22:55:58,38.993038,-76.939125,22.10,188.00,0
22:55:58,38.993038,-76.939125,21.90,99.00,0
22:55:59,38.993019,-76.939148,21.90,99.00,0
22:55:59,38.993019,-76.939148,21.10,95.00,0
22:56:0,38.992977,-76.939156,21.10,95.00,0
22:56:0,38.992977,-76.939156,20.20,169.00,0
22:56:1,38.992950,-76.939171,20.20,169.00,0
22:56:1,38.992950,-76.939171,19.60,169.00,0
22:56:2,38.992928,-76.939186,19.60,169.00,0
22:56:2,38.992928,-76.939186,19.00,169.00,0
22:56:3,38.992859,-76.939247,19.00,169.00,0
22:56:3,38.992859,-76.939247,18.90,121.00,0
22:56:4,38.992813,-76.939278,18.90,121.00,0
22:56:4,38.992813,-76.939278,18.20,115.00,0
22:56:5,38.992767,-76.939308,18.20,115.00,0
22:56:5,38.992767,-76.939308,17.50,115.00,0
22:56:6,38.992718,-76.939346,17.50,115.00,0
22:56:6,38.992718,-76.939346,13.40,230.00,0
22:56:7,38.992668,-76.939392,13.40,230.00,0
22:56:7,38.992668,-76.939392,12.20,188.00,0
22:56:8,38.992619,-76.939430,12.20,188.00,0
22:56:8,38.992619,-76.939430,11.10,188.00,0
22:56:9,38.992619,-76.939453,11.10,188.00,0
22:56:9,38.992619,-76.939453,5.70,122.00,0
22:56:10,38.992615,-76.939430,5.70,122.00,0
22:56:10,38.992615,-76.939430,4.00,128.00,0
22:56:11,38.992599,-76.939400,4.00,128.00,0
22:56:11,38.992599,-76.939400,2.80,154.00,0
22:56:12,38.992653,-76.939377,2.80,154.00,0
22:56:12,38.992653,-76.939377,5.00,120.00,0
22:56:13,38.992645,-76.939377,5.00,120.00,0
22:56:13,38.992645,-76.939377,4.70,137.00,0
22:56:14,38.992603,-76.939377,4.70,137.00,0
22:56:14,38.992603,-76.939377,5.00,109.00,0
22:56:15,38.992680,-76.939346,5.00,109.00,0
22:56:15,38.992680,-76.939346,3.70,103.00,0
22:56:16,38.992672,-76.939339,4.80,99.00,0
22:56:17,38.992657,-76.939339,4.80,99.00,0
22:56:17,38.992657,-76.939339,5.50,99.00,0
22:56:18,38.992683,-76.939316,5.50,99.00,0
22:56:18,38.992683,-76.939316,6.50,85.00,0
22:56:19,38.992699,-76.939316,6.50,85.00,0
22:56:19,38.992699,-76.939316,7.80,128.00,0
22:56:20,38.992706,-76.939331,7.80,128.00,0
22:56:20,38.992706,-76.939331,9.10,113.00,0
22:56:21,38.992741,-76.939346,9.10,113.00,0
22:56:21,38.992741,-76.939346,7.40,141.00,0
22:56:22,38.992756,-76.939354,7.40,141.00,0
22:56:22,38.992756,-76.939354,8.00,130.00,0
22:56:23,38.992771,-76.939369,8.00,130.00,0
22:56:23,38.992771,-76.939369,8.20,113.00,0
22:56:24,38.992798,-76.939369,8.20,113.00,0
22:56:24,38.992798,-76.939369,11.50,120.00,0
22:56:25,38.992802,-76.939369,11.50,120.00,0
22:56:25,38.992802,-76.939369,11.70,85.00,0
22:56:26,38.992805,-76.939377,11.70,85.00,0
22:56:26,38.992805,-76.939377,10.00,85.00,0
22:56:27,38.992832,-76.939369,10.00,85.00,0
22:56:27,38.992832,-76.939369,6.10,122.00,0
22:56:28,38.992825,-76.939362,6.10,122.00,0
22:56:28,38.992825,-76.939362,3.00,85.00,0
22:56:29,38.992817,-76.939362,3.00,85.00,0
22:56:29,38.992817,-76.939362,1.60,85.00,0
22:56:30,38.992756,-76.939354,1.60,85.00,0
22:56:30,38.992756,-76.939354,0.90,97.00,0
22:56:31,38.992756,-76.939346,0.90,97.00,0
22:56:31,38.992756,-76.939346,0.00,93.00,0
22:56:32,38.992748,-76.939339,0.00,93.00,0
22:56:32,38.992748,-76.939339,-1.80,93.00,0
22:56:33,38.992752,-76.939331,-1.80,93.00,0
22:56:33,38.992752,-76.939331,-7.50,176.00,0
22:56:34,38.992767,-76.939339,-7.50,176.00,0
22:56:34,38.992767,-76.939339,-6.40,88.00,0
22:56:35,38.992779,-76.939339,-6.40,88.00,0
22:56:35,38.992779,-76.939339,-5.30,85.00,0
22:56:36,38.992855,-76.939339,-5.30,85.00,0
22:56:36,38.992855,-76.939339,-5.10,86.00,0
22:56:37,38.992870,-76.939339,-5.10,86.00,0
22:56:37,38.992870,-76.939339,-3.80,90.00,0
22:56:38,38.992886,-76.939346,-3.80,90.00,0
22:56:38,38.992886,-76.939346,-2.50,86.00,0
22:56:39,38.992920,-76.939339,-2.50,86.00,0
22:56:39,38.992920,-76.939339,-3.80,122.00,0
22:56:40,38.992924,-76.939339,-3.80,122.00,0
22:56:40,38.992924,-76.939339,-2.50,86.00,0
22:56:41,38.992931,-76.939331,-2.50,86.00,0
22:56:41,38.992931,-76.939331,-2.30,85.00,0
22:56:42,38.992947,-76.939331,-2.30,85.00,0
22:56:42,38.992947,-76.939331,1.40,91.00,0
22:56:43,38.992962,-76.939323,1.40,91.00,0
22:56:43,38.992962,-76.939323,2.80,85.00,0
22:56:44,38.992981,-76.939331,2.80,85.00,0
22:56:44,38.992981,-76.939331,5.00,90.00,0
22:56:45,38.993008,-76.939323,5.00,90.00,0
22:56:45,38.993008,-76.939323,5.10,90.00,0
22:56:46,38.992996,-76.939331,5.10,90.00,0
22:56:46,38.992996,-76.939331,8.90,85.00,0
22:56:47,38.992992,-76.939331,8.90,85.00,0
22:56:47,38.992992,-76.939331,10.60,92.00,0
22:56:48,38.992996,-76.939339,10.60,92.00,0
22:56:48,38.992996,-76.939339,12.50,86.00,0
22:56:49,38.993000,-76.939339,12.50,86.00,0
22:56:49,38.993000,-76.939339,13.70,85.00,0
22:56:50,38.992996,-76.939331,13.70,85.00,0
22:56:50,38.992996,-76.939331,14.30,85.00,0
22:56:51,38.992996,-76.939331,14.30,85.00,0
22:56:51,38.992996,-76.939331,14.90,91.00,0
22:56:52,38.992996,-76.939331,14.90,91.00,0
22:56:52,38.992996,-76.939331,15.30,85.00,0
22:56:53,38.992992,-76.939323,15.30,85.00,0
22:56:53,38.992992,-76.939323,16.50,80.00,0
22:56:54,38.992989,-76.939316,15.00,85.00,0
22:56:55,38.992989,-76.939308,15.00,85.00,0
22:56:55,38.992989,-76.939308,16.30,89.00,0
22:56:56,38.992977,-76.939301,16.30,89.00,0
22:56:56,38.992977,-76.939301,18.30,80.00,0
22:56:57,38.992981,-76.939293,18.30,80.00,0
22:56:57,38.992981,-76.939293,16.10,85.00,0
22:56:58,38.992977,-76.939285,16.10,85.00,0
22:56:58,38.992977,-76.939285,17.10,84.00,0
22:56:59,38.992973,-76.939270,17.10,84.00,0
22:56:59,38.992973,-76.939270,20.50,80.00,0
22:57:0,38.992970,-76.939255,20.50,80.00,0
22:57:0,38.992970,-76.939255,21.60,84.00,0
22:57:1,38.992970,-76.939247,21.60,84.00,0
22:57:1,38.992970,-76.939247,25.00,81.00,0
22:57:2,38.992973,-76.939247,25.00,81.00,0
22:57:2,38.992973,-76.939247,26.50,80.00,0
22:57:3,38.992981,-76.939240,26.50,80.00,0
22:57:3,38.992981,-76.939240,24.20,87.00,0
22:57:4,38.992985,-76.939247,24.20,87.00,0
22:57:4,38.992985,-76.939247,26.90,91.00,0
22:57:5,38.992992,-76.939240,26.90,91.00,0
22:57:5,38.992992,-76.939240,27.60,88.00,0
22:57:6,38.993004,-76.939232,27.60,88.00,0
22:57:6,38.993004,-76.939232,27.00,84.00,0
22:57:7,38.993015,-76.939224,27.00,84.00,0
22:57:7,38.993015,-76.939224,30.80,84.00,0
22:57:8,38.993019,-76.939224,31.50,85.00,0
22:57:9,38.993023,-76.939217,31.50,85.00,0
22:57:9,38.993023,-76.939217,31.40,85.00,0
22:57:10,38.993027,-76.939217,31.40,85.00,0
22:57:10,38.993027,-76.939217,35.20,80.00,0
22:57:11,38.993061,-76.939201,35.20,80.00,0
22:57:11,38.993061,-76.939201,35.60,80.00,0
22:57:12,38.993069,-76.939194,35.60,80.00,0
22:57:12,38.993069,-76.939194,36.40,84.00,0
22:57:13,38.993069,-76.939194,36.40,84.00,0
22:57:13,38.993069,-76.939194,38.70,84.00,0
22:57:14,38.993065,-76.939194,38.70,84.00,0
22:57:14,38.993065,-76.939194,40.60,84.00,0
22:57:15,38.993076,-76.939186,40.60,84.00,0
22:57:15,38.993076,-76.939186,38.60,81.00,0
22:57:16,38.993084,-76.939186,38.60,81.00,0
22:57:16,38.993084,-76.939186,39.30,81.00,0
22:57:17,38.993084,-76.939186,39.30,81.00,0
22:57:17,38.993084,-76.939186,40.10,107.00,0
22:57:18,38.993103,-76.939178,40.10,107.00,0
22:57:18,38.993103,-76.939178,39.90,115.00,0
22:57:19,38.993114,-76.939178,39.90,115.00,0
22:57:19,38.993114,-76.939178,39.70,107.00,0
22:57:20,38.993126,-76.939178,39.70,107.00,0
22:57:20,38.993126,-76.939178,39.90,107.00,0
22:57:21,38.993118,-76.939178,39.90,107.00,0
22:57:21,38.993118,-76.939178,41.30,90.00,0
22:57:22,38.993122,-76.939178,41.30,90.00,0
22:57:22,38.993122,-76.939178,42.70,81.00,0
22:57:23,38.993130,-76.939178,42.70,81.00,0
22:57:23,38.993130,-76.939178,43.60,80.00,0
22:57:24,38.993130,-76.939171,43.60,80.00,0
22:57:24,38.993130,-76.939171,42.00,114.00,0
22:57:25,38.993122,-76.939171,42.00,114.00,0
22:57:25,38.993122,-76.939171,41.60,80.00,0
22:57:26,38.993126,-76.939171,41.60,80.00,0
22:57:26,38.993126,-76.939171,42.50,80.00,0
22:57:27,38.993141,-76.939163,41.20,112.00,0
22:57:28,38.993141,-76.939163,41.20,112.00,0
22:57:28,38.993141,-76.939163,40.10,82.00,0
22:57:29,38.993153,-76.939163,40.10,82.00,0
22:57:29,38.993153,-76.939163,40.90,80.00,0
22:57:30,38.993145,-76.939163,40.90,80.00,0
22:57:30,38.993145,-76.939163,42.20,107.00,0
22:57:31,38.993141,-76.939163,42.20,107.00,0
22:57:31,38.993141,-76.939163,41.40,81.00,0
22:57:32,38.993153,-76.939163,41.40,81.00,0
22:57:32,38.993153,-76.939163,42.60,81.00,0
22:57:33,38.993122,-76.939178,42.60,81.00,0
22:57:33,38.993122,-76.939178,48.00,112.00,0
22:57:34,38.993126,-76.939186,48.00,112.00,0
22:57:34,38.993126,-76.939186,48.30,82.00,0
22:57:35,38.993134,-76.939201,48.30,82.00,0
22:57:35,38.993134,-76.939201,48.90,82.00,0
22:57:36,38.993107,-76.939217,48.90,82.00,0
22:57:36,38.993107,-76.939217,53.10,119.00,0
22:57:37,38.993088,-76.939224,52.10,87.00,0
22:57:38,38.993080,-76.939232,52.10,87.00,0
22:57:38,38.993080,-76.939232,53.20,82.00,0
22:57:39,38.993088,-76.939240,53.20,82.00,0
22:57:39,38.993088,-76.939240,51.10,114.00,0
22:57:40,38.993088,-76.939247,51.10,114.00,0
22:57:40,38.993088,-76.939247,51.50,90.00,0
22:57:41,38.993092,-76.939262,51.50,90.00,0
22:57:41,38.993092,-76.939262,52.50,82.00,0
22:57:42,38.993111,-76.939247,52.50,82.00,0
22:57:42,38.993111,-76.939247,45.50,85.00,0
22:57:43,38.993107,-76.939255,45.50,85.00,0
22:57:43,38.993107,-76.939255,44.10,80.00,0
22:57:44,38.993103,-76.939255,44.10,80.00,0
22:57:44,38.993103,-76.939255,46.30,80.00,0
22:57:45,38.993168,-76.939217,46.30,80.00,0
22:57:45,38.993168,-76.939217,37.80,114.00,0
22:57:46,38.993191,-76.939232,37.80,114.00,0
22:57:46,38.993191,-76.939232,37.30,92.00,0
22:57:47,38.993206,-76.939232,37.30,92.00,0
22:57:47,38.993206,-76.939232,36.90,87.00,0
22:57:48,38.993248,-76.939217,36.90,87.00,0
22:57:48,38.993248,-76.939217,31.90,114.00,0
22:57:49,38.993252,-76.939209,31.90,114.00,0
22:57:49,38.993252,-76.939209,31.40,80.00,0
22:57:50,38.993252,-76.939209,31.40,80.00,0
22:57:50,38.993252,-76.939209,30.60,109.00,0
22:57:51,38.993237,-76.939209,30.60,109.00,0
22:57:51,38.993237,-76.939209,28.30,160.00,0
22:57:52,38.993237,-76.939209,28.30,160.00,0
22:57:52,38.993237,-76.939209,28.20,80.00,0
22:57:53,38.993237,-76.939201,28.20,80.00,0
22:57:53,38.993237,-76.939201,28.80,80.00,0
22:57:54,38.993237,-76.939209,28.80,80.00,0
22:57:54,38.993237,-76.939209,25.00,160.00,0
22:57:55,38.993240,-76.939209,25.00,160.00,0
22:57:55,38.993240,-76.939209,26.10,87.00,0
22:57:56,38.993244,-76.939209,26.50,87.00,0
22:57:57,38.993248,-76.939217,26.50,87.00,0
22:57:57,38.993248,-76.939217,31.50,114.00,0
22:57:58,38.993244,-76.939224,31.50,114.00,0
22:57:58,38.993244,-76.939224,32.30,80.00,0
22:57:59,38.993244,-76.939224,32.30,80.00,0
22:57:59,38.993244,-76.939224,33.20,81.00,0
22:58:0,38.993237,-76.939217,33.20,81.00,0
22:58:0,38.993237,-76.939217,31.70,85.00,0
22:58:1,38.993233,-76.939217,31.70,85.00,0
22:58:1,38.993233,-76.939217,33.10,80.00,0
22:58:2,38.993237,-76.939217,33.10,80.00,0
22:58:2,38.993237,-76.939217,33.80,80.00,0
22:58:3,38.993217,-76.939217,33.80,80.00,0
22:58:3,38.993217,-76.939217,31.90,89.00,0
22:58:4,38.993221,-76.939217,31.90,89.00,0
22:58:4,38.993221,-76.939217,33.20,80.00,0
22:58:5,38.993221,-76.939209,33.20,80.00,0
22:58:5,38.993221,-76.939209,34.10,80.00,0
22:58:6,38.993187,-76.939232,34.10,80.00,0
22:58:6,38.993187,-76.939232,38.20,160.00,0
22:58:7,38.993195,-76.939232,38.20,160.00,0
22:58:7,38.993195,-76.939232,39.50,80.00,0
22:58:8,38.993202,-76.939232,39.50,80.00,0
22:58:8,38.993202,-76.939232,41.00,80.00,0
22:58:9,38.993160,-76.939262,41.00,80.00,0
22:58:9,38.993160,-76.939262,48.50,114.00,0
22:58:10,38.993160,-76.939262,50.40,80.00,0
22:58:11,38.993168,-76.939262,50.40,80.00,0
22:58:11,38.993168,-76.939262,53.30,107.00,0
22:58:12,38.993172,-76.939247,53.30,107.00,0
22:58:12,38.993172,-76.939247,51.40,112.00,0
22:58:13,38.993172,-76.939247,51.40,112.00,0
22:58:13,38.993172,-76.939247,53.20,83.00,0
22:58:14,38.993172,-76.939247,53.20,83.00,0
22:58:14,38.993172,-76.939247,54.40,80.00,0
22:58:15,38.993210,-76.939224,54.40,80.00,0
22:58:15,38.993210,-76.939224,48.70,109.00,0
22:58:16,38.993221,-76.939232,48.70,109.00,0
22:58:16,38.993221,-76.939232,48.70,80.00,0
22:58:17,38.993225,-76.939224,48.70,80.00,0
22:58:17,38.993225,-76.939224,49.80,80.00,0
22:58:18,38.993240,-76.939217,49.80,80.00,0
22:58:18,38.993240,-76.939217,47.90,114.00,0
22:58:19,38.993240,-76.939217,47.90,114.00,0
22:58:19,38.993240,-76.939217,48.30,107.00,0
22:58:20,38.993244,-76.939217,48.60,80.00,0
22:58:23,38.992577,-76.939156,48.60,9999.00,0
22:58:23,38.992577,-76.939156,87.90,80.00,0
22:58:24,38.992889,-76.939041,87.90,80.00,0
22:58:24,38.992889,-76.939041,71.80,84.00,0
22:58:25,38.992851,-76.939087,71.80,84.00,0
22:58:25,38.992851,-76.939087,75.70,92.00,0
22:58:26,38.992889,-76.939072,75.70,92.00,0
22:58:26,38.992889,-76.939072,71.30,85.00,0
22:58:27,38.992905,-76.939079,71.30,85.00,0
22:58:27,38.992905,-76.939079,71.30,114.00,0
22:58:28,38.992897,-76.939095,71.30,114.00,0
22:58:28,38.992897,-76.939095,70.50,101.00,0
22:58:29,38.992908,-76.939102,70.50,101.00,0
22:58:29,38.992908,-76.939102,68.10,101.00,0
22:58:30,38.992928,-76.939102,68.10,101.00,0
22:58:30,38.992928,-76.939102,63.10,137.00,0
22:58:31,38.992928,-76.939110,63.10,137.00,0
22:58:31,38.992928,-76.939110,63.20,119.00,0
22:58:32,38.992928,-76.939110,63.20,119.00,0
22:58:32,38.992928,-76.939110,61.30,119.00,0
22:58:33,38.992939,-76.939117,61.30,119.00,0
22:58:33,38.992939,-76.939117,59.10,118.00,0
22:58:34,38.992935,-76.939125,59.10,118.00,0
22:58:34,38.992935,-76.939125,56.50,118.00,0
22:58:35,38.992939,-76.939117,56.50,118.00,0
22:58:35,38.992939,-76.939117,51.90,95.00,0
22:58:36,38.993011,-76.939125,51.90,95.00,0
22:58:36,38.993011,-76.939125,51.50,81.00,0
22:58:37,38.993057,-76.939133,51.50,81.00,0
22:58:37,38.993057,-76.939133,48.50,77.00,0
22:58:38,38.993099,-76.939133,48.50,77.00,0
22:58:38,38.993099,-76.939133,47.10,77.00,0
22:58:39,38.993130,-76.939133,45.10,81.00,0
22:58:40,38.993141,-76.939140,45.10,81.00,0
22:58:40,38.993141,-76.939140,43.60,77.00,0
22:58:41,38.993149,-76.939140,43.60,77.00,0
22:58:41,38.993149,-76.939140,42.40,77.00,0
22:58:42,38.993160,-76.939140,42.40,77.00,0
22:58:42,38.993160,-76.939140,40.60,81.00,0
22:58:43,38.993168,-76.939148,40.60,81.00,0
22:58:43,38.993168,-76.939148,40.30,77.00,0
22:58:44,38.993172,-76.939148,40.30,77.00,0
22:58:44,38.993172,-76.939148,39.50,82.00,0
22:58:45,38.993179,-76.939148,39.50,82.00,0
22:58:45,38.993179,-76.939148,38.70,97.00,0
22:58:46,38.993172,-76.939156,38.70,97.00,0
22:58:46,38.993172,-76.939156,38.40,119.00,0
22:58:47,38.993160,-76.939156,38.40,119.00,0
22:58:47,38.993160,-76.939156,37.30,101.00,0
22:58:48,38.993149,-76.939148,37.30,101.00,0
22:58:48,38.993149,-76.939148,35.10,108.00,0
22:58:49,38.993141,-76.939156,35.10,108.00,0
22:58:49,38.993141,-76.939156,34.40,119.00,0
22:58:50,38.993130,-76.939156,34.40,119.00,0
22:58:50,38.993130,-76.939156,33.90,119.00,0
22:58:51,38.993145,-76.939156,33.90,119.00,0
22:58:51,38.993145,-76.939156,31.80,83.00,0
22:58:52,38.993141,-76.939148,31.80,83.00,0
22:58:52,38.993141,-76.939148,29.10,83.00,0
22:58:53,38.993134,-76.939148,28.40,137.00,0
22:58:54,38.993130,-76.939148,28.40,137.00,0
22:58:54,38.993130,-76.939148,25.80,164.00,0
22:58:55,38.993137,-76.939140,25.80,164.00,0
22:58:55,38.993137,-76.939140,24.00,119.00,0
22:58:56,38.993137,-76.939148,24.00,119.00,0
22:58:56,38.993137,-76.939148,24.50,137.00,0
22:58:57,38.993130,-76.939156,24.50,137.00,0
22:58:57,38.993130,-76.939156,24.80,127.00,0
22:58:58,38.993130,-76.939148,24.80,127.00,0
22:58:58,38.993130,-76.939148,22.90,119.00,0
22:58:59,38.993114,-76.939148,22.90,119.00,0
22:58:59,38.993114,-76.939148,22.90,137.00,0
22:59:0,38.993126,-76.939140,22.90,137.00,0
22:59:0,38.993126,-76.939140,21.40,91.00,0
22:59:1,38.993134,-76.939133,21.40,91.00,0
22:59:1,38.993134,-76.939133,22.40,84.00,0
22:59:2,38.993137,-76.939125,22.40,84.00,0
22:59:2,38.993137,-76.939125,21.90,86.00,0
22:59:3,38.993141,-76.939117,21.90,86.00,0
22:59:3,38.993141,-76.939117,21.00,92.00,0
22:59:4,38.993141,-76.939117,21.00,92.00,0
22:59:4,38.993141,-76.939117,21.70,92.00,0
22:59:5,38.993145,-76.939117,21.70,92.00,0
22:59:5,38.993145,-76.939117,22.00,92.00,0
22:59:6,38.993153,-76.939110,22.00,92.00,0
22:59:6,38.993153,-76.939110,19.10,92.00,0
22:59:7,38.993156,-76.939117,19.10,92.00,0
22:59:7,38.993156,-76.939117,19.40,92.00,0
22:59:8,38.993153,-76.939117,19.40,92.00,0
22:59:8,38.993153,-76.939117,20.20,92.00,0
22:59:9,38.993149,-76.939133,20.20,92.00,0
22:59:9,38.993149,-76.939133,23.50,84.00,0
22:59:10,38.993156,-76.939133,23.50,84.00,0
22:59:10,38.993156,-76.939133,22.80,84.00,0
22:59:11,38.993160,-76.939140,22.80,84.00,0
22:59:11,38.993160,-76.939140,23.40,84.00,0
22:59:12,38.993156,-76.939140,23.40,84.00,0
22:59:12,38.993156,-76.939140,23.80,90.00,0
22:59:13,38.993164,-76.939140,23.80,90.00,0
22:59:13,38.993164,-76.939140,22.60,84.00,0
22:59:14,38.993160,-76.939140,22.60,84.00,0
22:59:14,38.993160,-76.939140,23.10,84.00,0
22:59:15,38.993153,-76.939133,23.10,84.00,0
22:59:15,38.993153,-76.939133,25.30,78.00,0
22:59:16,38.993156,-76.939133,25.30,78.00,0
22:59:16,38.993156,-76.939133,26.20,78.00,0
22:59:17,38.993160,-76.939125,26.20,78.00,0
22:59:17,38.993160,-76.939125,27.40,79.00,0
22:59:18,38.993149,-76.939125,27.40,79.00,0
22:59:18,38.993149,-76.939125,29.60,78.00,0
22:59:19,38.993156,-76.939125,29.60,78.00,0
22:59:19,38.993156,-76.939125,29.30,80.00,0
22:59:20,38.993160,-76.939125,29.30,80.00,0
22:59:20,38.993160,-76.939125,30.30,80.00,0
22:59:21,38.993156,-76.939133,30.30,80.00,0
22:59:21,38.993156,-76.939133,32.90,80.00,0
22:59:22,38.993172,-76.939133,32.40,80.00,0
22:59:23,38.993179,-76.939140,32.40,80.00,0
22:59:23,38.993179,-76.939140,34.20,80.00,0
22:59:24,38.993191,-76.939140,34.20,80.00,0
22:59:24,38.993191,-76.939140,36.00,80.00,0
22:59:25,38.993206,-76.939148,36.00,80.00,0
22:59:25,38.993206,-76.939148,36.50,80.00,0
22:59:26,38.993206,-76.939148,36.50,80.00,0
22:59:26,38.993206,-76.939148,36.20,80.00,0
22:59:27,38.993210,-76.939148,36.20,80.00,0
22:59:27,38.993210,-76.939148,35.30,83.00,0
22:59:28,38.993206,-76.939148,35.30,83.00,0
22:59:28,38.993206,-76.939148,36.40,80.00,0
22:59:29,38.993206,-76.939156,36.40,80.00,0
22:59:29,38.993206,-76.939156,38.00,87.00,0
22:59:30,38.993225,-76.939156,38.00,87.00,0
22:59:30,38.993225,-76.939156,34.60,80.00,0
22:59:31,38.993217,-76.939148,34.60,80.00,0
22:59:31,38.993217,-76.939148,35.60,80.00,0
22:59:32,38.993214,-76.939148,35.60,80.00,0
22:59:32,38.993214,-76.939148,36.00,80.00,0
22:59:33,38.993221,-76.939148,36.00,80.00,0
22:59:33,38.993221,-76.939148,35.10,80.00,0
22:59:34,38.993225,-76.939148,35.10,80.00,0
22:59:34,38.993225,-76.939148,35.90,80.00,0
22:59:35,38.993225,-76.939148,35.90,80.00,0
22:59:35,38.993225,-76.939148,36.40,80.00,0
22:59:36,38.993229,-76.939148,35.00,81.00,0
22:59:37,38.993229,-76.939148,35.00,81.00,0
22:59:37,38.993229,-76.939148,36.60,80.00,0
22:59:38,38.993233,-76.939156,36.60,80.00,0
22:59:38,38.993233,-76.939156,39.10,80.00,0
22:59:39,38.993237,-76.939156,39.10,80.00,0
22:59:39,38.993237,-76.939156,42.60,80.00,0
22:59:40,38.993256,-76.939156,42.60,80.00,0
22:59:40,38.993256,-76.939156,44.30,80.00,0
22:59:41,38.993279,-76.939148,46.30,80.00,0
22:59:42,38.993279,-76.939140,46.30,80.00,0
22:59:42,38.993279,-76.939140,44.80,86.00,0
22:59:43,38.993271,-76.939133,44.80,86.00,0
22:59:43,38.993271,-76.939133,45.60,80.00,0
22:59:44,38.993282,-76.939125,45.60,80.00,0
22:59:44,38.993282,-76.939125,46.50,80.00,0
22:59:45,38.993275,-76.939125,46.50,80.00,0
22:59:45,38.993275,-76.939125,48.60,80.00,0
22:59:46,38.993275,-76.939110,48.60,80.00,0
22:59:46,38.993275,-76.939110,49.50,86.00,0
22:59:47,38.993271,-76.939102,49.50,86.00,0
22:59:47,38.993271,-76.939102,51.00,80.00,0
22:59:48,38.993267,-76.939102,51.00,80.00,0
22:59:48,38.993267,-76.939102,53.70,83.00,0
22:59:49,38.993267,-76.939102,53.70,83.00,0
22:59:49,38.993267,-76.939102,54.50,80.00,0
22:59:50,38.993263,-76.939102,54.50,80.00,0
22:59:50,38.993263,-76.939102,56.10,80.00,0
22:59:51,38.993275,-76.939110,56.10,80.00,0
22:59:51,38.993275,-76.939110,52.10,86.00,0
22:59:52,38.993275,-76.939102,52.10,86.00,0
22:59:52,38.993275,-76.939102,53.60,87.00,0
22:59:53,38.993279,-76.939102,53.60,87.00,0
22:59:53,38.993279,-76.939102,54.60,87.00,0
22:59:54,38.993282,-76.939110,54.60,87.00,0
22:59:54,38.993282,-76.939110,51.60,80.00,0
22:59:55,38.993286,-76.939102,53.30,80.00,0
22:59:56,38.993301,-76.939102,53.30,80.00,0
22:59:56,38.993301,-76.939102,54.90,86.00,0
22:59:57,38.993290,-76.939117,54.90,86.00,0
22:59:57,38.993290,-76.939117,54.30,82.00,0
22:59:58,38.993290,-76.939125,54.30,82.00,0
22:59:58,38.993290,-76.939125,54.90,82.00,0
22:59:59,38.993290,-76.939117,54.90,82.00,0
22:59:59,38.993290,-76.939117,55.50,83.00,0
23:0:0,38.993294,-76.939110,55.50,83.00,0
23:0:0,38.993294,-76.939110,56.10,83.00,0
23:0:1,38.993298,-76.939110,56.10,83.00,0
23:0:1,38.993298,-76.939110,56.50,81.00,0
23:0:2,38.993294,-76.939110,56.50,81.00,0
23:0:2,38.993294,-76.939110,57.30,87.00,0
23:0:3,38.993290,-76.939095,57.30,87.00,0
23:0:3,38.993290,-76.939095,58.20,80.00,0
23:0:4,38.993301,-76.939087,58.20,80.00,0
23:0:4,38.993301,-76.939087,59.60,80.00,0
23:0:5,38.993305,-76.939079,59.60,80.00,0
23:0:5,38.993305,-76.939079,60.30,86.00,0
23:0:6,38.993309,-76.939087,60.30,86.00,0
23:0:6,38.993309,-76.939087,58.60,109.00,0
23:0:7,38.993313,-76.939079,58.60,109.00,0
23:0:7,38.993313,-76.939079,59.40,80.00,0
23:0:8,38.993317,-76.939064,59.40,80.00,0
23:0:8,38.993317,-76.939064,60.30,81.00,0
23:0:9,38.993313,-76.939056,60.30,81.00,0
23:0:9,38.993313,-76.939056,66.30,81.00,0
23:0:10,38.993313,-76.939056,66.30,81.00,0
23:0:10,38.993313,-76.939056,66.60,81.00,0
23:0:11,38.993309,-76.939049,66.60,81.00,0
23:0:11,38.993309,-76.939049,67.80,81.00,0
23:0:12,38.993320,-76.939072,67.80,81.00,0
23:0:12,38.993320,-76.939072,66.60,123.00,0
23:0:13,38.993324,-76.939072,66.60,123.00,0
23:0:13,38.993324,-76.939072,67.20,131.00,0
23:0:14,38.993271,-76.939018,66.80,131.00,0
23:0:15,38.993263,-76.939034,66.80,131.00,0
23:0:15,38.993263,-76.939034,66.90,86.00,0
23:0:16,38.993263,-76.939026,66.90,86.00,0
23:0:16,38.993263,-76.939026,68.00,107.00,0
23:0:17,38.993256,-76.939018,68.00,107.00,0
23:0:17,38.993256,-76.939018,69.10,105.00,0
23:0:18,38.993237,-76.939041,69.10,105.00,0
23:0:18,38.993237,-76.939041,66.10,102.00,0
23:0:19,38.993221,-76.939056,66.10,102.00,0
23:0:19,38.993221,-76.939056,64.30,97.00,0
23:0:20,38.993202,-76.939064,64.30,97.00,0
23:0:20,38.993202,-76.939064,63.20,97.00,0
23:0:21,38.993153,-76.939087,63.20,97.00,0
23:0:21,38.993153,-76.939087,67.80,91.00,0
23:0:22,38.993145,-76.939087,67.80,91.00,0
23:0:22,38.993145,-76.939087,64.70,88.00,0
