INIT_GPS_LOG
23:26:10,38.993076,-76.939201,0.00,0.00,0
23:26:10,38.993076,-76.939201,25.90,88.00,0
23:26:20,38.993080,-76.939209,26.90,91.00,0
23:26:21,38.993080,-76.939209,26.90,91.00,0
23:26:21,38.993080,-76.939209,27.00,88.00,0
23:26:22,38.993080,-76.939209,27.00,88.00,0
23:26:22,38.993080,-76.939209,27.00,91.00,0
23:26:23,38.993080,-76.939209,27.00,91.00,0
23:26:23,38.993080,-76.939209,27.10,91.00,0
23:26:24,38.993080,-76.939209,27.10,91.00,0
23:26:24,38.993080,-76.939209,27.20,91.00,0
23:26:25,38.993076,-76.939209,27.20,91.00,0
23:26:25,38.993076,-76.939209,27.20,91.00,0
23:26:26,38.993076,-76.939209,27.20,91.00,0
23:26:26,38.993076,-76.939209,27.20,91.00,0
23:26:27,38.993076,-76.939209,27.20,91.00,0
23:26:27,38.993076,-76.939209,27.30,91.00,0
23:26:28,38.993076,-76.939209,27.30,91.00,0
23:26:28,38.993076,-76.939209,27.40,91.00,0
23:26:29,38.993073,-76.939209,27.40,91.00,0
23:26:29,38.993073,-76.939209,27.60,91.00,0
23:26:30,38.993073,-76.939209,27.60,91.00,0
23:26:30,38.993073,-76.939209,27.50,91.00,0
23:26:31,38.993073,-76.939209,27.50,91.00,0
23:26:31,38.993073,-76.939209,27.50,91.00,0
23:26:32,38.993069,-76.939201,27.50,91.00,0
23:26:32,38.993069,-76.939201,27.50,91.00,0
23:26:33,38.993069,-76.939201,27.50,91.00,0
23:26:33,38.993069,-76.939201,27.70,91.00,0
23:26:34,38.993069,-76.939201,27.70,91.00,0
23:26:34,38.993069,-76.939201,27.70,91.00,0
23:26:35,38.993069,-76.939201,27.70,91.00,0
23:26:35,38.993069,-76.939201,27.80,91.00,0
23:26:36,38.993069,-76.939201,27.80,91.00,0
23:26:36,38.993069,-76.939201,27.90,91.00,0
23:26:37,38.993069,-76.939201,27.90,91.00,0
23:26:37,38.993069,-76.939201,27.90,91.00,0
23:26:38,38.993073,-76.939201,27.90,91.00,0
23:26:38,38.993073,-76.939201,28.00,91.00,0
23:26:39,38.993069,-76.939201,28.00,91.00,0
23:26:39,38.993069,-76.939201,27.80,91.00,0
23:26:40,38.993069,-76.939201,27.80,91.00,0
23:26:40,38.993069,-76.939201,27.80,91.00,0
23:26:41,38.993069,-76.939201,27.80,91.00,0
23:26:41,38.993069,-76.939201,27.70,88.00,0
23:26:42,38.993069,-76.939201,27.70,88.00,0
23:26:42,38.993069,-76.939201,27.50,88.00,0
23:26:43,38.993069,-76.939201,27.50,88.00,0
23:26:43,38.993069,-76.939201,27.40,88.00,0
23:26:44,38.993065,-76.939201,27.40,88.00,0
23:26:44,38.993065,-76.939201,27.40,88.00,0
23:26:45,38.993065,-76.939201,27.40,88.00,0
23:26:45,38.993065,-76.939201,27.40,88.00,0
23:26:46,38.993065,-76.939201,27.40,88.00,0
23:26:46,38.993065,-76.939201,27.40,88.00,0
23:26:47,38.993065,-76.939201,27.40,88.00,0
23:26:47,38.993065,-76.939201,27.30,88.00,0
23:26:48,38.993065,-76.939201,27.30,88.00,0
23:26:48,38.993065,-76.939201,27.40,88.00,0
23:26:49,38.993065,-76.939201,27.40,88.00,0
23:26:49,38.993065,-76.939201,27.50,88.00,0
23:26:50,38.993065,-76.939201,27.50,88.00,0
23:26:50,38.993065,-76.939201,27.40,88.00,0
23:26:51,38.993065,-76.939201,27.40,88.00,0
23:26:51,38.993065,-76.939201,27.30,88.00,0
23:26:52,38.993065,-76.939201,27.30,88.00,0
23:26:52,38.993065,-76.939201,27.10,88.00,0
23:26:53,38.993065,-76.939201,27.10,88.00,0
23:26:53,38.993065,-76.939201,27.00,88.00,0
23:26:54,38.993065,-76.939201,27.00,88.00,0
23:26:54,38.993065,-76.939201,26.90,88.00,0
23:26:55,38.993065,-76.939201,26.90,88.00,0
23:26:55,38.993065,-76.939201,26.90,88.00,0
23:26:56,38.993065,-76.939201,26.90,88.00,0
23:26:56,38.993065,-76.939201,26.90,88.00,0
23:26:57,38.993065,-76.939201,26.90,88.00,0
23:26:57,38.993065,-76.939201,26.80,88.00,0
23:26:58,38.993065,-76.939201,26.80,88.00,0
23:26:58,38.993065,-76.939201,26.80,88.00,0
23:26:59,38.993065,-76.939201,26.80,88.00,0
23:26:59,38.993065,-76.939201,26.80,88.00,0
23:27:0,38.993065,-76.939201,26.80,88.00,0
23:27:0,38.993065,-76.939201,26.80,88.00,0
23:27:1,38.993065,-76.939201,26.80,88.00,0
23:27:1,38.993065,-76.939201,26.70,88.00,0
23:27:2,38.993065,-76.939201,26.70,88.00,0
23:27:2,38.993065,-76.939201,26.60,88.00,0
23:27:3,38.993065,-76.939201,26.60,88.00,0
23:27:3,38.993065,-76.939201,26.70,88.00,0
23:27:4,38.993065,-76.939201,26.70,88.00,0
23:27:4,38.993065,-76.939201,26.70,88.00,0
23:27:5,38.993065,-76.939201,26.70,88.00,0
23:27:5,38.993065,-76.939201,26.70,88.00,0
23:27:6,38.993061,-76.939201,26.70,88.00,0
23:27:6,38.993061,-76.939201,26.80,88.00,0
23:27:7,38.993061,-76.939201,26.80,88.00,0
23:27:7,38.993061,-76.939201,26.60,88.00,0
23:27:8,38.993061,-76.939201,26.60,88.00,0
23:27:8,38.993061,-76.939201,26.60,88.00,0
23:27:9,38.993061,-76.939201,26.60,88.00,0
23:27:9,38.993061,-76.939201,26.70,88.00,0
23:27:10,38.993061,-76.939194,26.70,88.00,0
23:27:10,38.993061,-76.939194,26.60,88.00,0
23:27:11,38.993061,-76.939194,26.60,88.00,0
23:27:11,38.993061,-76.939194,26.50,88.00,0
23:27:12,38.993061,-76.939194,26.50,88.00,0
23:27:13,38.993057,-76.939194,26.50,88.00,0
23:27:13,38.993057,-76.939194,26.50,88.00,0
23:27:14,38.993057,-76.939194,26.50,88.00,0
23:27:14,38.993057,-76.939194,26.50,88.00,0
23:27:15,38.993057,-76.939194,26.50,88.00,0
23:27:15,38.993057,-76.939194,26.50,88.00,0
23:27:16,38.993057,-76.939194,26.50,88.00,0
23:27:16,38.993057,-76.939194,26.50,88.00,0
23:27:17,38.993057,-76.939194,26.50,88.00,0
23:27:17,38.993057,-76.939194,26.50,88.00,0
23:27:18,38.993057,-76.939194,26.50,88.00,0
23:27:18,38.993057,-76.939194,26.60,88.00,0
23:27:19,38.993057,-76.939194,26.60,88.00,0
23:27:19,38.993057,-76.939194,26.70,88.00,0
23:27:20,38.993057,-76.939194,26.70,88.00,0
23:27:20,38.993057,-76.939194,26.80,88.00,0
23:27:21,38.993057,-76.939194,26.80,88.00,0
23:27:21,38.993057,-76.939194,26.90,88.00,0
23:27:22,38.993057,-76.939186,26.90,88.00,0
23:27:22,38.993057,-76.939186,26.80,88.00,0
23:27:23,38.993057,-76.939186,26.80,88.00,0
23:27:23,38.993057,-76.939186,26.90,88.00,0
23:27:24,38.993057,-76.939186,26.90,88.00,0
23:27:24,38.993057,-76.939186,26.90,88.00,0
23:27:25,38.993057,-76.939186,26.90,88.00,0
23:27:25,38.993057,-76.939186,26.90,88.00,0
23:27:26,38.993057,-76.939186,26.90,88.00,0
23:27:26,38.993057,-76.939186,26.90,88.00,0
23:27:27,38.993057,-76.939194,26.90,88.00,0
23:27:27,38.993057,-76.939194,27.30,88.00,0
23:27:28,38.993057,-76.939194,27.30,88.00,0
23:27:28,38.993057,-76.939194,27.50,88.00,0
23:27:29,38.993053,-76.939194,27.50,88.00,0
23:27:29,38.993053,-76.939194,27.30,88.00,0
23:27:30,38.993057,-76.939201,27.30,88.00,0
23:27:30,38.993057,-76.939201,27.10,88.00,0
23:27:31,38.993053,-76.939194,27.10,88.00,0
23:27:31,38.993053,-76.939194,26.50,88.00,0
23:27:32,38.993053,-76.939201,26.50,88.00,0
23:27:32,38.993053,-76.939201,26.70,88.00,0
23:27:33,38.993050,-76.939201,26.70,88.00,0
23:27:33,38.993050,-76.939201,26.70,88.00,0
23:27:34,38.993046,-76.939201,26.70,88.00,0
23:27:34,38.993046,-76.939201,26.70,88.00,0
23:27:35,38.993046,-76.939201,26.70,88.00,0
23:27:35,38.993046,-76.939201,26.70,89.00,0
23:27:36,38.993042,-76.939201,26.70,89.00,0
23:27:36,38.993042,-76.939201,26.80,88.00,0
23:27:37,38.993042,-76.939201,26.80,88.00,0
23:27:37,38.993042,-76.939201,26.80,88.00,0
23:27:38,38.993042,-76.939201,26.80,88.00,0
23:27:38,38.993042,-76.939201,26.80,88.00,0
23:27:39,38.993042,-76.939201,26.80,88.00,0
23:27:39,38.993042,-76.939201,26.70,88.00,0
23:27:40,38.993038,-76.939201,26.70,88.00,0
23:27:40,38.993038,-76.939201,26.70,88.00,0
23:27:41,38.993038,-76.939201,26.70,88.00,0
23:27:41,38.993038,-76.939201,26.80,88.00,0
23:27:42,38.993034,-76.939201,26.80,88.00,0
23:27:42,38.993034,-76.939201,26.90,88.00,0
23:27:43,38.993034,-76.939201,26.90,88.00,0
23:27:43,38.993034,-76.939201,26.90,88.00,0
23:27:44,38.993034,-76.939201,26.90,88.00,0
23:27:44,38.993034,-76.939201,26.90,94.00,0
23:27:45,38.993034,-76.939201,26.90,94.00,0
23:27:45,38.993034,-76.939201,26.80,94.00,0
23:27:46,38.993034,-76.939201,26.80,94.00,0
23:27:46,38.993034,-76.939201,26.80,94.00,0
23:27:47,38.993034,-76.939201,26.80,94.00,0
23:27:47,38.993034,-76.939201,26.80,94.00,0
23:27:48,38.993034,-76.939201,26.80,94.00,0
23:27:48,38.993034,-76.939201,26.80,94.00,0
23:27:49,38.993034,-76.939201,26.80,94.00,0
23:27:49,38.993034,-76.939201,26.80,94.00,0
23:27:50,38.993031,-76.939201,26.80,94.00,0
23:27:50,38.993031,-76.939201,26.80,94.00,0
23:27:51,38.993031,-76.939201,26.80,94.00,0
23:27:51,38.993031,-76.939201,26.80,94.00,0
23:27:52,38.993031,-76.939201,26.80,94.00,0
23:27:52,38.993031,-76.939201,26.80,94.00,0
23:27:53,38.993031,-76.939201,26.80,94.00,0
23:27:53,38.993031,-76.939201,26.80,94.00,0
23:27:54,38.993031,-76.939201,26.80,94.00,0
23:27:54,38.993031,-76.939201,26.90,94.00,0
23:27:55,38.993031,-76.939201,26.90,94.00,0
23:27:55,38.993031,-76.939201,26.90,94.00,0
23:27:56,38.993031,-76.939201,26.90,94.00,0
23:27:56,38.993031,-76.939201,27.00,94.00,0
23:27:57,38.993031,-76.939201,27.00,94.00,0
23:27:57,38.993031,-76.939201,27.10,94.00,0
23:27:58,38.993031,-76.939201,27.10,94.00,0
23:27:58,38.993031,-76.939201,27.20,94.00,0
23:27:59,38.993034,-76.939201,27.20,94.00,0
23:27:59,38.993034,-76.939201,27.20,94.00,0
23:28:0,38.993034,-76.939201,27.20,94.00,0
23:28:0,38.993034,-76.939201,27.30,89.00,0
23:28:1,38.993034,-76.939201,27.30,89.00,0
23:28:1,38.993034,-76.939201,27.30,89.00,0
23:28:2,38.993034,-76.939201,27.30,89.00,0
23:28:2,38.993034,-76.939201,27.30,89.00,0
23:28:3,38.993034,-76.939201,27.30,89.00,0
23:28:3,38.993034,-76.939201,27.30,89.00,0
23:28:4,38.993034,-76.939201,27.30,89.00,0
23:28:4,38.993034,-76.939201,27.40,89.00,0
23:28:5,38.993034,-76.939201,27.40,89.00,0
23:28:5,38.993034,-76.939201,27.50,89.00,0
23:28:6,38.993038,-76.939201,27.50,89.00,0
23:28:6,38.993038,-76.939201,27.70,89.00,0
23:28:7,38.993038,-76.939201,27.70,89.00,0
23:28:7,38.993038,-76.939201,27.80,89.00,0
23:28:8,38.993038,-76.939201,27.80,89.00,0
23:28:8,38.993038,-76.939201,28.00,89.00,0
23:28:9,38.993038,-76.939201,28.00,89.00,0
23:28:9,38.993038,-76.939201,28.10,89.00,0
23:28:10,38.993042,-76.939201,28.10,89.00,0
23:28:10,38.993042,-76.939201,28.30,89.00,0
23:28:11,38.993042,-76.939201,28.30,89.00,0
23:28:11,38.993042,-76.939201,28.50,89.00,0
23:28:12,38.993042,-76.939201,28.50,89.00,0
23:28:12,38.993042,-76.939201,28.70,89.00,0
23:28:13,38.993042,-76.939201,28.70,89.00,0
23:28:13,38.993042,-76.939201,28.70,89.00,0
23:28:14,38.993042,-76.939201,28.70,89.00,0
23:28:14,38.993042,-76.939201,28.80,89.00,0
23:28:15,38.993046,-76.939201,28.80,89.00,0
23:28:15,38.993046,-76.939201,28.90,89.00,0
23:28:16,38.993046,-76.939209,28.90,89.00,0
23:28:16,38.993046,-76.939209,29.00,89.00,0
23:28:17,38.993046,-76.939209,29.00,89.00,0
23:28:17,38.993046,-76.939209,29.10,89.00,0
23:28:18,38.993050,-76.939209,29.10,89.00,0
23:28:18,38.993050,-76.939209,29.10,89.00,0
23:28:19,38.993050,-76.939209,29.10,89.00,0
23:28:19,38.993050,-76.939209,29.20,89.00,0
23:28:20,38.993050,-76.939209,29.20,89.00,0
23:28:20,38.993050,-76.939209,29.30,89.00,0
23:28:21,38.993053,-76.939209,29.30,89.00,0
23:28:21,38.993053,-76.939209,29.40,89.00,0
23:28:22,38.993053,-76.939209,29.40,89.00,0
23:28:22,38.993053,-76.939209,29.40,89.00,0
23:28:23,38.993053,-76.939209,29.40,89.00,0
23:28:23,38.993053,-76.939209,29.50,89.00,0
23:28:24,38.993053,-76.939209,29.50,89.00,0
23:28:24,38.993053,-76.939209,29.50,89.00,0
23:28:25,38.993057,-76.939209,29.50,89.00,0
23:28:25,38.993057,-76.939209,29.60,72.00,0
23:28:26,38.993057,-76.939209,29.60,72.00,0
23:28:26,38.993057,-76.939209,29.60,72.00,0
23:28:27,38.993057,-76.939209,29.60,72.00,0
23:28:27,38.993057,-76.939209,29.60,72.00,0
23:28:28,38.993061,-76.939209,29.60,72.00,0
23:28:28,38.993061,-76.939209,29.60,72.00,0
23:28:29,38.993061,-76.939209,29.60,72.00,0
23:28:29,38.993061,-76.939209,29.60,72.00,0
23:28:30,38.993065,-76.939209,29.60,72.00,0
23:28:30,38.993065,-76.939209,29.60,72.00,0
23:28:31,38.993065,-76.939209,29.60,72.00,0
23:28:31,38.993065,-76.939209,29.60,72.00,0
23:28:32,38.993065,-76.939209,29.60,72.00,0
23:28:32,38.993065,-76.939209,29.50,72.00,0
23:28:33,38.993065,-76.939209,29.50,72.00,0
23:28:33,38.993065,-76.939209,29.50,72.00,0
23:28:34,38.993065,-76.939209,29.50,72.00,0
23:28:34,38.993065,-76.939209,29.40,72.00,0
23:28:35,38.993069,-76.939209,29.40,72.00,0
23:28:35,38.993069,-76.939209,29.40,72.00,0
23:28:36,38.993069,-76.939209,29.40,72.00,0
23:28:36,38.993069,-76.939209,29.40,72.00,0
23:28:37,38.993069,-76.939209,29.40,72.00,0
23:28:37,38.993069,-76.939209,29.30,72.00,0
23:28:38,38.993069,-76.939209,29.30,72.00,0
23:28:38,38.993069,-76.939209,29.30,72.00,0
23:28:39,38.993069,-76.939217,29.30,72.00,0
23:28:39,38.993069,-76.939217,29.40,76.00,0
23:28:40,38.993065,-76.939217,29.40,76.00,0
23:28:40,38.993065,-76.939217,29.40,76.00,0
23:28:41,38.993065,-76.939217,29.40,76.00,0
23:28:41,38.993065,-76.939217,29.50,76.00,0
23:28:42,38.993065,-76.939217,29.50,76.00,0
23:28:42,38.993065,-76.939217,29.60,76.00,0
23:28:43,38.993065,-76.939217,29.60,76.00,0
23:28:43,38.993065,-76.939217,29.40,76.00,0
23:28:44,38.993061,-76.939217,29.40,76.00,0
23:28:44,38.993061,-76.939217,29.20,76.00,0
23:28:45,38.993061,-76.939217,29.20,76.00,0
23:28:45,38.993061,-76.939217,29.20,72.00,0
23:28:46,38.993061,-76.939217,29.20,72.00,0
23:28:46,38.993061,-76.939217,29.10,72.00,0
23:28:47,38.993061,-76.939217,29.10,72.00,0
23:28:47,38.993061,-76.939217,29.10,89.00,0
23:28:48,38.993057,-76.939217,29.10,89.00,0
23:28:48,38.993057,-76.939217,29.00,89.00,0
23:28:49,38.993057,-76.939217,29.00,89.00,0
23:28:49,38.993057,-76.939217,28.90,89.00,4
23:28:50,38.993057,-76.939217,28.90,89.00,4
23:28:50,38.993057,-76.939217,28.80,89.00,4
23:28:51,38.993053,-76.939217,28.80,89.00,4
23:28:51,38.993053,-76.939217,28.70,89.00,4
23:28:52,38.993053,-76.939217,28.70,89.00,4
23:28:52,38.993053,-76.939217,28.70,89.00,4
23:28:53,38.993050,-76.939217,28.70,89.00,4
23:28:53,38.993050,-76.939217,28.60,89.00,4
23:28:54,38.993050,-76.939217,28.60,89.00,4
23:28:54,38.993050,-76.939217,29.10,89.00,4
23:28:55,38.993050,-76.939217,29.10,89.00,4
23:28:55,38.993050,-76.939217,29.30,89.00,4
23:28:56,38.993050,-76.939217,29.30,89.00,4
23:28:56,38.993050,-76.939217,29.40,89.00,4
23:28:57,38.993046,-76.939217,29.40,89.00,4
23:28:57,38.993046,-76.939217,29.40,89.00,4
23:28:58,38.993046,-76.939217,29.40,89.00,4
23:28:58,38.993046,-76.939217,29.30,89.00,4
23:28:59,38.993042,-76.939217,29.20,74.00,1
23:29:0,38.993042,-76.939217,29.20,74.00,1
23:29:0,38.993042,-76.939217,29.10,72.00,1
23:29:1,38.993042,-76.939217,29.10,72.00,1
23:29:1,38.993042,-76.939217,29.00,72.00,1
23:29:2,38.993038,-76.939217,29.00,72.00,1
23:29:2,38.993038,-76.939217,29.10,72.00,1
23:29:3,38.993038,-76.939217,29.10,72.00,1
23:29:3,38.993038,-76.939217,29.10,72.00,1
23:29:4,38.993038,-76.939217,29.10,72.00,1
23:29:4,38.993038,-76.939217,29.20,72.00,1
23:29:5,38.993038,-76.939217,29.20,72.00,1
23:29:5,38.993038,-76.939217,29.10,72.00,1
23:29:6,38.993038,-76.939217,29.10,72.00,1
23:29:6,38.993038,-76.939217,29.00,72.00,1
23:29:7,38.993038,-76.939217,29.00,72.00,0
23:29:7,38.993038,-76.939217,28.90,72.00,0
23:29:9,38.992996,-76.939186,28.90,9999.00,0
23:29:9,38.992996,-76.939186,31.20,71.00,0
23:29:10,38.992985,-76.939178,31.20,71.00,0
23:29:10,38.992985,-76.939178,31.90,71.00,0
23:29:11,38.992992,-76.939186,31.90,71.00,0
23:29:11,38.992992,-76.939186,31.60,71.00,0
23:29:12,38.992996,-76.939194,31.60,71.00,0
23:29:12,38.992996,-76.939194,31.40,71.00,0
23:29:13,38.993000,-76.939194,31.40,71.00,0
23:29:13,38.993000,-76.939194,31.20,71.00,0
23:29:14,38.993004,-76.939194,31.20,71.00,0
23:29:14,38.993004,-76.939194,31.10,71.00,0
23:29:15,38.993008,-76.939201,31.10,71.00,0
23:29:15,38.993008,-76.939201,31.00,71.00,0
23:29:16,38.993011,-76.939201,31.00,71.00,0
23:29:16,38.993011,-76.939201,30.80,71.00,0
23:29:17,38.993015,-76.939201,30.80,71.00,0
23:29:17,38.993015,-76.939201,30.70,71.00,0
23:29:18,38.993019,-76.939201,30.70,71.00,0
23:29:18,38.993019,-76.939201,30.70,71.00,0
23:29:19,38.993019,-76.939209,30.70,71.00,0
23:29:19,38.993019,-76.939209,30.60,71.00,0
23:29:20,38.993023,-76.939209,30.60,71.00,0
23:29:20,38.993023,-76.939209,30.50,71.00,0
23:29:21,38.993027,-76.939209,30.50,71.00,0
23:29:21,38.993027,-76.939209,30.40,71.00,0
23:29:22,38.993031,-76.939209,30.40,71.00,0
23:29:22,38.993031,-76.939209,30.30,71.00,0
23:29:23,38.993031,-76.939209,30.30,71.00,0
23:29:23,38.993031,-76.939209,30.30,71.00,0
23:29:24,38.993034,-76.939209,30.30,71.00,0
23:29:24,38.993034,-76.939209,30.30,71.00,0
23:29:25,38.993038,-76.939209,30.30,71.00,0
23:29:25,38.993038,-76.939209,30.30,73.00,0
23:29:26,38.993038,-76.939217,30.30,73.00,0
23:29:26,38.993038,-76.939217,30.40,73.00,0
23:29:27,38.993042,-76.939217,30.40,73.00,0
23:29:27,38.993042,-76.939217,30.30,73.00,0
23:29:28,38.993042,-76.939217,30.30,73.00,0
23:29:28,38.993042,-76.939217,30.30,71.00,0
23:29:29,38.993046,-76.939217,30.30,71.00,0
23:29:29,38.993046,-76.939217,30.40,71.00,0
23:29:30,38.993046,-76.939217,30.40,71.00,0
23:29:30,38.993046,-76.939217,30.60,71.00,0
23:29:31,38.993050,-76.939217,30.60,71.00,0
23:29:31,38.993050,-76.939217,30.80,71.00,0
23:29:32,38.993050,-76.939217,30.80,71.00,0
23:29:32,38.993050,-76.939217,30.90,71.00,0
23:29:33,38.993053,-76.939217,30.90,71.00,0
23:29:33,38.993053,-76.939217,30.90,71.00,0
23:29:34,38.993053,-76.939217,30.90,71.00,0
23:29:34,38.993053,-76.939217,31.00,71.00,0
23:29:35,38.993053,-76.939217,31.00,71.00,0
23:29:35,38.993053,-76.939217,31.10,70.00,0
23:29:36,38.993053,-76.939217,31.10,70.00,0
23:29:36,38.993053,-76.939217,31.10,70.00,0
23:29:37,38.993053,-76.939217,31.10,70.00,0
23:29:37,38.993053,-76.939217,31.20,70.00,0
23:29:38,38.993053,-76.939217,31.20,70.00,0
23:29:39,38.993053,-76.939217,31.20,70.00,0
23:29:39,38.993053,-76.939217,31.20,70.00,0
23:29:40,38.993053,-76.939217,31.20,70.00,0
23:29:40,38.993053,-76.939217,31.30,70.00,0
23:29:41,38.993057,-76.939224,31.30,70.00,0
23:29:41,38.993057,-76.939224,31.30,70.00,0
23:29:42,38.993057,-76.939224,31.30,70.00,0
23:29:42,38.993057,-76.939224,31.40,70.00,0
23:29:43,38.993057,-76.939224,31.40,70.00,0
23:29:43,38.993057,-76.939224,31.40,70.00,0
23:29:44,38.993057,-76.939224,31.40,70.00,0
23:29:44,38.993057,-76.939224,31.50,70.00,0
23:29:45,38.993057,-76.939224,31.50,70.00,0
23:29:45,38.993057,-76.939224,31.60,70.00,0
23:29:46,38.993057,-76.939224,31.60,70.00,0
23:29:46,38.993057,-76.939224,31.70,70.00,0
23:29:47,38.993057,-76.939224,31.80,70.00,0
23:29:48,38.993057,-76.939224,31.80,70.00,0
23:29:48,38.993057,-76.939224,31.90,70.00,0
23:29:49,38.993057,-76.939224,31.90,70.00,0
23:29:49,38.993057,-76.939224,31.90,73.00,0
23:29:50,38.993057,-76.939224,31.90,73.00,0
23:29:50,38.993057,-76.939224,32.00,73.00,0
23:29:51,38.993057,-76.939224,32.10,70.00,0
23:29:52,38.993057,-76.939224,32.10,70.00,0
23:29:52,38.993057,-76.939224,32.20,70.00,0
23:29:53,38.993057,-76.939224,32.20,70.00,0
23:29:53,38.993057,-76.939224,32.20,70.00,0
23:29:54,38.993057,-76.939224,32.20,70.00,0
23:29:54,38.993057,-76.939224,32.20,70.00,0
23:29:55,38.993057,-76.939224,32.20,70.00,0
23:29:56,38.993057,-76.939224,32.30,70.00,0
23:29:57,38.993057,-76.939224,32.30,70.00,0
23:29:57,38.993057,-76.939224,32.30,70.00,0
23:29:58,38.993057,-76.939224,32.30,70.00,0
23:29:58,38.993057,-76.939224,32.30,70.00,0
23:29:59,38.993057,-76.939224,32.30,70.00,0
23:29:59,38.993057,-76.939224,32.30,70.00,0
23:30:0,38.993057,-76.939224,32.30,70.00,0
23:30:0,38.993057,-76.939224,32.30,70.00,0
23:30:1,38.993057,-76.939224,32.30,70.00,0
23:30:1,38.993057,-76.939224,32.20,70.00,0
23:30:2,38.993061,-76.939224,32.20,70.00,0
23:30:2,38.993061,-76.939224,32.10,72.00,0
23:30:3,38.993061,-76.939224,32.10,72.00,0
23:30:3,38.993061,-76.939224,32.00,72.00,0
23:30:4,38.993061,-76.939224,32.00,72.00,0
23:30:4,38.993061,-76.939224,32.00,72.00,0
23:30:5,38.993061,-76.939224,32.00,70.00,0
23:30:6,38.993061,-76.939224,32.00,70.00,0
23:30:6,38.993061,-76.939224,32.00,70.00,0
23:30:7,38.993065,-76.939224,32.00,70.00,0
23:30:7,38.993065,-76.939224,32.00,89.00,0
23:30:8,38.993065,-76.939224,32.00,89.00,0
23:30:8,38.993065,-76.939224,31.90,70.00,0
23:30:9,38.993069,-76.939224,31.90,70.00,0
23:30:9,38.993069,-76.939224,31.80,70.00,0
23:30:10,38.993076,-76.939224,31.80,70.00,0
23:30:10,38.993076,-76.939224,31.70,70.00,0
23:30:11,38.993080,-76.939217,31.70,70.00,0
23:30:11,38.993080,-76.939217,31.70,72.00,0
23:30:12,38.993080,-76.939217,31.70,72.00,0
23:30:12,38.993080,-76.939217,31.70,70.00,0
23:30:13,38.993084,-76.939209,31.70,70.00,0
23:30:13,38.993084,-76.939209,31.90,70.00,0
23:30:14,38.993088,-76.939209,31.90,70.00,0
23:30:14,38.993088,-76.939209,32.00,70.00,0
23:30:15,38.993088,-76.939209,32.00,70.00,0
23:30:15,38.993088,-76.939209,32.00,70.00,0
23:30:16,38.993088,-76.939209,32.00,70.00,0
23:30:16,38.993088,-76.939209,32.00,70.00,0
23:30:17,38.993088,-76.939209,32.00,70.00,0
23:30:17,38.993088,-76.939209,32.50,70.00,0
23:30:18,38.993088,-76.939209,32.50,70.00,0
23:30:18,38.993088,-76.939209,32.60,70.00,0
23:30:19,38.993092,-76.939209,32.60,70.00,0
23:30:19,38.993092,-76.939209,32.50,84.00,0
23:30:20,38.993092,-76.939209,32.50,84.00,0
23:30:20,38.993092,-76.939209,32.70,84.00,0
