ReportLAT0.00
NoViewOfsky
NoViewOfsky
NoViewOfsky
NoViewOfsky
NoViewOfsky
NoViewOfsky
NoViewOfsky
NoViewOfsky
NoViewOfsky
NoViewOfsky
NoViewOfsky
NoViewOfsky
NoViewOfsky
NoViewOfsky
NoViewOfsky
NoViewOfsky
NoViewOfsky
NoViewOfsky
NoViewOfsky
NoViewOfsky
NoViewOfsky
ReportLAT38.993111
ReportLAT 38.993069
ReportLAT 38.993084
0:21:29	Attempted to transmit SBD message
SBD send receive completed with return code: ReportLAT 38.993153
ReportLAT 38.993141
ReportLAT 38.993126
0:33:22	Attempted to transmit SBD message
SBD send receive completed with return code: ReportLAT38.993103
Pos = 0:37:57,38.99310,-76.93923,26.4
