INIT_RX_LOG
INIT_RX_LOG
2	
2	
2	
INIT_RX_LOG
INIT_RX_LOG
2	
2	
121245	
121356	
121501	
121614	
121722	
121832	
121943	
122233	
122335	
122438	
122542	
122652	
122843	
123018	
123231	
123341	
123631	
123735	
123843	
123955	
124243	
124508	
124620	
124722	
124832	
124944	
125308	00000000000000000000000000000000000000000000000000002272523902401552553160006000000020822600000000000000000000000000000000001921552553170007000000000002522290000002323000848846767971000000000801562553100000000000000000000000000000000000000000000000000000000000000000000000000000000000000000000000000000000000000
INIT_RX_LOG
125527	
125637	72697673798332111112101110
125753	
125951	72697673798332111112101110
130102	
130213	
130334	11510111611497116101110111114109
131056	0000000000000000000000000000000000000000000000000000546013024015525531600060000000208226001149255311440472514610001621905874123650000000000001921552553170007000000000002522290000002323000848846767971000000000801562553100000000000000000000000000000000000000000000000000000000000000000000000000000000000000000000000000000000000000
INIT_RX_LOG
2	
2	
2	
2	11510111611497116101110111114109
2	
133724	1151011161149711610110297115116
133837	
133947	
134057	
134206	11510111611497116101110111114109
134717	
135416	
135927	
140522	
141028	
141605	
142216	
142729	
143238	
143934	
144443	1151011161149711610110297115116
144549	
144701	11510111611497116101115108111119
150210	
151808	
153313	
154820	
160515	
162250	00000000000000000000000000000000000000000000000000001218916502401552553160006000000020822600114925531144047734610001621905474123650000000000001921552553170007000000000002522290000002323000848846767971000000000801562553100000000000000000000000000000000000000000000000000000000000000000000000000000000000000000000000000000000000000
INIT_RX_LOG
163951	
164147	
164257	
164405	
164515	
164624	
164754	0000000000000000000000000000000000000000000000000000171150802401552553160006000000020822600000000000000000000000000000000001921552553170007000000000002522290000002323000848846767971000000000801562553100000000000000000000000000000000000000000000000000000000000000000000000000000000000000000000000000000000000000
INIT_RX_LOG
165102	
165209	
165311	
165415	
165528	
165635	
165744	
165904	
170130	
170237	
170340	
170447	
170556	
170707	
170820	
171014	
171117	
171227	
171335	
171444	
171555	
171705	
171815	
171922	
172030	
172132	
172238	
172342	
172453	
172604	
172714	
172827	
172935	
173046	
173148	
173300	
173411	
173522	
173630	
173738	
173850	
173959	
174117	11510111611497116101115108111119
175631	
181140	
182853	0000000000000000000000000000000000000000000000000000232728902401552553160006000000020822600000000000000000000000000000000001921552553170007000000000002522290000002323000848846767971000000000801562553100000000000000000000000000000000000000000000000000000000000000000000000000000000000000000000000000000000000000
INIT_RX_LOG
184604	
184714	
184824	
184936	
185045	
185156	
185306	
185550	
185653	
185755	
185907	
190015	
190124	
190436	00000000000000000000000000000000000000000000000000008371702401552553160006000000020822600000000000000000000000000000000001921552553170007000000000002522290000002323000848846767971000000000801562553100000000000000000000000000000000000000000000000000000000000000000000000000000000000000000000000000000000000000
INIT_RX_LOG
190652	
190757	
190902	
191014	
191134	
191327	
191435	
191542	
191645	
191755	
191905	
192017	
192128	
192238	
192346	
192541	
192650	11510111611497116101115108111119
194409	00000000000000000000000000000000000000000000000000002252523202401552553160006000000020822600000000000000000000000000000000001921552553170007000000000002522290000002323000848846767971000000000801562553100000000000000000000000000000000000000000000000000000000000000000000000000000000000000000000000000000000000000
INIT_RX_LOG
200513	
200615	
200738	
201051	
201416	000000000000000000000000000000000000000000000000000030151902401552553160006000000020822600000000000000000000000000000000001921552553170007000000000002522290000002323000848846767971000000000801562553100000000000000000000000000000000000000000000000000000000000000000000000000000000000000000000000000000000000000
INIT_RX_LOG
201628	
201908	
202229	000000000000000000000000000000000000000000000000000094131402401552553160006000000020822600000000000000000000000000000000001921552553170007000000000002522290000002323000848846767971000000000801562553100000000000000000000000000000000000000000000000000000000000000000000000000000000000000000000000000000000000000
INIT_RX_LOG
202518	
202840	00000000000000000000000000000000000000000000000000001946202401552553160006000000020822600000000000000000000000000000000001921552553170007000000000002522290000002323000848846767971000000000801562553100000000000000000000000000000000000000000000000000000000000000000000000000000000000000000000000000000000000000
INIT_RX_LOG
INIT_RX_LOG
2	
82651	
82754	
82901	
