INIT_GPS_LOG
536903256,2.0000,2.0000,4294967295
536903200,2.0000,2.0000,4294967295
536903200,2.0000,2.0000,4294967295
536903200,2.0000,2.0000,4294967295
536903200,2.0000,2.0000,4294967295
536903200,2.0000,2.0000,4294967295
536903200,2.0000,2.0000,4294967295
536903200,2.0000,2.0000,4294967295
536903200,2.0000,2.0000,4294967295
536903200,2.0000,2.0000,4294967295
536903200,2.0000,2.0000,4294967295
536903200,2.0000,2.0000,4294967295
536903200,2.0000,2.0000,4294967295
536903200,2.0000,2.0000,4294967295
536903200,2.0000,2.0000,4294967295
536903200,2.0000,2.0000,4294967295
536903200,2.0000,2.0000,4294967295
536903200,2.0000,2.0000,4294967295
536903200,2.0000,2.0000,4294967295
536903200,2.0000,2.0000,4294967295
536903200,2.0000,2.0000,4294967295
536903200,2.0000,2.0000,4294967295
536903200,2.0000,2.0000,4294967295
536903200,2.0000,2.0000,4294967295
536903200,2.0000,2.0000,4294967295
536903200,2.0000,2.0000,4294967295
536903200,2.0000,2.0000,4294967295
536903200,2.0000,2.0000,4294967295
536903200,2.0000,2.0000,4294967295
536903200,2.0000,2.0000,4294967295
536903200,2.0000,2.0000,4294967295
536903200,38.9800,-76.9370,40
536903112,38.9800,-76.9370,45
536903112,38.9800,-76.9370,45
536903112,38.9800,-76.9370,43
536903112,38.9800,-76.9370,42
536903112,38.9800,-76.9370,41
536903112,38.9800,-76.9370,40
536903112,38.9800,-76.9370,40
536903112,38.9800,-76.9370,39
536903112,38.9800,-76.9370,38
536903112,38.9800,-76.9370,38
536903224,38.9800,-76.9370,38
536903224,38.9800,-76.9370,38
536903224,38.9800,-76.9370,38
536903224,38.9800,-76.9370,37
536903224,38.9800,-76.9370,37
536903224,38.9800,-76.9370,36
536903224,38.9800,-76.9370,37
536903224,38.9800,-76.9370,37
536903224,38.9800,-76.9370,37
536903224,38.9800,-76.9370,37
536903224,38.9800,-76.9370,36
536903224,38.9800,-76.9370,36
536903224,38.9800,-76.9370,36
536903224,38.9800,-76.9370,35
536903224,38.9800,-76.9370,35
536903224,38.9800,-76.9370,36
536903224,38.9800,-76.9370,36
536903224,38.9800,-76.9370,36
536903224,38.9800,-76.9370,36
536903224,38.9800,-76.9370,36
536903224,38.9800,-76.9370,36
536903224,38.9800,-76.9370,35
536903224,38.9800,-76.9370,35
536903224,38.9800,-76.9370,35
536903224,38.9800,-76.9370,35
536903224,38.9800,-76.9370,35
536903224,38.9800,-76.9370,35
536903224,38.9800,-76.9370,35
536903224,38.9800,-76.9370,35
536903112,38.9800,-76.9370,35
536903112,38.9800,-76.9370,35
536903112,38.9800,-76.9370,35
536903112,38.9800,-76.9370,35
536903112,38.9801,-76.9370,34
536903112,38.9800,-76.9370,31
536903112,38.9800,-76.9371,28
536903112,38.9800,-76.9371,27
536903112,38.9800,-76.9371,26
536903112,38.9800,-76.9371,24
536903112,38.9800,-76.9371,23
536903112,38.9800,-76.9371,22
536903112,38.9800,-76.9371,21
536903224,38.9800,-76.9371,21
536903224,38.9800,-76.9371,20
536903224,38.9800,-76.9371,19
536903224,38.9800,-76.9371,19
536903224,38.9800,-76.9371,18
536903224,38.9800,-76.9371,17
536903224,38.9800,-76.9371,16
536903224,38.9800,-76.9371,16
536903224,38.9800,-76.9371,15
536903224,38.9800,-76.9371,15
536903224,38.9800,-76.9371,14
536903224,38.9800,-76.9371,14
536903224,38.9800,-76.9371,13
536903224,38.9800,-76.9371,13
536903224,38.9800,-76.9371,12
536903224,38.9800,-76.9371,12
536903224,38.9800,-76.9372,11
536903224,38.9800,-76.9372,11
536903224,38.9800,-76.9372,12
536903224,38.9800,-76.9372,12
536903224,38.9800,-76.9372,12
536903224,38.9800,-76.9372,12
536903224,38.9800,-76.9372,12
536903224,38.9800,-76.9372,12
536903224,38.9800,-76.9372,12
536903224,38.9800,-76.9372,12
536903224,38.9800,-76.9372,12
536903224,38.9800,-76.9372,12
536903224,38.9800,-76.9372,13
536903112,38.9799,-76.9372,13
536903112,38.9799,-76.9372,13
536903112,38.9799,-76.9371,14
536903112,38.9799,-76.9371,14
536903112,38.9799,-76.9371,15
536903112,38.9799,-76.9371,16
536903112,38.9800,-76.9371,16
536903112,38.9800,-76.9371,17
536903112,38.9800,-76.9371,17
536903296,38.9800,-76.9371,17
536903184,38.9800,-76.9371,17
536903184,38.9801,-76.9372,10
536903184,38.9800,-76.9371,18
536903048,38.9799,-76.9371,20
536903048,38.9799,-76.9371,20
536903048,38.9799,-76.9371,21
536903048,38.9799,-76.9371,21
536903048,38.9799,-76.9371,21
536903296,38.9799,-76.9371,21
536903344,38.9799,-76.9371,21
536903344,38.9798,-76.9370,37
536903296,38.9798,-76.9370,32
536903296,38.9798,-76.9370,28
536903296,38.9799,-76.9371,27
536903296,38.9799,-76.9371,27
536903344,38.9799,-76.9371,28
536903296,38.9799,-76.9371,27
536903296,38.9799,-76.9371,28
536903184,38.9799,-76.9371,28
536903184,38.9799,-76.9371,27
536903184,38.9799,-76.9371,28
536903184,38.9799,-76.9371,28
536903184,38.9799,-76.9371,28
536903184,38.9799,-76.9371,27
536903184,38.9799,-76.9371,27
536903184,38.9799,-76.9371,27
536903296,38.9799,-76.9371,28
536903296,38.9799,-76.9371,28
536903296,38.9799,-76.9371,28
536903296,38.9799,-76.9371,28
536903296,38.9799,-76.9371,28
536903296,38.9799,-76.9371,28
536903296,38.9799,-76.9371,28
536903296,38.9799,-76.9371,28
536903296,38.9799,-76.9371,28
536903296,38.9799,-76.9371,28
536903296,38.9799,-76.9371,28
536903296,38.9799,-76.9371,28
536903344,38.9799,-76.9371,28
536903296,38.9799,-76.9371,28
536903344,38.9799,-76.9371,28
536903184,38.9799,-76.9371,27
536903184,38.9799,-76.9371,27
536903184,38.9799,-76.9371,27
536903184,38.9799,-76.9371,27
536903184,38.9799,-76.9371,27
536903184,38.9799,-76.9371,27
536903184,38.9799,-76.9371,28
536903296,38.9799,-76.9371,28
536903296,38.9799,-76.9371,28
536903296,38.9800,-76.9371,29
536903296,38.9800,-76.9371,29
536903296,38.9800,-76.9371,30
536903344,38.9800,-76.9371,30
536903296,38.9800,-76.9371,30
536903296,38.9800,-76.9371,30
536903296,38.9800,-76.9371,30
536903296,38.9800,-76.9371,30
536903296,38.9800,-76.9371,30
536903344,38.9800,-76.9371,30
536903296,38.9800,-76.9371,30
536903296,38.9800,-76.9371,29
536903184,38.9800,-76.9371,30
536903184,38.9800,-76.9371,30
536903184,38.9800,-76.9371,30
536903184,38.9800,-76.9371,30
536903184,38.9800,-76.9371,29
536903184,38.9800,-76.9371,29
536903184,38.9800,-76.9371,29
536903048,38.9800,-76.9371,29
536903048,38.9799,-76.9371,28
536903048,38.9799,-76.9371,28
536903048,38.9799,-76.9371,28
536903048,38.9799,-76.9371,28
536903048,38.9799,-76.9371,28
536903048,38.9799,-76.9371,28
536903048,38.9799,-76.9371,28
536903048,38.9799,-76.9371,28
536903048,38.9799,-76.9371,28
536903048,38.9799,-76.9371,28
536903048,38.9799,-76.9371,28
536903344,38.9799,-76.9371,28
536903296,38.9799,-76.9371,28
536903296,38.9799,-76.9370,41
536903184,38.9799,-76.9370,32
536903296,38.9799,-76.9371,29
536903296,38.9799,-76.9371,29
536903296,38.9799,-76.9371,30
536903296,38.9799,-76.9371,31
536903344,38.9799,-76.9371,32
536903344,38.9799,-76.9371,32
536903296,38.9799,-76.9371,32
536903296,38.9799,-76.9371,31
536903344,38.9799,-76.9371,31
536903296,38.9799,-76.9371,30
536903344,38.9799,-76.9371,30
536903296,38.9799,-76.9371,30
536903296,38.9799,-76.9371,30
536903296,38.9799,-76.9371,29
536903344,38.9799,-76.9371,29
536903184,38.9799,-76.9371,29
536903184,38.9799,-76.9371,28
536903344,38.9799,-76.9371,28
536903296,38.9799,-76.9371,28
536903344,38.9799,-76.9371,28
536903296,38.9799,-76.9371,28
536903296,38.9799,-76.9371,28
536903296,38.9799,-76.9371,28
536903296,38.9799,-76.9371,28
536903296,38.9799,-76.9371,28
536903344,38.9799,-76.9371,28
536903296,38.9799,-76.9371,28
536903296,38.9799,-76.9371,28
536903344,38.9799,-76.9371,27
536903296,38.9799,-76.9371,27
536903296,38.9799,-76.9371,27
536903296,38.9799,-76.9371,27
536903184,38.9799,-76.9371,27
536903184,38.9799,-76.9371,27
536903184,38.9799,-76.9371,26
536903184,38.9799,-76.9371,26
536903184,38.9799,-76.9371,26
536903296,38.9799,-76.9371,26
536903296,38.9799,-76.9371,26
536903296,38.9799,-76.9371,26
536903296,38.9799,-76.9371,27
536903296,38.9799,-76.9371,28
536903296,38.9799,-76.9371,28
536903296,38.9799,-76.9371,29
536903344,38.9799,-76.9371,29
536903296,38.9799,-76.9371,29
536903296,38.9799,-76.9371,30
536903296,38.9800,-76.9371,30
536903344,38.9800,-76.9371,30
536903344,38.9800,-76.9371,30
536903296,38.9800,-76.9371,31
536903296,38.9800,-76.9371,32
536903184,38.9800,-76.9371,32
536903184,38.9800,-76.9371,33
536903184,38.9800,-76.9371,33
536903184,38.9800,-76.9371,34
536903296,38.9800,-76.9371,35
536903296,38.9800,-76.9370,35
536903296,38.9800,-76.9370,35
536903344,38.9800,-76.9370,35
536903296,38.9800,-76.9370,35
536903296,38.9800,-76.9370,35
536903296,38.9800,-76.9370,35
536903296,38.9800,-76.9370,34
536903344,38.9800,-76.9370,34
536903296,38.9800,-76.9370,34
536903344,38.9800,-76.9370,34
536903296,38.9800,-76.9370,34
536903296,38.9800,-76.9370,34
536903344,38.9800,-76.9370,35
536903296,38.9800,-76.9370,34
536903296,38.9800,-76.9371,35
536903296,38.9800,-76.9370,35
536903296,38.9800,-76.9370,35
536903344,38.9800,-76.9371,35
536903296,38.9800,-76.9371,35
536903296,38.9800,-76.9371,34
536903344,38.9800,-76.9371,34
536903344,38.9800,-76.9371,35
536903296,38.9800,-76.9371,35
536903296,38.9800,-76.9371,35
536903296,38.9800,-76.9371,34
536903296,38.9800,-76.9371,34
536903344,38.9800,-76.9371,34
536903344,38.9800,-76.9371,33
536903344,38.9800,-76.9371,32
536903184,38.9800,-76.9371,33
536903184,38.9800,-76.9371,32
536903184,38.9800,-76.9371,32
536903184,38.9800,-76.9371,32
536903296,38.9800,-76.9371,32
536903296,38.9800,-76.9371,32
536903296,38.9800,-76.9371,32
536903296,38.9800,-76.9371,32
536903296,38.9800,-76.9371,32
536903296,38.9800,-76.9371,32
536903296,38.9800,-76.9371,32
536903296,38.9800,-76.9371,32
536903296,38.9800,-76.9371,32
536903296,38.9800,-76.9371,32
536903296,38.9800,-76.9371,32
536903344,38.9800,-76.9371,32
536903344,38.9800,-76.9371,31
536903296,38.9800,-76.9371,31
536903296,38.9800,-76.9371,30
536903344,38.9800,-76.9371,30
536903296,38.9800,-76.9371,29
536903344,38.9800,-76.9371,29
536903296,38.9800,-76.9371,28
536903344,38.9800,-76.9371,28
536903296,38.9800,-76.9371,28
536903296,38.9800,-76.9371,27
536903344,38.9800,-76.9371,28
536903344,38.9800,-76.9371,28
536903296,38.9800,-76.9371,28
536903344,38.9800,-76.9371,27
536903344,38.9800,-76.9371,27
536903296,38.9800,-76.9371,27
536903296,38.9800,-76.9371,26
536903184,38.9800,-76.9371,26
536903184,38.9800,-76.9371,25
536903184,38.9800,-76.9371,25
536903184,38.9800,-76.9371,26
536903184,38.9800,-76.9371,26
536903184,38.9800,-76.9371,26
536903296,38.9800,-76.9371,26
536903296,38.9800,-76.9371,26
536903296,38.9800,-76.9371,25
536903296,38.9800,-76.9371,26
536903296,38.9800,-76.9371,26
536903344,38.9800,-76.9371,26
536903296,38.9800,-76.9371,27
536903296,38.9800,-76.9371,27
536903296,38.9800,-76.9371,27
536903296,38.9800,-76.9371,27
536903296,38.9800,-76.9371,27
536903296,38.9800,-76.9371,27
536903296,38.9800,-76.9371,27
536903296,38.9800,-76.9371,27
536903296,38.9800,-76.9371,27
536903184,38.9800,-76.9371,27
536903184,38.9800,-76.9371,27
536903296,38.9800,-76.9371,27
536903344,38.9800,-76.9371,27
536903296,38.9800,-76.9371,27
536903344,38.9800,-76.9371,26
536903344,38.9800,-76.9371,26
536903296,38.9800,-76.9371,26
536903296,38.9800,-76.9371,26
536903344,38.9800,-76.9371,25
536903344,38.9800,-76.9371,25
536903296,38.9800,-76.9371,25
536903296,38.9800,-76.9371,24
536903344,38.9800,-76.9371,22
536903296,38.9800,-76.9371,21
536903296,38.9800,-76.9371,20
536903344,38.9800,-76.9371,20
536903296,38.9800,-76.9371,19
536903296,38.9800,-76.9371,19
536903344,38.9800,-76.9371,18
536903296,38.9800,-76.9371,18
536903344,38.9800,-76.9371,17
536903296,38.9800,-76.9371,17
536903296,38.9800,-76.9371,17
536903296,38.9800,-76.9371,17
536903344,38.9800,-76.9371,17
536903296,38.9800,-76.9371,17
536903344,38.9800,-76.9371,18
536903344,38.9800,-76.9371,19
536903344,38.9800,-76.9371,19
536903296,38.9800,-76.9371,20
536903344,38.9800,-76.9371,21
536903344,38.9800,-76.9371,21
536903296,38.9800,-76.9371,22
536903296,38.9800,-76.9371,22
536903296,38.9800,-76.9371,23
536903296,38.9800,-76.9371,24
536903344,38.9800,-76.9371,25
536903296,38.9800,-76.9371,26
536903296,38.9800,-76.9371,26
536903296,38.9800,-76.9371,27
536903296,38.9800,-76.9371,28
536903296,38.9800,-76.9371,29
536903296,38.9800,-76.9371,29
536903296,38.9800,-76.9371,29
536903296,38.9800,-76.9371,29
536903344,38.9800,-76.9371,30
536903296,38.9800,-76.9371,30
536903296,38.9800,-76.9371,29
536903344,38.9800,-76.9371,29
536903296,38.9800,-76.9371,29
536903296,38.9800,-76.9371,30
536903344,38.9800,-76.9371,29
536903296,38.9800,-76.9371,29
536903344,38.9800,-76.9371,29
536903296,38.9800,-76.9371,30
536903296,38.9800,-76.9371,30
536903296,38.9800,-76.9371,31
536903344,38.9800,-76.9371,31
536903296,38.9800,-76.9371,32
536903344,38.9800,-76.9371,32
536903296,38.9800,-76.9371,32
536903344,38.9800,-76.9371,32
536903296,38.9800,-76.9371,32
536903296,38.9800,-76.9371,31
536903296,38.9800,-76.9371,32
536903296,38.9800,-76.9371,31
536903296,38.9800,-76.9371,31
536903296,38.9800,-76.9371,31
536903344,38.9800,-76.9371,31
536903296,38.9800,-76.9371,32
536903344,38.9800,-76.9371,32
536903296,38.9800,-76.9371,32
536903344,38.9800,-76.9371,32
536903296,38.9800,-76.9371,32
536903344,38.9800,-76.9371,31
536903296,38.9800,-76.9371,30
536903296,38.9800,-76.9371,30
536903296,38.9800,-76.9371,30
536903296,38.9800,-76.9371,29
536903296,38.9800,-76.9371,29
536903296,38.9800,-76.9371,29
536903296,38.9800,-76.9371,28
536903344,38.9800,-76.9371,28
536903296,38.9800,-76.9371,29
536903296,38.9800,-76.9371,28
536903344,38.9800,-76.9371,28
536903296,38.9800,-76.9371,28
536903344,38.9800,-76.9371,28
536903344,38.9800,-76.9371,28
536903296,38.9800,-76.9371,28
536903296,38.9800,-76.9371,27
536903296,38.9800,-76.9371,27
536903296,38.9800,-76.9371,27
536903296,38.9800,-76.9371,27
536903344,38.9800,-76.9371,26
536903344,38.9800,-76.9371,26
536903296,38.9800,-76.9371,26
536903344,38.9800,-76.9371,27
536903296,38.9800,-76.9371,26
536903296,38.9800,-76.9371,26
536903344,38.9800,-76.9371,26
536903296,38.9800,-76.9371,26
536903344,38.9800,-76.9371,26
536903296,38.9800,-76.9371,26
536903344,38.9800,-76.9371,26
536903344,38.9800,-76.9371,26
536903296,38.9800,-76.9371,26
536903344,38.9800,-76.9371,26
536903344,38.9800,-76.9371,26
536903296,38.9800,-76.9371,26
536903296,38.9800,-76.9371,26
536903296,38.9800,-76.9371,26
536903296,38.9800,-76.9371,26
536903296,38.9800,-76.9371,27
536903296,38.9800,-76.9371,27
536903344,38.9800,-76.9371,27
536903344,38.9800,-76.9371,28
536903296,38.9800,-76.9371,28
536903296,38.9800,-76.9371,28
536903296,38.9800,-76.9371,28
536903296,38.9800,-76.9371,28
536903296,38.9800,-76.9371,28
536903296,38.9800,-76.9371,28
536903344,38.9800,-76.9371,28
536903296,38.9800,-76.9371,28
536903296,38.9800,-76.9371,28
536903296,38.9800,-76.9371,28
536903296,38.9800,-76.9371,28
536903296,38.9800,-76.9371,28
536903296,38.9800,-76.9371,28
536903296,38.9800,-76.9371,29
536903296,38.9800,-76.9371,29
536903296,38.9800,-76.9371,29
536903296,38.9800,-76.9371,29
536903296,38.9800,-76.9371,29
536903344,38.9800,-76.9371,29
536903296,38.9800,-76.9371,29
536903296,38.9800,-76.9371,29
536903296,38.9800,-76.9371,28
536903296,38.9800,-76.9371,28
536903296,38.9800,-76.9371,27
536903344,38.9800,-76.9371,27
536903296,38.9800,-76.9371,27
536903296,38.9800,-76.9371,27
536903296,38.9800,-76.9371,27
536903296,38.9800,-76.9371,28
536903296,38.9800,-76.9371,28
536903296,38.9800,-76.9371,29
536903344,38.9800,-76.9371,29
536903344,38.9800,-76.9371,29
536903296,38.9800,-76.9371,30
536903296,38.9800,-76.9371,30
536903296,38.9800,-76.9371,31
536903296,38.9800,-76.9371,31
536903344,38.9800,-76.9371,31
536903296,38.9800,-76.9371,31
536903344,38.9800,-76.9371,31
536903296,38.9800,-76.9371,31
536903296,38.9800,-76.9371,30
536903296,38.9800,-76.9371,30
536903296,38.9800,-76.9371,30
536903296,38.9800,-76.9371,30
536903296,38.9800,-76.9371,30
536903296,38.9800,-76.9371,30
536903296,38.9800,-76.9371,30
536903296,38.9800,-76.9371,29
536903296,38.9800,-76.9371,29
536903296,38.9800,-76.9371,29
536903296,38.9800,-76.9371,30
536903296,38.9800,-76.9371,29
536903344,38.9800,-76.9371,30
536903344,38.9800,-76.9371,30
536903344,38.9800,-76.9371,31
536903296,38.9800,-76.9371,31
536903296,38.9800,-76.9371,31
536903296,38.9800,-76.9371,31
536903296,38.9800,-76.9371,31
536903296,38.9800,-76.9371,31
536903296,38.9800,-76.9370,32
536903296,38.9800,-76.9370,32
536903296,38.9800,-76.9370,32
536903296,38.9800,-76.9370,32
536903296,38.9800,-76.9370,32
536903296,38.9800,-76.9370,31
536903296,38.9800,-76.9370,32
536903344,38.9800,-76.9370,32
536903296,38.9800,-76.9370,32
536903296,38.9800,-76.9370,32
536903296,38.9800,-76.9370,32
536903296,38.9800,-76.9370,32
536903296,38.9800,-76.9370,32
536903344,38.9800,-76.9370,32
536903296,38.9800,-76.9370,32
536903296,38.9800,-76.9370,32
536903344,38.9800,-76.9370,32
536903344,38.9800,-76.9370,31
536903344,38.9800,-76.9370,32
536903344,38.9800,-76.9370,32
536903296,38.9800,-76.9370,32
536903296,38.9800,-76.9370,32
536903296,38.9800,-76.9370,32
536903296,38.9800,-76.9370,33
536903296,38.9800,-76.9370,33
536903296,38.9800,-76.9370,34
536903344,38.9800,-76.9370,34
536903296,38.9800,-76.9370,35
536903296,38.9800,-76.9370,35
536903296,38.9800,-76.9370,36
536903296,38.9800,-76.9370,36
536903296,38.9800,-76.9370,36
536903296,38.9800,-76.9370,36
536903296,38.9800,-76.9370,36
536903296,38.9800,-76.9370,37
536903296,38.9800,-76.9370,37
536903296,38.9800,-76.9370,37
536903296,38.9800,-76.9370,37
536903296,38.9800,-76.9370,38
536903296,38.9800,-76.9370,39
536903296,38.9800,-76.9370,39
536903344,38.9800,-76.9370,39
536903296,38.9800,-76.9370,39
536903296,38.9800,-76.9370,39
536903296,38.9800,-76.9370,39
536903296,38.9800,-76.9370,39
536903296,38.9800,-76.9370,39
536903296,38.9800,-76.9370,40
536903296,38.9800,-76.9370,39
536903296,38.9800,-76.9370,40
536903296,38.9800,-76.9370,39
536903296,38.9800,-76.9370,39
536903344,38.9800,-76.9370,39
536903296,38.9800,-76.9370,40
536903296,38.9800,-76.9370,40
536903296,38.9800,-76.9370,40
536903296,38.9800,-76.9370,40
536903296,38.9800,-76.9370,40
536903344,38.9800,-76.9370,41
536903296,38.9800,-76.9370,41
536903344,38.9800,-76.9370,41
536903296,38.9800,-76.9370,41
536903344,38.9800,-76.9370,41
536903296,38.9800,-76.9370,41
536903296,38.9800,-76.9370,41
536903296,38.9800,-76.9370,41
536903296,38.9800,-76.9370,41
536903344,38.9800,-76.9370,41
536903344,38.9800,-76.9370,40
536903344,38.9800,-76.9370,40
536903296,38.9800,-76.9370,40
536903344,38.9800,-76.9370,40
536903296,38.9800,-76.9370,40
536903296,38.9800,-76.9370,40
536903296,38.9800,-76.9370,40
536903344,38.9800,-76.9370,40
536903296,38.9800,-76.9370,40
536903296,38.9800,-76.9370,40
536903344,38.9800,-76.9370,40
536903344,38.9800,-76.9370,40
536903296,38.9800,-76.9370,40
536903296,38.9800,-76.9370,39
536903344,38.9800,-76.9370,40
536903296,38.9800,-76.9370,40
536903344,38.9800,-76.9370,40
536903296,38.9800,-76.9370,40
536903344,38.9800,-76.9370,40
536903344,38.9800,-76.9371,41
536903296,38.9800,-76.9370,41
536903296,38.9800,-76.9371,41
536903296,38.9800,-76.9371,42
536903344,38.9800,-76.9371,42
536903296,38.9800,-76.9371,42
536903296,38.9800,-76.9371,42
536903344,38.9800,-76.9371,41
536903296,38.9800,-76.9371,42
536903344,38.9800,-76.9371,42
536903296,38.9800,-76.9371,42
536903296,38.9800,-76.9371,41
536903296,38.9800,-76.9371,41
536903296,38.9800,-76.9371,40
536903296,38.9800,-76.9371,40
536903344,38.9800,-76.9371,40
536903344,38.9800,-76.9371,39
536903296,38.9800,-76.9371,38
536903296,38.9800,-76.9371,37
536903344,38.9800,-76.9371,36
536903296,38.9800,-76.9371,35
536903296,38.9800,-76.9371,35
536903344,38.9800,-76.9371,34
536903296,38.9800,-76.9371,33
536903296,38.9800,-76.9371,33
536903344,38.9800,-76.9371,33
536903344,38.9800,-76.9371,33
536903344,38.9800,-76.9371,33
536903296,38.9800,-76.9371,33
536903296,38.9800,-76.9371,33
536903344,38.9800,-76.9371,32
536903296,38.9800,-76.9371,33
536903296,38.9800,-76.9371,33
536903184,38.9800,-76.9371,33
536903184,38.9800,-76.9371,33
536903184,38.9800,-76.9371,33
536903296,38.9800,-76.9371,33
536903344,38.9800,-76.9371,33
536903296,38.9800,-76.9371,34
536903296,38.9800,-76.9371,34
536903296,38.9800,-76.9371,33
536903296,38.9800,-76.9371,34
536903296,38.9800,-76.9371,33
536903344,38.9800,-76.9371,33
536903296,38.9800,-76.9371,33
536903344,38.9800,-76.9371,33
536903296,38.9800,-76.9371,33
536903296,38.9800,-76.9371,32
536903296,38.9800,-76.9371,32
536903296,38.9800,-76.9371,31
536903296,38.9800,-76.9371,31
536903184,38.9800,-76.9371,31
536903184,38.9800,-76.9371,30
536903184,38.9800,-76.9371,29
536903184,38.9800,-76.9371,29
536903184,38.9800,-76.9371,28
536903184,38.9800,-76.9371,28
536903048,38.9800,-76.9371,27
536903048,38.9800,-76.9371,27
536903048,38.9800,-76.9371,26
536903048,38.9800,-76.9371,26
536903048,38.9800,-76.9371,26
536903048,38.9800,-76.9371,25
536903048,38.9800,-76.9371,25
536903048,38.9800,-76.9371,25
536903048,38.9800,-76.9371,25
536903048,38.9800,-76.9371,25
536903048,38.9800,-76.9371,25
536903048,38.9800,-76.9371,25
536903048,38.9800,-76.9371,25
536903048,38.9800,-76.9371,25
536903048,38.9800,-76.9371,24
536903160,38.9800,-76.9371,25
536903160,38.9800,-76.9371,24
536903160,38.9800,-76.9371,25
536903160,38.9800,-76.9371,25
536903160,38.9800,-76.9371,25
536903160,38.9800,-76.9371,26
536903160,38.9800,-76.9371,26
536903160,38.9800,-76.9371,26
536903160,38.9800,-76.9371,26
536903160,38.9800,-76.9371,26
536903160,38.9800,-76.9371,26
536903160,38.9800,-76.9371,26
536903160,38.9800,-76.9371,26
536903160,38.9800,-76.9371,26
536903160,38.9800,-76.9371,26
536903160,38.9800,-76.9371,26
536903160,38.9800,-76.9371,26
536903160,38.9800,-76.9371,26
536903160,38.9800,-76.9371,26
536903160,38.9800,-76.9371,26
536903160,38.9800,-76.9371,25
536903160,38.9800,-76.9371,25
536903160,38.9800,-76.9371,25
536903160,38.9800,-76.9371,25
536903160,38.9800,-76.9371,25
536903160,38.9800,-76.9371,25
536903160,38.9800,-76.9371,25
536903160,38.9800,-76.9371,25
536903160,38.9800,-76.9371,25
536903048,38.9800,-76.9371,25
536903048,38.9800,-76.9371,25
536903048,38.9800,-76.9371,25
536903048,38.9800,-76.9371,25
536903048,38.9800,-76.9371,25
536903048,38.9800,-76.9371,25
536903048,38.9800,-76.9371,25
536903048,38.9800,-76.9371,24
536903048,38.9800,-76.9371,25
536903048,38.9800,-76.9371,25
536903048,38.9800,-76.9371,25
536903048,38.9800,-76.9371,25
536903048,38.9800,-76.9371,26
536903048,38.9800,-76.9371,26
536903048,38.9800,-76.9371,26
536903048,38.9800,-76.9371,26
536903048,38.9800,-76.9371,27
536903048,38.9799,-76.9371,27
536903160,38.9799,-76.9371,27
536903160,38.9799,-76.9371,27
536903160,38.9799,-76.9371,27
536903160,38.9799,-76.9371,50
536903160,38.9799,-76.9371,46
536903160,38.9799,-76.9371,44
536903160,38.9799,-76.9371,42
536903160,38.9799,-76.9371,42
536903160,38.9799,-76.9371,42
536903160,38.9799,-76.9371,43
536903160,38.9799,-76.9371,43
536903160,38.9799,-76.9371,43
536903160,38.9799,-76.9371,42
536903160,38.9799,-76.9371,42
536903160,38.9799,-76.9371,41
536903160,38.9799,-76.9371,41
536903160,38.9799,-76.9371,40
536903160,38.9799,-76.9371,40
536903160,38.9799,-76.9371,39
536903160,38.9799,-76.9371,39
536903160,38.9799,-76.9371,38
536903160,38.9799,-76.9371,37
536903160,38.9799,-76.9371,37
536903160,38.9799,-76.9371,37
536903160,38.9799,-76.9371,36
536903160,38.9799,-76.9371,35
536903160,38.9799,-76.9372,35
536903160,38.9799,-76.9372,34
536903160,38.9799,-76.9372,34
536903160,38.9799,-76.9372,34
536903048,38.9799,-76.9372,34
536903048,38.9799,-76.9372,33
536903048,38.9799,-76.9372,32
536903048,38.9799,-76.9372,32
536903048,38.9799,-76.9372,31
536903048,38.9799,-76.9372,30
536903048,38.9799,-76.9372,30
536903048,38.9799,-76.9372,29
536903048,38.9799,-76.9372,29
536903048,38.9799,-76.9372,29
536903048,38.9799,-76.9372,29
536903048,38.9799,-76.9372,30
536903048,38.9799,-76.9372,30
536903048,38.9799,-76.9372,31
536903048,38.9799,-76.9372,30
536903048,38.9799,-76.9371,30
536903048,38.9799,-76.9371,30
536903048,38.9799,-76.9371,30
536903048,38.9799,-76.9371,29
536903048,38.9799,-76.9371,29
536903048,38.9799,-76.9371,29
536903160,38.9799,-76.9371,29
536903160,38.9799,-76.9371,23
536903160,38.9799,-76.9371,27
536903160,38.9799,-76.9371,28
536903160,38.9799,-76.9371,28
536903160,38.9799,-76.9371,29
536903160,38.9799,-76.9371,29
536903160,38.9799,-76.9371,31
536903160,38.9799,-76.9371,31
536903160,38.9799,-76.9371,32
536903160,38.9799,-76.9371,33
536903160,38.9799,-76.9371,32
536903160,38.9799,-76.9371,33
536903160,38.9799,-76.9371,34
536903160,38.9799,-76.9371,34
536903160,38.9799,-76.9371,35
536903160,38.9799,-76.9371,35
536903160,38.9799,-76.9370,35
536903160,38.9799,-76.9370,36
536903160,38.9799,-76.9370,36
536903160,38.9799,-76.9370,37
536903160,38.9799,-76.9370,37
536903160,38.9799,-76.9370,37
536903160,38.9799,-76.9370,37
536903160,38.9799,-76.9370,38
536903160,38.9799,-76.9370,37
536903160,38.9799,-76.9370,38
536903160,38.9799,-76.9370,38
536903160,38.9799,-76.9370,37
536903160,38.9799,-76.9370,37
536903184,38.9799,-76.9371,37
536903184,38.9799,-76.9371,38
536903184,38.9799,-76.9371,38
536903184,38.9799,-76.9371,38
536903184,38.9799,-76.9371,37
536903344,38.9799,-76.9371,37
536903296,38.9799,-76.9371,38
536903296,38.9799,-76.9371,38
536903296,38.9799,-76.9371,38
536903296,38.9799,-76.9371,38
536903296,38.9799,-76.9371,38
536903296,38.9799,-76.9371,38
536903296,38.9799,-76.9371,38
536903344,38.9799,-76.9371,38
536903296,38.9799,-76.9371,38
536903344,38.9799,-76.9371,39
536903296,38.9799,-76.9371,39
536903296,38.9799,-76.9371,39
536903296,38.9799,-76.9371,39
536903296,38.9799,-76.9371,39
536903184,38.9799,-76.9371,39
536903184,38.9799,-76.9371,39
536903184,38.9799,-76.9371,39
536903184,38.9799,-76.9371,39
536903184,38.9799,-76.9371,40
536903184,38.9799,-76.9371,40
536903184,38.9799,-76.9371,40
536903184,38.9799,-76.9371,40
536903296,38.9799,-76.9371,40
536903344,38.9799,-76.9371,40
536903296,38.9799,-76.9371,40
536903296,38.9799,-76.9371,39
536903344,38.9799,-76.9371,39
536903296,38.9799,-76.9371,39
536903344,38.9799,-76.9371,38
536903296,38.9799,-76.9371,38
536903296,38.9799,-76.9371,38
536903296,38.9799,-76.9371,38
536903344,38.9799,-76.9371,38
536903296,38.9799,-76.9371,38
536903296,38.9799,-76.9371,38
536903296,38.9799,-76.9371,38
536903184,38.9799,-76.9371,38
536903184,38.9799,-76.9371,38
536903184,38.9799,-76.9371,38
536903184,38.9799,-76.9371,38
536903184,38.9799,-76.9371,38
536903184,38.9799,-76.9371,38
536903184,38.9799,-76.9371,38
536903184,38.9799,-76.9371,38
536903184,38.9799,-76.9371,38
536903184,38.9799,-76.9371,38
536903296,38.9799,-76.9371,37
536903344,38.9799,-76.9371,37
536903296,38.9799,-76.9371,38
536903296,38.9799,-76.9371,38
536903296,38.9799,-76.9371,38
536903296,38.9799,-76.9371,38
536903296,38.9799,-76.9371,38
536903296,38.9799,-76.9371,38
536903296,38.9799,-76.9371,38
536903296,38.9799,-76.9371,38
536903296,38.9799,-76.9371,38
536903296,38.9799,-76.9371,38
536903296,38.9799,-76.9371,38
536903296,38.9799,-76.9371,39
536903296,38.9799,-76.9371,38
536903184,38.9799,-76.9371,38
536903184,38.9799,-76.9371,37
536903296,38.9799,-76.9371,37
536903296,38.9799,-76.9371,38
536903344,38.9799,-76.9371,38
536903296,38.9799,-76.9371,38
536903344,38.9799,-76.9371,39
536903344,38.9799,-76.9371,39
536903296,38.9799,-76.9371,39
536903344,38.9799,-76.9371,39
536903296,38.9799,-76.9371,39
536903344,38.9799,-76.9371,39
536903296,38.9799,-76.9371,38
536903296,38.9799,-76.9371,39
536903296,38.9799,-76.9371,39
536903344,38.9799,-76.9371,39
536903296,38.9799,-76.9371,39
536903184,38.9799,-76.9371,39
536903184,38.9799,-76.9371,38
536903296,38.9799,-76.9371,38
536903296,38.9799,-76.9371,38
536903344,38.9799,-76.9371,38
536903296,38.9799,-76.9371,38
536903296,38.9799,-76.9371,38
536903296,38.9799,-76.9371,39
536903296,38.9799,-76.9371,39
536903344,38.9799,-76.9371,39
536903344,38.9799,-76.9371,39
536903344,38.9799,-76.9371,40
536903344,38.9799,-76.9371,40
536903344,38.9799,-76.9371,40
536903296,38.9799,-76.9371,40
536903296,38.9799,-76.9371,40
536903344,38.9799,-76.9371,40
536903344,38.9799,-76.9371,40
536903296,38.9799,-76.9371,40
536903344,38.9799,-76.9371,39
536903296,38.9799,-76.9371,39
536903296,38.9799,-76.9371,39
536903296,38.9799,-76.9371,39
536903296,38.9799,-76.9371,38
536903296,38.9799,-76.9371,38
536903296,38.9799,-76.9371,38
536903296,38.9799,-76.9371,38
536903296,38.9799,-76.9371,38
536903296,38.9799,-76.9371,38
536903296,38.9799,-76.9371,37
536903296,38.9799,-76.9371,37
536903184,38.9799,-76.9371,37
536903184,38.9799,-76.9371,37
536903184,38.9799,-76.9371,36
536903184,38.9799,-76.9372,36
536903184,38.9799,-76.9372,35
536903048,38.9799,-76.9372,35
536903048,38.9799,-76.9372,34
536903048,38.9799,-76.9372,34
536903048,38.9799,-76.9372,34
536903048,38.9799,-76.9372,33
536903048,38.9799,-76.9372,32
536903048,38.9799,-76.9372,32
536903048,38.9799,-76.9372,31
536903048,38.9799,-76.9372,31
536903048,38.9799,-76.9372,30
536903048,38.9799,-76.9372,30
536903048,38.9799,-76.9372,30
536903048,38.9799,-76.9372,29
536903048,38.9799,-76.9372,29
536903160,38.9799,-76.9372,29
536903160,38.9799,-76.9372,28
536903160,38.9799,-76.9372,28
536903160,38.9799,-76.9372,28
536903160,38.9799,-76.9372,28
536903160,38.9799,-76.9372,28
536903160,38.9799,-76.9372,28
536903160,38.9799,-76.9372,29
536903160,38.9799,-76.9372,29
536903160,38.9799,-76.9372,30
536903160,38.9799,-76.9372,30
536903160,38.9799,-76.9372,31
536903160,38.9799,-76.9372,31
536903160,38.9799,-76.9372,31
536903160,38.9799,-76.9372,31
536903160,38.9799,-76.9372,31
536903160,38.9799,-76.9371,31
536903160,38.9799,-76.9371,32
536903160,38.9799,-76.9371,33
536903160,38.9799,-76.9371,33
536903160,38.9799,-76.9371,33
536903160,38.9799,-76.9371,34
INIT_GPS_LOG
536903256,2.0000,2.0000,4294967295
536903248,2.0000,2.0000,4294967295
536903248,2.0000,2.0000,4294967295
536903248,2.0000,2.0000,4294967295
536903200,38.9798,-76.9371,47
536903112,38.9799,-76.9371,48
536903112,38.9799,-76.9371,48
536903112,38.9799,-76.9371,48
536903112,38.9799,-76.9371,48
536903112,38.9799,-76.9371,49
536903112,38.9799,-76.9371,49
536903112,38.9799,-76.9371,49
536903224,38.9799,-76.9371,48
536903224,38.9799,-76.9371,46
536903224,38.9799,-76.9371,46
536903224,38.9799,-76.9371,45
536903224,38.9799,-76.9371,45
536903224,38.9799,-76.9371,45
536903224,38.9799,-76.9371,44
536903224,38.9799,-76.9371,44
536903224,38.9799,-76.9371,44
536903224,38.9799,-76.9371,44
536903224,38.9799,-76.9371,44
536903224,38.9799,-76.9371,43
536903224,38.9799,-76.9371,42
536903224,38.9799,-76.9371,37
536903224,38.9799,-76.9371,36
536903224,38.9799,-76.9371,36
536903224,38.9799,-76.9371,36
536903224,38.9799,-76.9371,36
536903224,38.9799,-76.9371,36
536903224,38.9799,-76.9371,36
536903224,38.9799,-76.9371,35
536903224,38.9799,-76.9371,35
536903224,38.9799,-76.9371,35
536903224,38.9799,-76.9371,35
536903224,38.9799,-76.9371,35
536903224,38.9799,-76.9371,35
536903224,38.9799,-76.9371,35
536903224,38.9799,-76.9371,36
536903224,38.9799,-76.9371,36
536903224,38.9799,-76.9371,36
536903112,38.9799,-76.9371,36
536903112,38.9799,-76.9371,36
536903112,38.9799,-76.9371,35
536903112,38.9799,-76.9371,34
536903112,38.9799,-76.9371,33
536903112,38.9799,-76.9371,33
536903112,38.9799,-76.9372,33
536903112,38.9799,-76.9372,33
536903224,38.9799,-76.9372,32
536903224,38.9799,-76.9372,33
536903224,38.9799,-76.9372,33
536903224,38.9799,-76.9372,32
536903224,38.9799,-76.9372,31
536903224,38.9799,-76.9372,31
536903224,38.9799,-76.9372,30
536903224,38.9799,-76.9372,29
536903224,38.9799,-76.9372,28
536903224,38.9799,-76.9372,27
536903224,38.9799,-76.9372,26
536903224,38.9799,-76.9372,25
536903224,38.9799,-76.9372,24
536903224,38.9799,-76.9372,24
536903224,38.9799,-76.9372,23
536903224,38.9799,-76.9372,21
536903224,38.9799,-76.9372,21
536903224,38.9799,-76.9372,20
536903224,38.9799,-76.9372,20
536903224,38.9799,-76.9372,20
536903224,38.9799,-76.9372,20
536903224,38.9799,-76.9372,19
536903224,38.9799,-76.9372,20
536903224,38.9799,-76.9372,19
536903224,38.9799,-76.9372,19
536903224,38.9799,-76.9372,19
536903224,38.9799,-76.9372,19
536903224,38.9799,-76.9372,20
536903224,38.9799,-76.9372,22
536903224,38.9799,-76.9372,23
536903112,38.9799,-76.9372,24
536903112,38.9799,-76.9372,25
536903112,38.9799,-76.9372,26
536903112,38.9799,-76.9372,27
536903112,38.9799,-76.9372,27
536903112,38.9799,-76.9372,28
536903112,38.9799,-76.9372,29
536903112,38.9799,-76.9371,29
536903112,38.9799,-76.9371,29
536903224,38.9799,-76.9371,29
536903224,38.9799,-76.9371,30
536903224,38.9799,-76.9371,29
536903224,38.9799,-76.9371,28
536903224,38.9799,-76.9371,28
536903224,38.9799,-76.9371,28
536903224,38.9799,-76.9371,28
536903224,38.9799,-76.9371,28
536903224,38.9799,-76.9371,28
536903224,38.9799,-76.9371,28
536903224,38.9799,-76.9371,28
536903224,38.9799,-76.9371,28
536903224,38.9799,-76.9371,28
536903224,38.9799,-76.9371,27
536903224,38.9799,-76.9371,27
536903224,38.9799,-76.9371,27
536903224,38.9799,-76.9371,27
536903224,38.9799,-76.9371,27
536903224,38.9799,-76.9371,26
536903224,38.9799,-76.9371,26
536903224,38.9799,-76.9371,26
536903224,38.9799,-76.9371,26
536903224,38.9799,-76.9371,26
536903224,38.9799,-76.9371,26
536903224,38.9799,-76.9371,26
536903224,38.9799,-76.9371,26
536903224,38.9799,-76.9371,27
536903224,38.9799,-76.9371,27
536903224,38.9799,-76.9371,28
536903224,38.9799,-76.9371,29
536903112,38.9799,-76.9371,29
536903112,38.9799,-76.9371,30
536903112,38.9799,-76.9371,31
536903112,38.9799,-76.9371,32
536903112,38.9799,-76.9371,33
536903112,38.9799,-76.9371,33
536903112,38.9799,-76.9371,34
536903112,38.9799,-76.9371,35
536903112,38.9799,-76.9371,35
536903112,38.9799,-76.9371,36
536903112,38.9799,-76.9371,36
536903224,38.9799,-76.9371,37
536903224,38.9799,-76.9371,37
536903224,38.9799,-76.9371,37
536903224,38.9799,-76.9371,37
536903224,38.9799,-76.9371,37
536903224,38.9799,-76.9371,37
536903224,38.9799,-76.9371,37
536903224,38.9799,-76.9371,36
536903224,38.9799,-76.9371,35
536903224,38.9799,-76.9371,35
536903224,38.9799,-76.9372,33
536903224,38.9799,-76.9372,32
536903224,38.9799,-76.9372,32
536903224,38.9799,-76.9372,31
536903224,38.9799,-76.9372,30
536903224,38.9799,-76.9372,30
536903224,38.9799,-76.9372,29
536903224,38.9799,-76.9372,29
536903224,38.9799,-76.9372,28
536903224,38.9799,-76.9372,27
536903224,38.9799,-76.9372,27
536903224,38.9799,-76.9372,26
536903224,38.9799,-76.9372,26
536903224,38.9799,-76.9372,26
536903224,38.9799,-76.9372,26
536903224,38.9799,-76.9372,26
536903224,38.9799,-76.9372,26
536903224,38.9799,-76.9372,26
536903224,38.9799,-76.9372,26
536903224,38.9799,-76.9372,25
536903184,38.9799,-76.9372,25
536903184,38.9799,-76.9372,25
536903184,38.9799,-76.9372,25
536903184,38.9799,-76.9372,25
536903184,38.9799,-76.9372,25
536903184,38.9799,-76.9372,25
536903184,38.9799,-76.9372,24
536903344,38.9799,-76.9372,24
536903344,38.9799,-76.9372,23
536903296,38.9799,-76.9372,23
536903344,38.9799,-76.9372,23
536903296,38.9799,-76.9372,23
536903296,38.9799,-76.9372,23
536903296,38.9799,-76.9372,24
536903296,38.9799,-76.9372,24
536903296,38.9799,-76.9372,25
536903296,38.9799,-76.9372,25
536903344,38.9799,-76.9372,25
536903344,38.9799,-76.9372,25
536903296,38.9799,-76.9372,26
536903296,38.9799,-76.9372,26
536903344,38.9799,-76.9372,26
536903184,38.9799,-76.9372,27
536903184,38.9799,-76.9372,27
536903184,38.9799,-76.9372,27
536903184,38.9799,-76.9372,28
536903184,38.9799,-76.9372,28
536903048,38.9799,-76.9372,28
536903048,38.9799,-76.9372,29
536903048,38.9799,-76.9372,30
536903048,38.9799,-76.9372,30
536903048,38.9799,-76.9372,31
536903048,38.9799,-76.9372,32
536903048,38.9799,-76.9372,32
536903296,38.9799,-76.9372,32
536903296,38.9799,-76.9372,32
536903296,38.9799,-76.9372,32
536903296,38.9799,-76.9372,35
536903296,38.9799,-76.9372,39
536903296,38.9799,-76.9372,39
536903296,38.9799,-76.9372,34
INIT_GPS_LOG
536903256,2.0000,2.0000,4294967295
536903248,2.0000,2.0000,4294967295
536903248,2.0000,2.0000,4294967295
536903248,2.0000,2.0000,4294967295
536903248,2.0000,2.0000,4294967295
536903248,2.0000,2.0000,4294967295
536903248,2.0000,2.0000,4294967295
536903200,38.9799,-76.9370,30
536903112,38.9800,-76.9370,29
536903112,38.9800,-76.9370,29
536903112,38.9800,-76.9370,28
536903112,38.9799,-76.9370,26
536903112,38.9799,-76.9371,25
536903112,38.9799,-76.9371,24
536903112,38.9799,-76.9371,23
536903112,38.9799,-76.9371,22
536903112,38.9799,-76.9371,22
536903184,38.9799,-76.9371,22
536903184,38.9799,-76.9371,22
536903184,38.9799,-76.9371,22
536903184,38.9799,-76.9371,22
536903048,38.9799,-76.9371,22
536903048,38.9798,-76.9369,22
536903048,38.9798,-76.9369,103
536903048,38.9798,-76.9370,102
536903048,38.9798,-76.9370,98
536903048,38.9798,-76.9370,98
536903344,38.9798,-76.9370,98
536903296,38.9798,-76.9370,98
536903344,38.9798,-76.9370,98
536903344,38.9799,-76.9369,89
536903296,38.9799,-76.9369,75
536903296,38.9799,-76.9370,65
536903296,38.9799,-76.9371,56
536903296,38.9799,-76.9372,48
536903296,38.9799,-76.9372,37
536903184,38.9799,-76.9373,32
536903184,38.9799,-76.9373,27
536903184,38.9799,-76.9373,24
536903184,38.9799,-76.9374,22
536903184,38.9799,-76.9374,19
536903184,38.9799,-76.9374,18
536903184,38.9799,-76.9374,18
536903184,38.9799,-76.9374,17
536903296,38.9799,-76.9374,17
536903296,38.9799,-76.9374,16
536903344,38.9799,-76.9374,16
536903344,38.9799,-76.9373,16
536903296,38.9799,-76.9373,16
536903296,38.9799,-76.9373,17
536903296,38.9799,-76.9373,17
536903296,38.9799,-76.9373,16
536903344,38.9799,-76.9373,17
536903344,38.9799,-76.9373,17
536903296,38.9799,-76.9373,17
536903344,38.9799,-76.9373,17
536903296,38.9799,-76.9373,16
536903296,38.9799,-76.9373,17
536903344,38.9799,-76.9373,17
536903184,38.9799,-76.9373,17
536903184,38.9799,-76.9373,17
536903184,38.9799,-76.9373,18
536903184,38.9799,-76.9373,18
536903184,38.9799,-76.9373,18
536903184,38.9799,-76.9373,18
536903296,38.9799,-76.9373,19
536903296,38.9799,-76.9373,19
536903296,38.9799,-76.9373,19
536903296,38.9799,-76.9373,19
536903296,38.9799,-76.9373,20
536903296,38.9799,-76.9373,20
536903296,38.9799,-76.9373,20
536903296,38.9799,-76.9373,20
536903296,38.9799,-76.9373,21
536903296,38.9799,-76.9373,21
536903344,38.9799,-76.9373,22
536903296,38.9799,-76.9373,22
536903344,38.9799,-76.9373,22
536903296,38.9799,-76.9373,22
536903296,38.9799,-76.9373,22
536903184,38.9799,-76.9373,23
536903184,38.9799,-76.9372,23
536903184,38.9799,-76.9372,23
536903184,38.9799,-76.9372,23
536903344,38.9799,-76.9372,24
536903296,38.9799,-76.9372,24
536903048,38.9799,-76.9372,24
536903048,38.9799,-76.9372,25
536903048,38.9799,-76.9372,25
536903048,38.9799,-76.9372,25
536903048,38.9799,-76.9372,25
536903048,38.9799,-76.9372,25
536903048,38.9799,-76.9372,26
536903048,38.9799,-76.9372,26
536903048,38.9799,-76.9372,26
536903048,38.9799,-76.9372,26
536903048,38.9799,-76.9372,27
536903048,38.9799,-76.9372,27
536903048,38.9799,-76.9372,27
536903048,38.9799,-76.9372,28
536903048,38.9799,-76.9372,28
536903048,38.9799,-76.9372,28
536903160,38.9799,-76.9372,29
536903160,38.9799,-76.9372,29
536903160,38.9799,-76.9372,28
536903160,38.9799,-76.9372,28
536903160,38.9799,-76.9371,28
536903160,38.9799,-76.9372,28
536903160,38.9799,-76.9372,27
536903160,38.9799,-76.9372,27
536903160,38.9799,-76.9372,26
536903160,38.9799,-76.9372,25
536903160,38.9799,-76.9372,25
536903160,38.9799,-76.9372,24
536903160,38.9799,-76.9372,24
536903160,38.9799,-76.9372,24
536903160,38.9799,-76.9372,24
536903160,38.9799,-76.9372,23
536903160,38.9799,-76.9372,24
536903160,38.9799,-76.9372,23
536903160,38.9799,-76.9372,23
536903160,38.9799,-76.9372,23
536903160,38.9799,-76.9372,23
536903160,38.9799,-76.9372,23
536903160,38.9799,-76.9372,23
536903160,38.9799,-76.9372,23
536903160,38.9799,-76.9372,23
536903160,38.9799,-76.9372,24
536903160,38.9799,-76.9372,24
536903160,38.9799,-76.9372,24
536903160,38.9799,-76.9372,25
536903048,38.9799,-76.9372,25
536903048,38.9799,-76.9372,25
536903048,38.9799,-76.9372,26
536903048,38.9799,-76.9372,27
536903048,38.9799,-76.9372,27
536903048,38.9799,-76.9372,28
536903048,38.9799,-76.9372,28
536903048,38.9799,-76.9372,29
536903048,38.9799,-76.9372,29
536903048,38.9799,-76.9372,29
536903048,38.9799,-76.9372,29
536903048,38.9799,-76.9371,29
536903048,38.9799,-76.9371,29
536903048,38.9799,-76.9371,29
536903048,38.9799,-76.9371,29
536903048,38.9799,-76.9371,29
536903048,38.9799,-76.9371,30
536903048,38.9799,-76.9371,29
536903160,38.9799,-76.9371,30
536903160,38.9799,-76.9371,30
536903160,38.9799,-76.9371,30
536903160,38.9799,-76.9371,29
536903160,38.9799,-76.9371,29
536903160,38.9799,-76.9371,28
536903160,38.9799,-76.9371,27
536903160,38.9799,-76.9371,27
536903160,38.9799,-76.9371,27
536903160,38.9799,-76.9371,26
536903160,38.9799,-76.9371,26
536903160,38.9799,-76.9371,26
536903160,38.9799,-76.9371,27
536903160,38.9799,-76.9371,27
536903160,38.9799,-76.9371,27
536903160,38.9799,-76.9371,28
536903160,38.9799,-76.9371,28
536903160,38.9799,-76.9371,29
536903160,38.9799,-76.9371,29
536903160,38.9799,-76.9371,30
536903160,38.9799,-76.9371,30
536903160,38.9799,-76.9371,30
536903160,38.9799,-76.9371,29
536903160,38.9799,-76.9371,30
536903160,38.9799,-76.9371,30
536903160,38.9799,-76.9371,29
536903160,38.9799,-76.9371,28
536903160,38.9799,-76.9371,27
536903160,38.9799,-76.9371,27
536903048,38.9799,-76.9371,26
536903048,38.9799,-76.9371,26
536903048,38.9799,-76.9371,25
536903048,38.9799,-76.9371,24
536903048,38.9799,-76.9371,23
536903048,38.9799,-76.9372,22
536903048,38.9799,-76.9372,22
536903048,38.9799,-76.9372,22
536903048,38.9799,-76.9372,22
536903048,38.9799,-76.9372,21
536903048,38.9799,-76.9372,21
536903048,38.9799,-76.9372,21
536903048,38.9799,-76.9372,21
536903048,38.9799,-76.9372,21
536903048,38.9799,-76.9372,22
536903160,38.9799,-76.9372,23
536903160,38.9799,-76.9372,23
536903160,38.9799,-76.9372,23
536903160,38.9799,-76.9372,23
536903160,38.9799,-76.9372,23
536903160,38.9799,-76.9372,23
536903160,38.9799,-76.9372,23
536903160,38.9799,-76.9372,24
536903160,38.9799,-76.9372,24
536903160,38.9799,-76.9372,25
536903160,38.9799,-76.9372,24
536903160,38.9799,-76.9372,23
536903160,38.9799,-76.9372,23
536903160,38.9799,-76.9372,22
536903160,38.9799,-76.9372,21
536903160,38.9799,-76.9372,20
536903160,38.9799,-76.9372,19
536903160,38.9799,-76.9372,18
536903160,38.9799,-76.9372,17
536903160,38.9799,-76.9372,16
536903160,38.9799,-76.9372,16
536903160,38.9799,-76.9372,15
536903160,38.9799,-76.9372,15
536903160,38.9799,-76.9372,15
536903160,38.9799,-76.9372,14
536903160,38.9799,-76.9372,14
536903160,38.9799,-76.9372,14
536903160,38.9799,-76.9372,13
536903160,38.9799,-76.9372,13
536903160,38.9799,-76.9372,13
536903296,38.9799,-76.9372,13
536903344,38.9799,-76.9372,13
536903296,38.9799,-76.9372,13
536903296,38.9799,-76.9372,14
536903296,38.9799,-76.9372,15
536903296,38.9799,-76.9372,15
536903296,38.9799,-76.9372,16
536903296,38.9799,-76.9372,17
536903296,38.9799,-76.9372,18
536903344,38.9799,-76.9372,19
536903296,38.9799,-76.9372,19
536903344,38.9799,-76.9372,19
536903344,38.9799,-76.9372,19
536903296,38.9799,-76.9372,19
536903296,38.9799,-76.9372,19
536903184,38.9799,-76.9372,19
536903184,38.9799,-76.9372,19
536903184,38.9799,-76.9372,19
536903184,38.9799,-76.9372,18
536903184,38.9799,-76.9372,18
536903296,38.9799,-76.9372,17
536903296,38.9799,-76.9372,16
536903296,38.9799,-76.9372,16
536903296,38.9799,-76.9372,16
536903296,38.9799,-76.9372,16
536903296,38.9799,-76.9372,15
536903296,38.9799,-76.9372,15
536903296,38.9799,-76.9372,15
536903296,38.9799,-76.9372,15
536903344,38.9799,-76.9372,15
536903344,38.9799,-76.9372,16
536903344,38.9799,-76.9372,16
536903296,38.9799,-76.9372,16
536903296,38.9799,-76.9372,17
536903296,38.9799,-76.9372,17
536903184,38.9799,-76.9372,17
536903184,38.9799,-76.9372,18
536903184,38.9799,-76.9372,18
536903184,38.9799,-76.9372,18
536903184,38.9799,-76.9372,19
536903184,38.9799,-76.9372,20
536903184,38.9799,-76.9372,19
536903296,38.9799,-76.9372,20
536903296,38.9799,-76.9372,20
536903296,38.9799,-76.9372,20
536903296,38.9799,-76.9372,19
536903296,38.9799,-76.9372,20
536903296,38.9799,-76.9372,20
536903296,38.9799,-76.9372,21
536903296,38.9799,-76.9372,21
536903296,38.9799,-76.9372,21
536903296,38.9799,-76.9372,21
536903344,38.9799,-76.9372,21
536903296,38.9799,-76.9372,21
536903296,38.9799,-76.9372,21
536903296,38.9799,-76.9372,20
536903296,38.9799,-76.9372,20
536903184,38.9799,-76.9372,21
536903184,38.9799,-76.9372,21
536903184,38.9799,-76.9372,21
536903184,38.9799,-76.9372,21
536903184,38.9799,-76.9372,23
536903184,38.9799,-76.9372,23
536903296,38.9799,-76.9372,24
536903296,38.9799,-76.9372,25
536903296,38.9799,-76.9372,26
536903296,38.9799,-76.9372,27
536903296,38.9799,-76.9372,28
536903296,38.9799,-76.9372,28
536903296,38.9799,-76.9372,28
536903344,38.9799,-76.9372,28
536903296,38.9799,-76.9372,29
536903344,38.9799,-76.9372,29
536903296,38.9799,-76.9372,29
536903344,38.9799,-76.9372,29
536903344,38.9799,-76.9372,29
536903344,38.9799,-76.9372,29
536903296,38.9799,-76.9372,29
536903184,38.9799,-76.9372,30
536903184,38.9799,-76.9372,30
536903184,38.9799,-76.9372,30
536903184,38.9799,-76.9372,30
536903184,38.9799,-76.9372,30
536903184,38.9799,-76.9372,31
536903344,38.9799,-76.9372,31
536903296,38.9799,-76.9372,31
536903296,38.9799,-76.9372,31
536903296,38.9799,-76.9372,31
536903296,38.9799,-76.9372,32
536903344,38.9799,-76.9372,32
536903296,38.9799,-76.9372,32
536903296,38.9799,-76.9372,32
536903296,38.9799,-76.9372,32
536903296,38.9799,-76.9372,32
536903296,38.9799,-76.9372,32
536903296,38.9799,-76.9372,32
536903344,38.9799,-76.9372,32
536903344,38.9799,-76.9372,32
536903296,38.9799,-76.9372,32
536903184,38.9799,-76.9372,32
536903184,38.9799,-76.9372,32
536903184,38.9799,-76.9372,32
536903184,38.9799,-76.9372,32
536903184,38.9799,-76.9372,32
536903184,38.9799,-76.9372,32
536903184,38.9799,-76.9372,32
536903296,38.9799,-76.9372,32
536903296,38.9799,-76.9372,32
536903344,38.9799,-76.9372,32
536903296,38.9799,-76.9372,32
536903296,38.9799,-76.9372,32
536903296,38.9799,-76.9372,32
536903296,38.9799,-76.9372,32
536903344,38.9799,-76.9372,32
536903296,38.9799,-76.9372,32
536903344,38.9799,-76.9372,32
536903296,38.9799,-76.9372,32
536903296,38.9799,-76.9372,32
536903296,38.9799,-76.9372,32
536903296,38.9799,-76.9372,32
536903344,38.9799,-76.9372,32
536903184,38.9799,-76.9372,32
536903184,38.9799,-76.9372,32
536903184,38.9799,-76.9372,32
536903184,38.9799,-76.9372,32
536903184,38.9799,-76.9372,31
536903184,38.9799,-76.9372,31
536903344,38.9799,-76.9372,32
536903296,38.9799,-76.9372,32
536903296,38.9799,-76.9372,32
536903344,38.9799,-76.9372,32
536903296,38.9799,-76.9372,32
536903296,38.9799,-76.9372,32
536903296,38.9799,-76.9372,32
536903296,38.9799,-76.9372,32
536903296,38.9799,-76.9372,32
536903296,38.9799,-76.9372,32
536903296,38.9799,-76.9372,32
536903296,38.9799,-76.9372,32
536903296,38.9799,-76.9372,32
536903296,38.9799,-76.9372,32
536903296,38.9799,-76.9372,32
536903184,38.9799,-76.9372,32
536903184,38.9799,-76.9372,32
536903184,38.9799,-76.9372,32
536903184,38.9799,-76.9372,33
536903184,38.9799,-76.9372,33
536903296,38.9799,-76.9372,33
536903344,38.9799,-76.9372,33
536903296,38.9799,-76.9372,33
536903296,38.9799,-76.9372,33
536903296,38.9799,-76.9372,33
536903296,38.9799,-76.9372,33
536903296,38.9799,-76.9372,33
536903296,38.9799,-76.9372,32
536903344,38.9799,-76.9372,32
536903344,38.9799,-76.9372,32
536903296,38.9799,-76.9372,32
536903344,38.9799,-76.9372,32
536903296,38.9799,-76.9372,32
536903296,38.9799,-76.9372,32
536903296,38.9799,-76.9372,32
536903184,38.9799,-76.9372,31
536903184,38.9799,-76.9372,31
536903184,38.9799,-76.9372,31
536903184,38.9799,-76.9372,31
536903184,38.9799,-76.9372,31
536903184,38.9799,-76.9372,31
536903184,38.9799,-76.9372,31
536903048,38.9799,-76.9372,31
536903048,38.9799,-76.9371,31
536903048,38.9799,-76.9371,31
536903048,38.9799,-76.9371,30
536903048,38.9799,-76.9371,30
536903048,38.9799,-76.9371,30
536903048,38.9799,-76.9371,30
536903048,38.9799,-76.9371,30
536903048,38.9799,-76.9371,30
536903048,38.9799,-76.9371,30
536903048,38.9799,-76.9371,30
536903048,38.9799,-76.9371,30
536903048,38.9799,-76.9371,30
536903048,38.9799,-76.9371,30
536903296,38.9799,-76.9371,30
536903184,38.9799,-76.9371,30
536903184,38.9799,-76.9371,39
536903184,38.9799,-76.9371,47
536903296,38.9799,-76.9371,46
536903296,38.9799,-76.9371,45
536903296,38.9799,-76.9371,42
536903344,38.9799,-76.9371,40
536903296,38.9799,-76.9371,39
536903296,38.9799,-76.9371,37
536903296,38.9799,-76.9371,35
536903296,38.9799,-76.9371,34
536903296,38.9799,-76.9371,33
536903296,38.9799,-76.9371,31
536903344,38.9799,-76.9371,30
536903296,38.9799,-76.9371,30
536903296,38.9799,-76.9371,29
536903344,38.9799,-76.9371,29
536903344,38.9799,-76.9371,29
INIT_GPS_LOG
536903256,2.0000,2.0000,4294967295
536903248,2.0000,2.0000,4294967295
536903248,2.0000,2.0000,4294967295
536903248,2.0000,2.0000,4294967295
536903200,39.3588,-77.5485,173
536903112,39.3588,-77.5485,166
536903112,39.3588,-77.5485,166
536903112,39.3588,-77.5484,166
536903112,39.3588,-77.5484,166
536903112,39.3588,-77.5484,165
536903112,39.3588,-77.5484,165
536903112,39.3588,-77.5484,165
536903112,39.3588,-77.5484,164
536903112,39.3588,-77.5484,163
536903112,39.3588,-77.5484,163
536903112,39.3588,-77.5484,163
536903224,39.3588,-77.5484,164
536903224,39.3588,-77.5484,164
536903224,39.3588,-77.5484,164
536903224,39.3588,-77.5484,164
536903224,39.3588,-77.5484,164
536903224,39.3588,-77.5484,164
536903224,39.3588,-77.5484,164
536903224,39.3588,-77.5484,164
536903224,39.3588,-77.5484,164
536903224,39.3588,-77.5484,165
536903224,39.3588,-77.5484,165
536903224,39.3588,-77.5484,164
536903224,39.3588,-77.5484,164
536903224,39.3588,-77.5485,163
536903224,39.3588,-77.5485,163
536903224,39.3588,-77.5485,162
536903224,39.3588,-77.5485,162
536903224,39.3588,-77.5485,161
536903224,39.3588,-77.5485,161
536903224,39.3588,-77.5485,161
536903224,39.3588,-77.5485,160
536903224,39.3588,-77.5484,160
536903224,39.3588,-77.5484,160
536903224,39.3588,-77.5484,160
536903224,39.3588,-77.5484,160
536903224,39.3588,-77.5484,160
536903224,39.3588,-77.5484,160
536903224,39.3588,-77.5484,161
536903224,39.3588,-77.5484,161
536903224,39.3588,-77.5484,161
536903112,39.3588,-77.5484,161
536903112,39.3588,-77.5484,161
536903112,39.3588,-77.5484,161
536903112,39.3588,-77.5484,161
536903112,39.3588,-77.5484,161
536903112,39.3588,-77.5484,161
536903112,39.3588,-77.5484,161
536903184,39.3588,-77.5484,161
536903184,39.3588,-77.5484,161
536903184,39.3588,-77.5484,161
536903184,39.3588,-77.5484,161
536903048,39.3587,-77.5485,159
536903048,39.3587,-77.5485,165
536903048,39.3587,-77.5485,165
536903048,39.3587,-77.5485,164
536903048,39.3587,-77.5485,164
536903048,39.3587,-77.5485,164
536903048,39.3587,-77.5485,164
536903296,39.3587,-77.5485,164
536903344,39.3587,-77.5485,164
536903296,39.3587,-77.5485,164
536903344,39.3586,-77.5483,181
536903344,39.3586,-77.5484,181
536903296,39.3586,-77.5484,178
536903296,39.3586,-77.5484,178
536903296,39.3587,-77.5484,175
536903184,39.3587,-77.5484,176
536903184,39.3587,-77.5484,175
536903184,39.3587,-77.5484,176
536903184,39.3587,-77.5484,175
536903184,39.3587,-77.5484,175
536903184,39.3587,-77.5484,174
536903296,39.3587,-77.5484,175
536903296,39.3587,-77.5484,176
536903296,39.3587,-77.5484,175
536903296,39.3587,-77.5484,175
536903296,39.3587,-77.5484,174
536903296,39.3587,-77.5484,173
536903344,39.3587,-77.5484,173
536903296,39.3587,-77.5484,173
536903296,39.3587,-77.5484,173
536903296,39.3587,-77.5484,173
536903296,39.3587,-77.5484,173
536903296,39.3587,-77.5484,173
536903296,39.3587,-77.5484,173
536903344,39.3587,-77.5484,172
536903296,39.3587,-77.5484,173
536903184,39.3587,-77.5484,172
536903184,39.3587,-77.5484,173
536903184,39.3587,-77.5484,173
536903184,39.3587,-77.5484,173
536903184,39.3587,-77.5484,173
536903184,39.3587,-77.5484,173
536903344,39.3587,-77.5484,172
536903296,39.3587,-77.5484,172
536903296,39.3587,-77.5484,172
536903296,39.3587,-77.5484,172
536903296,39.3587,-77.5484,173
536903296,39.3587,-77.5484,173
536903296,39.3587,-77.5484,173
536903296,39.3587,-77.5484,172
536903296,39.3587,-77.5484,172
536903344,39.3587,-77.5484,172
536903296,39.3587,-77.5484,172
536903296,39.3587,-77.5484,172
536903344,39.3587,-77.5484,172
536903296,39.3587,-77.5484,171
536903296,39.3587,-77.5484,172
536903184,39.3587,-77.5484,172
536903184,39.3587,-77.5484,171
536903184,39.3587,-77.5484,171
536903184,39.3587,-77.5484,171
536903184,39.3587,-77.5484,172
536903296,39.3587,-77.5484,171
536903344,39.3587,-77.5484,171
536903296,39.3587,-77.5484,171
536903344,39.3587,-77.5484,171
536903048,39.3588,-77.5484,171
536903048,39.3588,-77.5484,171
536903048,39.3588,-77.5484,171
536903048,39.3588,-77.5484,171
536903048,39.3588,-77.5484,171
536903048,39.3587,-77.5484,171
536903048,39.3588,-77.5484,171
536903048,39.3588,-77.5484,171
536903048,39.3588,-77.5484,171
536903048,39.3588,-77.5484,171
536903048,39.3588,-77.5484,171
536903048,39.3588,-77.5484,171
536903184,39.3588,-77.5484,171
536903184,39.3588,-77.5484,171
536903184,39.3588,-77.5484,171
536903184,39.3588,-77.5484,171
536903184,39.3588,-77.5484,171
536903296,39.3586,-77.5484,185
536903296,39.3586,-77.5484,185
536903296,39.3586,-77.5484,183
536903296,39.3586,-77.5484,180
536903296,39.3586,-77.5484,179
536903344,39.3586,-77.5484,179
536903296,39.3586,-77.5484,179
536903296,39.3587,-77.5484,177
536903296,39.3587,-77.5484,174
536903344,39.3587,-77.5484,173
536903344,39.3587,-77.5484,170
536903296,39.3588,-77.5484,167
536903296,39.3588,-77.5484,167
536903296,39.3588,-77.5484,166
536903184,39.3588,-77.5484,166
536903184,39.3588,-77.5484,166
536903184,39.3588,-77.5484,165
536903184,39.3588,-77.5484,165
536903184,39.3588,-77.5484,165
536903184,39.3588,-77.5484,165
536903184,39.3588,-77.5484,165
536903184,39.3588,-77.5484,165
536903296,39.3588,-77.5484,165
536903296,39.3588,-77.5484,165
536903344,39.3588,-77.5484,165
536903296,39.3588,-77.5484,166
536903296,39.3588,-77.5484,166
536903296,39.3588,-77.5484,166
536903344,39.3588,-77.5484,166
536903296,39.3588,-77.5484,166
536903296,39.3588,-77.5484,166
536903296,39.3588,-77.5484,166
536903296,39.3588,-77.5484,166
536903296,39.3587,-77.5484,166
536903296,39.3587,-77.5484,167
536903296,39.3587,-77.5484,167
536903184,39.3587,-77.5484,167
536903184,39.3587,-77.5484,167
536903184,39.3587,-77.5484,167
536903184,39.3587,-77.5484,167
536903184,39.3587,-77.5484,168
536903184,39.3587,-77.5484,168
536903344,39.3587,-77.5484,168
536903296,39.3587,-77.5484,168
536903296,39.3587,-77.5484,169
536903344,39.3587,-77.5484,169
536903296,39.3587,-77.5484,170
536903296,39.3587,-77.5484,170
536903296,39.3587,-77.5484,169
536903344,39.3587,-77.5484,169
536903296,39.3587,-77.5484,169
536903296,39.3587,-77.5484,169
536903296,39.3587,-77.5484,169
536903296,39.3587,-77.5484,169
536903296,39.3587,-77.5484,169
536903296,39.3587,-77.5484,169
536903296,39.3587,-77.5484,168
536903184,39.3587,-77.5484,168
536903184,39.3587,-77.5484,167
536903184,39.3587,-77.5484,167
536903184,39.3587,-77.5484,167
536903184,39.3587,-77.5484,167
536903184,39.3587,-77.5484,167
536903184,39.3587,-77.5484,167
536903296,39.3587,-77.5484,167
536903344,39.3587,-77.5484,167
536903344,39.3587,-77.5484,167
536903296,39.3587,-77.5484,167
536903344,39.3587,-77.5484,168
536903296,39.3587,-77.5484,168
536903296,39.3587,-77.5484,168
536903296,39.3587,-77.5484,168
536903344,39.3587,-77.5484,168
536903296,39.3587,-77.5484,168
536903296,39.3587,-77.5484,167
536903296,39.3587,-77.5484,168
536903296,39.3587,-77.5484,168
536903296,39.3587,-77.5484,168
536903184,39.3587,-77.5484,168
536903184,39.3587,-77.5484,168
536903184,39.3587,-77.5484,168
536903184,39.3587,-77.5484,169
536903184,39.3587,-77.5484,169
536903184,39.3587,-77.5484,169
536903184,39.3587,-77.5484,169
536903296,39.3587,-77.5484,169
536903344,39.3587,-77.5484,169
536903296,39.3587,-77.5484,168
536903296,39.3587,-77.5484,168
536903296,39.3587,-77.5484,168
536903344,39.3587,-77.5484,168
536903344,39.3587,-77.5484,168
536903296,39.3588,-77.5484,168
536903296,39.3588,-77.5484,168
536903344,39.3588,-77.5484,168
536903296,39.3588,-77.5484,168
536903296,39.3588,-77.5484,167
536903344,39.3588,-77.5484,167
536903344,39.3588,-77.5484,167
536903296,39.3588,-77.5484,167
536903184,39.3588,-77.5484,167
536903184,39.3588,-77.5484,167
536903184,39.3588,-77.5484,167
536903184,39.3588,-77.5484,166
536903184,39.3588,-77.5484,166
536903184,39.3588,-77.5484,166
536903184,39.3588,-77.5484,166
536903048,39.3588,-77.5484,166
536903048,39.3588,-77.5484,166
536903048,39.3588,-77.5484,167
536903048,39.3588,-77.5484,168
536903048,39.3588,-77.5484,167
536903048,39.3588,-77.5484,167
536903048,39.3588,-77.5484,167
536903048,39.3588,-77.5484,167
536903048,39.3588,-77.5484,167
536903296,39.3588,-77.5484,167
536903344,39.3588,-77.5484,167
536903344,39.3588,-77.5484,167
536903296,39.3588,-77.5484,167
536903344,39.3588,-77.5484,167
536903296,39.3588,-77.5484,167
536903184,39.3588,-77.5485,176
536903184,39.3588,-77.5484,171
536903184,39.3588,-77.5484,170
536903184,39.3588,-77.5484,170
536903184,39.3588,-77.5485,170
536903184,39.3588,-77.5484,170
536903344,39.3588,-77.5484,170
536903344,39.3588,-77.5484,169
536903296,39.3588,-77.5484,169
536903296,39.3588,-77.5484,169
536903296,39.3588,-77.5484,169
536903296,39.3588,-77.5484,168
536903344,39.3588,-77.5484,168
536903296,39.3588,-77.5484,167
536903296,39.3588,-77.5484,167
536903344,39.3588,-77.5484,167
536903296,39.3588,-77.5484,167
536903296,39.3588,-77.5484,167
536903296,39.3588,-77.5484,167
536903344,39.3588,-77.5484,167
536903344,39.3588,-77.5484,167
536903184,39.3588,-77.5484,167
536903184,39.3588,-77.5484,166
536903184,39.3588,-77.5484,166
536903184,39.3588,-77.5484,166
536903184,39.3588,-77.5484,166
536903184,39.3588,-77.5484,166
536903184,39.3588,-77.5484,165
536903296,39.3588,-77.5484,165
536903296,39.3588,-77.5484,166
536903296,39.3588,-77.5484,166
536903296,39.3588,-77.5484,165
536903296,39.3588,-77.5484,165
536903344,39.3588,-77.5484,165
536903344,39.3588,-77.5484,164
536903296,39.3588,-77.5484,164
536903296,39.3588,-77.5484,164
536903344,39.3588,-77.5484,164
536903344,39.3588,-77.5484,164
536903296,39.3588,-77.5484,164
536903296,39.3588,-77.5484,164
536903296,39.3588,-77.5484,164
536903184,39.3588,-77.5484,163
536903184,39.3588,-77.5484,163
536903184,39.3588,-77.5484,163
536903184,39.3588,-77.5484,163
536903184,39.3588,-77.5484,164
536903344,39.3588,-77.5484,164
536903296,39.3588,-77.5484,163
536903344,39.3588,-77.5484,164
536903344,39.3588,-77.5484,163
536903296,39.3588,-77.5484,163
536903296,39.3588,-77.5484,163
536903296,39.3588,-77.5484,163
536903296,39.3588,-77.5484,163
536903296,39.3588,-77.5484,163
536903296,39.3588,-77.5484,162
536903296,39.3588,-77.5484,162
536903296,39.3588,-77.5484,162
536903296,39.3588,-77.5484,161
536903296,39.3588,-77.5484,161
536903296,39.3588,-77.5484,161
536903184,39.3588,-77.5484,161
536903184,39.3588,-77.5484,161
536903184,39.3588,-77.5484,162
536903184,39.3588,-77.5484,161
536903184,39.3588,-77.5484,161
536903184,39.3588,-77.5484,161
536903184,39.3588,-77.5484,161
536903344,39.3588,-77.5484,160
536903296,39.3588,-77.5484,160
536903344,39.3588,-77.5484,160
536903296,39.3588,-77.5484,160
536903344,39.3588,-77.5484,159
536903344,39.3588,-77.5484,158
536903296,39.3588,-77.5484,158
536903296,39.3588,-77.5484,159
536903344,39.3588,-77.5484,158
536903296,39.3588,-77.5484,158
536903344,39.3588,-77.5484,158
536903344,39.3588,-77.5484,158
536903296,39.3588,-77.5484,159
536903344,39.3588,-77.5484,159
536903296,39.3588,-77.5484,158
536903184,39.3588,-77.5484,158
536903184,39.3589,-77.5484,158
536903184,39.3589,-77.5484,158
536903184,39.3589,-77.5484,158
536903296,39.3589,-77.5484,158
536903344,39.3589,-77.5484,158
536903296,39.3589,-77.5484,158
536903344,39.3589,-77.5484,158
536903296,39.3589,-77.5484,158
536903296,39.3589,-77.5484,158
536903296,39.3589,-77.5484,158
536903296,39.3589,-77.5484,158
536903296,39.3589,-77.5484,158
536903344,39.3589,-77.5484,158
536903296,39.3589,-77.5484,158
536903296,39.3589,-77.5484,158
536903344,39.3589,-77.5484,157
536903296,39.3589,-77.5484,156
536903296,39.3589,-77.5484,158
536903184,39.3589,-77.5484,159
536903184,39.3588,-77.5484,159
536903184,39.3588,-77.5484,160
536903296,39.3588,-77.5484,161
536903344,39.3588,-77.5484,162
536903296,39.3588,-77.5484,162
536903296,39.3588,-77.5484,162
536903296,39.3588,-77.5484,163
536903296,39.3588,-77.5484,163
536903296,39.3588,-77.5484,163
536903296,39.3588,-77.5484,163
536903344,39.3588,-77.5484,164
536903296,39.3588,-77.5484,164
536903344,39.3588,-77.5484,164
536903344,39.3588,-77.5484,164
536903296,39.3588,-77.5484,164
536903344,39.3588,-77.5484,164
536903296,39.3588,-77.5484,164
536903296,39.3588,-77.5484,164
536903296,39.3588,-77.5484,164
536903344,39.3588,-77.5484,164
536903344,39.3588,-77.5484,164
536903296,39.3588,-77.5484,164
536903344,39.3588,-77.5484,164
536903296,39.3588,-77.5484,164
536903296,39.3588,-77.5484,164
536903296,39.3588,-77.5484,164
536903296,39.3588,-77.5484,164
536903296,39.3588,-77.5484,164
536903296,39.3588,-77.5484,164
536903344,39.3588,-77.5484,164
536903296,39.3588,-77.5484,164
536903344,39.3588,-77.5484,164
536903296,39.3588,-77.5484,164
536903344,39.3588,-77.5484,164
536903296,39.3588,-77.5484,164
536903296,39.3588,-77.5484,164
536903296,39.3588,-77.5484,164
536903296,39.3588,-77.5484,164
536903296,39.3588,-77.5484,164
536903296,39.3588,-77.5484,164
536903296,39.3588,-77.5484,164
536903296,39.3588,-77.5484,164
536903344,39.3588,-77.5484,164
536903344,39.3588,-77.5484,164
536903296,39.3588,-77.5484,165
536903296,39.3588,-77.5484,164
536903296,39.3588,-77.5484,164
536903296,39.3588,-77.5484,164
536903296,39.3588,-77.5484,164
536903296,39.3588,-77.5484,164
536903344,39.3588,-77.5484,164
536903296,39.3588,-77.5484,164
536903296,39.3588,-77.5484,164
536903296,39.3588,-77.5484,164
536903296,39.3588,-77.5484,164
536903296,39.3588,-77.5484,164
536903296,39.3588,-77.5484,164
536903296,39.3588,-77.5484,164
536903296,39.3588,-77.5484,164
536903296,39.3588,-77.5484,164
536903296,39.3588,-77.5484,164
536903296,39.3588,-77.5484,164
536903296,39.3588,-77.5484,164
536903296,39.3588,-77.5484,164
536903296,39.3588,-77.5484,164
536903296,39.3588,-77.5484,164
536903344,39.3588,-77.5484,164
536903296,39.3588,-77.5484,165
536903344,39.3588,-77.5484,165
536903296,39.3588,-77.5484,164
536903296,39.3588,-77.5484,164
536903344,39.3588,-77.5484,164
536903296,39.3588,-77.5484,164
536903344,39.3588,-77.5484,165
536903344,39.3588,-77.5484,165
536903296,39.3588,-77.5484,165
536903344,39.3588,-77.5484,165
536903296,39.3588,-77.5484,165
536903344,39.3588,-77.5484,165
536903296,39.3588,-77.5484,165
536903296,39.3588,-77.5484,165
536903296,39.3588,-77.5484,165
536903296,39.3588,-77.5484,165
536903296,39.3588,-77.5484,165
536903296,39.3588,-77.5484,166
536903344,39.3588,-77.5484,166
536903296,39.3588,-77.5484,166
536903296,39.3588,-77.5484,166
536903344,39.3588,-77.5484,165
536903296,39.3588,-77.5484,165
536903344,39.3588,-77.5484,165
536903184,39.3588,-77.5484,165
536903184,39.3588,-77.5484,165
536903184,39.3588,-77.5484,165
536903184,39.3588,-77.5484,165
536903184,39.3588,-77.5484,165
536903184,39.3588,-77.5484,165
536903296,39.3588,-77.5484,165
536903296,39.3588,-77.5484,165
536903296,39.3588,-77.5484,165
536903296,39.3588,-77.5484,165
536903296,39.3588,-77.5484,165
536903296,39.3588,-77.5484,165
536903296,39.3588,-77.5484,165
536903344,39.3588,-77.5484,165
536903296,39.3588,-77.5484,165
536903344,39.3588,-77.5484,165
536903344,39.3588,-77.5484,166
536903296,39.3588,-77.5484,165
536903296,39.3588,-77.5484,165
536903296,39.3588,-77.5484,165
536903296,39.3588,-77.5484,165
536903184,39.3588,-77.5484,165
536903184,39.3588,-77.5484,165
536903184,39.3588,-77.5484,165
536903184,39.3588,-77.5484,165
536903184,39.3588,-77.5484,165
536903048,39.3588,-77.5484,165
536903048,39.3588,-77.5484,165
536903048,39.3588,-77.5484,165
536903048,39.3588,-77.5484,165
536903048,39.3588,-77.5484,165
536903048,39.3588,-77.5484,165
536903048,39.3588,-77.5484,165
536903048,39.3588,-77.5484,165
536903048,39.3588,-77.5484,165
536903048,39.3588,-77.5484,165
536903048,39.3588,-77.5484,165
536903048,39.3588,-77.5484,165
536903048,39.3588,-77.5484,165
536903120,39.3588,-77.5484,165
536903344,39.3588,-77.5484,165
536903184,39.3588,-77.5484,165
536903184,39.3588,-77.5484,165
536903184,39.3588,-77.5484,181
536903296,39.3588,-77.5484,178
536903296,39.3588,-77.5484,177
536903296,39.3588,-77.5484,175
536903296,39.3588,-77.5484,175
536903296,39.3588,-77.5484,175
536903296,39.3588,-77.5484,174
536903296,39.3588,-77.5484,173
536903296,39.3588,-77.5484,173
536903344,39.3588,-77.5484,172
536903344,39.3588,-77.5484,172
536903296,39.3588,-77.5484,172
536903296,39.3588,-77.5484,172
536903344,39.3588,-77.5484,172
536903296,39.3588,-77.5484,172
536903296,39.3588,-77.5484,173
536903184,39.3588,-77.5484,173
536903184,39.3588,-77.5484,173
536903184,39.3588,-77.5484,173
536903184,39.3588,-77.5484,172
536903184,39.3588,-77.5484,173
536903184,39.3588,-77.5484,173
536903184,39.3588,-77.5484,173
536903296,39.3588,-77.5484,173
536903296,39.3588,-77.5484,172
536903344,39.3588,-77.5484,172
536903296,39.3588,-77.5484,172
536903296,39.3588,-77.5484,172
536903296,39.3588,-77.5484,172
536903344,39.3588,-77.5484,171
536903344,39.3588,-77.5484,171
536903296,39.3588,-77.5484,170
536903296,39.3588,-77.5484,170
536903296,39.3588,-77.5484,169
536903296,39.3588,-77.5484,168
536903344,39.3588,-77.5484,167
536903296,39.3588,-77.5484,167
536903344,39.3588,-77.5484,166
536903184,39.3588,-77.5484,166
536903184,39.3588,-77.5484,165
536903184,39.3588,-77.5484,165
536903184,39.3588,-77.5484,165
536903184,39.3588,-77.5484,165
536903184,39.3588,-77.5484,165
536903184,39.3588,-77.5484,164
536903296,39.3588,-77.5484,165
536903296,39.3588,-77.5484,165
536903344,39.3588,-77.5484,165
536903296,39.3588,-77.5484,165
536903296,39.3588,-77.5484,165
536903296,39.3588,-77.5484,165
536903344,39.3588,-77.5484,165
536903296,39.3588,-77.5484,165
536903344,39.3588,-77.5484,165
536903296,39.3588,-77.5484,165
536903296,39.3588,-77.5484,165
536903296,39.3588,-77.5484,165
536903296,39.3588,-77.5484,165
536903296,39.3588,-77.5484,165
536903184,39.3588,-77.5484,166
536903184,39.3588,-77.5484,166
536903184,39.3588,-77.5484,166
536903184,39.3588,-77.5484,166
536903184,39.3588,-77.5484,166
536903184,39.3588,-77.5484,166
536903296,39.3588,-77.5484,166
536903344,39.3588,-77.5484,166
536903296,39.3588,-77.5484,166
536903296,39.3588,-77.5484,166
536903296,39.3588,-77.5484,166
536903296,39.3588,-77.5484,166
536903344,39.3588,-77.5484,166
536903344,39.3588,-77.5484,166
536903344,39.3588,-77.5484,165
536903296,39.3588,-77.5484,166
536903344,39.3588,-77.5484,166
536903344,39.3588,-77.5484,166
536903344,39.3588,-77.5484,166
536903296,39.3588,-77.5484,165
536903296,39.3588,-77.5484,165
536903184,39.3588,-77.5484,166
536903184,39.3588,-77.5484,166
536903184,39.3588,-77.5484,166
536903184,39.3588,-77.5484,166
536903184,39.3588,-77.5484,166
536903184,39.3588,-77.5484,165
536903296,39.3588,-77.5484,165
536903344,39.3588,-77.5484,165
536903296,39.3588,-77.5484,165
536903296,39.3588,-77.5484,165
536903344,39.3588,-77.5484,164
536903296,39.3588,-77.5484,164
536903296,39.3588,-77.5484,164
536903344,39.3588,-77.5484,164
536903296,39.3588,-77.5484,164
536903296,39.3588,-77.5484,164
536903296,39.3588,-77.5484,164
536903296,39.3588,-77.5484,164
536903296,39.3588,-77.5484,164
536903296,39.3588,-77.5484,164
536903344,39.3588,-77.5484,164
536903184,39.3588,-77.5484,164
536903184,39.3588,-77.5484,164
536903184,39.3588,-77.5484,164
536903184,39.3588,-77.5484,164
536903184,39.3588,-77.5484,164
536903184,39.3588,-77.5484,164
536903184,39.3588,-77.5484,164
536903296,39.3588,-77.5484,164
536903296,39.3588,-77.5484,165
536903296,39.3588,-77.5484,165
536903296,39.3588,-77.5484,165
536903296,39.3588,-77.5484,165
536903296,39.3588,-77.5484,165
536903296,39.3588,-77.5484,165
536903296,39.3588,-77.5484,165
536903344,39.3588,-77.5484,165
536903344,39.3588,-77.5484,165
536903296,39.3588,-77.5484,165
536903344,39.3588,-77.5484,165
536903296,39.3588,-77.5484,165
536903296,39.3588,-77.5484,165
536903184,39.3588,-77.5484,165
536903184,39.3588,-77.5484,164
536903184,39.3588,-77.5484,164
536903184,39.3588,-77.5484,164
536903184,39.3588,-77.5484,164
536903184,39.3588,-77.5484,164
536903184,39.3588,-77.5484,164
536903344,39.3588,-77.5484,164
536903344,39.3588,-77.5484,164
536903344,39.3588,-77.5484,164
536903344,39.3588,-77.5484,164
536903296,39.3588,-77.5484,164
536903344,39.3588,-77.5484,164
536903296,39.3588,-77.5484,164
536903296,39.3588,-77.5484,164
536903296,39.3588,-77.5484,164
536903296,39.3588,-77.5484,164
536903296,39.3588,-77.5484,164
536903344,39.3588,-77.5484,164
536903296,39.3588,-77.5484,164
536903296,39.3588,-77.5484,164
536903296,39.3588,-77.5484,164
536903184,39.3588,-77.5484,164
536903184,39.3588,-77.5484,164
536903184,39.3588,-77.5484,164
536903184,39.3588,-77.5484,164
536903184,39.3588,-77.5484,164
536903184,39.3588,-77.5484,164
536903344,39.3588,-77.5484,164
536903296,39.3588,-77.5484,164
536903344,39.3588,-77.5484,164
536903344,39.3588,-77.5484,164
536903296,39.3588,-77.5484,164
536903344,39.3588,-77.5484,164
536903344,39.3588,-77.5484,164
536903296,39.3588,-77.5484,164
536903296,39.3588,-77.5484,164
536903344,39.3588,-77.5484,164
536903344,39.3588,-77.5484,164
536903296,39.3588,-77.5484,164
536903344,39.3588,-77.5484,164
536903296,39.3588,-77.5484,164
536903296,39.3588,-77.5484,164
536903184,39.3588,-77.5484,164
536903184,39.3588,-77.5484,164
536903184,39.3588,-77.5484,164
536903184,39.3588,-77.5484,164
536903184,39.3588,-77.5484,164
536903344,39.3588,-77.5484,165
536903296,39.3588,-77.5484,165
536903344,39.3588,-77.5484,165
536903296,39.3588,-77.5484,165
536903344,39.3588,-77.5484,165
536903296,39.3588,-77.5484,165
536903296,39.3588,-77.5484,165
536903296,39.3588,-77.5484,165
536903344,39.3588,-77.5484,165
536903296,39.3588,-77.5484,165
536903296,39.3588,-77.5484,165
536903296,39.3588,-77.5484,165
536903344,39.3588,-77.5484,165
536903296,39.3588,-77.5484,165
536903344,39.3588,-77.5484,165
536903184,39.3588,-77.5484,165
536903184,39.3588,-77.5484,165
536903184,39.3588,-77.5484,164
536903184,39.3588,-77.5484,164
536903184,39.3588,-77.5484,165
536903184,39.3588,-77.5484,165
536903296,39.3587,-77.5484,165
536903296,39.3587,-77.5484,165
536903344,39.3587,-77.5484,164
536903296,39.3587,-77.5484,164
536903296,39.3587,-77.5484,164
536903296,39.3587,-77.5484,164
536903296,39.3587,-77.5484,164
536903344,39.3587,-77.5484,164
536903296,39.3587,-77.5484,164
536903296,39.3587,-77.5484,164
536903344,39.3587,-77.5484,164
536903344,39.3587,-77.5484,164
536903296,39.3587,-77.5484,164
536903296,39.3587,-77.5484,164
536903296,39.3587,-77.5484,164
536903184,39.3587,-77.5484,164
536903184,39.3587,-77.5484,164
536903184,39.3587,-77.5484,164
536903184,39.3587,-77.5484,164
536903184,39.3587,-77.5484,164
536903184,39.3587,-77.5484,165
536903296,39.3587,-77.5484,165
536903296,39.3587,-77.5484,165
536903344,39.3587,-77.5484,165
536903296,39.3587,-77.5484,165
536903296,39.3587,-77.5484,165
536903296,39.3587,-77.5484,165
536903296,39.3587,-77.5484,165
536903296,39.3587,-77.5484,165
536903296,39.3587,-77.5484,165
536903296,39.3587,-77.5484,165
536903296,39.3587,-77.5484,165
536903344,39.3587,-77.5484,165
536903296,39.3587,-77.5484,165
536903296,39.3587,-77.5484,165
536903296,39.3587,-77.5484,165
536903184,39.3587,-77.5484,165
536903184,39.3588,-77.5484,165
536903184,39.3588,-77.5484,165
536903184,39.3588,-77.5484,165
536903184,39.3588,-77.5484,165
536903184,39.3588,-77.5484,165
536903184,39.3588,-77.5484,165
536903296,39.3587,-77.5484,165
536903296,39.3587,-77.5484,165
536903296,39.3588,-77.5484,165
536903296,39.3588,-77.5484,165
536903296,39.3587,-77.5484,165
536903296,39.3587,-77.5484,165
536903296,39.3588,-77.5484,165
536903296,39.3588,-77.5484,165
536903296,39.3588,-77.5484,165
536903296,39.3588,-77.5484,165
536903296,39.3588,-77.5484,165
536903296,39.3588,-77.5484,165
536903296,39.3588,-77.5484,165
536903296,39.3588,-77.5484,165
536903296,39.3588,-77.5484,165
536903184,39.3588,-77.5484,165
536903184,39.3588,-77.5484,165
536903184,39.3588,-77.5484,165
536903184,39.3588,-77.5484,165
536903184,39.3588,-77.5484,165
536903184,39.3588,-77.5484,165
536903296,39.3588,-77.5484,165
536903296,39.3588,-77.5484,165
536903344,39.3588,-77.5484,165
536903296,39.3588,-77.5484,165
536903296,39.3588,-77.5484,165
536903296,39.3588,-77.5484,165
536903296,39.3588,-77.5484,165
536903296,39.3588,-77.5484,165
536903296,39.3588,-77.5484,165
536903296,39.3588,-77.5484,165
536903296,39.3588,-77.5484,165
536903296,39.3588,-77.5484,165
536903296,39.3588,-77.5484,165
536903296,39.3588,-77.5484,165
536903296,39.3588,-77.5484,165
536903184,39.3588,-77.5484,165
536903184,39.3588,-77.5484,164
536903184,39.3588,-77.5484,165
536903184,39.3588,-77.5484,165
536903296,39.3588,-77.5484,165
536903296,39.3588,-77.5484,165
536903296,39.3588,-77.5484,165
536903296,39.3588,-77.5484,165
536903296,39.3588,-77.5484,165
536903296,39.3588,-77.5484,165
536903344,39.3588,-77.5484,165
536903296,39.3588,-77.5484,165
536903296,39.3588,-77.5484,165
536903296,39.3588,-77.5484,165
536903296,39.3588,-77.5484,165
536903344,39.3588,-77.5484,165
536903296,39.3588,-77.5484,165
536903296,39.3588,-77.5484,165
536903184,39.3588,-77.5484,165
536903184,39.3588,-77.5484,165
536903184,39.3588,-77.5484,164
536903296,39.3588,-77.5484,164
536903296,39.3588,-77.5484,164
536903048,39.3588,-77.5484,164
536903048,39.3588,-77.5484,164
536903048,39.3588,-77.5484,164
536903048,39.3588,-77.5484,164
536903048,39.3588,-77.5484,164
536903048,39.3588,-77.5484,164
536903048,39.3588,-77.5484,164
536903048,39.3588,-77.5484,164
536903048,39.3588,-77.5484,164
536903048,39.3588,-77.5484,164
536903160,39.3588,-77.5484,164
536903160,39.3588,-77.5484,165
536903160,39.3588,-77.5484,165
536903160,39.3588,-77.5484,165
536903160,39.3588,-77.5484,165
536903160,39.3588,-77.5484,165
536903160,39.3588,-77.5484,165
536903160,39.3588,-77.5484,165
536903160,39.3588,-77.5484,165
536903160,39.3588,-77.5484,165
536903160,39.3588,-77.5484,165
536903160,39.3588,-77.5484,165
536903160,39.3588,-77.5484,165
536903160,39.3588,-77.5484,165
536903160,39.3588,-77.5484,165
536903160,39.3588,-77.5484,165
536903160,39.3587,-77.5484,165
536903160,39.3587,-77.5484,165
536903160,39.3587,-77.5484,165
536903160,39.3587,-77.5484,165
536903160,39.3587,-77.5484,165
536903160,39.3587,-77.5484,165
536903160,39.3587,-77.5484,165
536903160,39.3587,-77.5484,165
536903160,39.3587,-77.5484,165
536903160,39.3587,-77.5484,165
536903160,39.3587,-77.5484,165
536903160,39.3588,-77.5484,165
536903160,39.3588,-77.5484,165
536903160,39.3588,-77.5484,164
536903048,39.3588,-77.5484,164
536903048,39.3588,-77.5484,164
536903048,39.3588,-77.5484,164
536903048,39.3588,-77.5484,163
536903048,39.3588,-77.5484,163
536903048,39.3588,-77.5484,163
536903048,39.3588,-77.5484,164
536903048,39.3588,-77.5484,163
536903048,39.3588,-77.5484,163
536903048,39.3588,-77.5484,163
536903048,39.3588,-77.5484,163
536903048,39.3588,-77.5484,163
536903048,39.3588,-77.5484,163
536903048,39.3588,-77.5484,163
536903048,39.3588,-77.5484,153
536903048,39.3588,-77.5484,153
536903048,39.3588,-77.5484,153
536903048,39.3588,-77.5484,154
536903048,39.3588,-77.5484,154
536903048,39.3588,-77.5484,154
536903048,39.3588,-77.5484,154
536903160,39.3588,-77.5484,154
536903160,39.3588,-77.5484,154
536903160,39.3588,-77.5485,173
536903160,39.3588,-77.5485,173
536903160,39.3588,-77.5485,172
536903160,39.3588,-77.5485,172
536903160,39.3588,-77.5485,171
536903160,39.3588,-77.5485,170
536903160,39.3588,-77.5485,170
536903160,39.3588,-77.5485,169
536903160,39.3588,-77.5484,169
536903160,39.3588,-77.5484,168
536903160,39.3587,-77.5484,168
536903160,39.3587,-77.5484,167
536903160,39.3587,-77.5484,167
536903160,39.3587,-77.5484,167
536903160,39.3587,-77.5484,167
536903160,39.3587,-77.5484,166
536903160,39.3587,-77.5484,166
536903160,39.3587,-77.5484,166
536903160,39.3587,-77.5484,165
536903160,39.3587,-77.5484,165
536903160,39.3587,-77.5484,165
536903160,39.3587,-77.5484,165
536903160,39.3587,-77.5484,165
536903160,39.3587,-77.5484,165
536903160,39.3587,-77.5484,165
536903160,39.3587,-77.5484,165
536903160,39.3587,-77.5484,165
536903048,39.3587,-77.5484,165
536903048,39.3587,-77.5484,165
536903048,39.3587,-77.5484,165
536903048,39.3587,-77.5484,164
536903048,39.3587,-77.5484,165
536903048,39.3587,-77.5484,165
536903048,39.3587,-77.5484,165
536903048,39.3587,-77.5484,164
536903048,39.3587,-77.5484,165
536903048,39.3587,-77.5484,165
536903048,39.3588,-77.5484,165
536903048,39.3588,-77.5484,165
536903048,39.3588,-77.5484,165
536903048,39.3588,-77.5484,165
536903048,39.3588,-77.5484,165
536903048,39.3588,-77.5484,165
536903160,39.3588,-77.5484,165
536903160,39.3588,-77.5484,165
536903160,39.3588,-77.5484,165
536903160,39.3588,-77.5484,165
536903160,39.3588,-77.5484,165
536903160,39.3588,-77.5484,164
536903160,39.3588,-77.5484,164
536903160,39.3588,-77.5484,164
536903160,39.3588,-77.5484,164
536903160,39.3588,-77.5484,164
536903160,39.3588,-77.5484,164
536903160,39.3588,-77.5484,164
536903160,39.3588,-77.5484,164
536903160,39.3588,-77.5484,164
536903160,39.3588,-77.5484,164
536903160,39.3588,-77.5484,164
536903160,39.3588,-77.5484,164
536903160,39.3588,-77.5484,164
536903160,39.3588,-77.5484,164
536903160,39.3588,-77.5484,164
536903160,39.3588,-77.5484,164
536903160,39.3588,-77.5484,164
536903160,39.3588,-77.5484,164
536903160,39.3588,-77.5484,164
536903160,39.3588,-77.5484,164
536903160,39.3588,-77.5484,164
536903160,39.3588,-77.5484,164
536903160,39.3588,-77.5484,164
536903160,39.3588,-77.5484,164
536903160,39.3588,-77.5484,164
536903184,39.3588,-77.5484,164
536903184,39.3588,-77.5484,164
536903184,39.3588,-77.5484,164
536903184,39.3588,-77.5484,164
536903296,39.3588,-77.5484,164
536903296,39.3588,-77.5484,165
536903296,39.3588,-77.5484,164
536903296,39.3588,-77.5484,164
536903296,39.3588,-77.5484,164
536903344,39.3588,-77.5484,164
536903296,39.3588,-77.5484,165
536903344,39.3588,-77.5484,165
536903296,39.3588,-77.5484,165
536903296,39.3588,-77.5484,164
536903296,39.3588,-77.5484,164
536903296,39.3588,-77.5484,164
536903344,39.3588,-77.5484,165
536903344,39.3588,-77.5484,165
536903296,39.3588,-77.5484,165
536903184,39.3588,-77.5484,165
536903184,39.3588,-77.5484,165
536903184,39.3588,-77.5484,164
536903184,39.3588,-77.5484,165
536903184,39.3588,-77.5484,165
536903184,39.3588,-77.5484,166
536903184,39.3588,-77.5484,166
536903344,39.3588,-77.5484,166
536903344,39.3588,-77.5484,166
536903296,39.3588,-77.5484,167
536903296,39.3588,-77.5484,167
536903344,39.3588,-77.5484,167
536903296,39.3588,-77.5484,167
536903344,39.3588,-77.5484,167
536903344,39.3588,-77.5484,167
536903296,39.3588,-77.5484,168
536903296,39.3588,-77.5484,168
536903344,39.3588,-77.5484,168
536903296,39.3588,-77.5484,168
536903296,39.3588,-77.5484,168
536903344,39.3588,-77.5484,168
536903296,39.3588,-77.5484,168
536903344,39.3588,-77.5484,168
536903296,39.3588,-77.5484,168
536903296,39.3588,-77.5484,168
536903296,39.3588,-77.5484,168
536903296,39.3588,-77.5484,169
536903296,39.3588,-77.5484,169
536903296,39.3588,-77.5484,169
536903296,39.3588,-77.5484,169
536903296,39.3588,-77.5484,169
536903296,39.3588,-77.5484,169
536903296,39.3588,-77.5484,169
536903344,39.3588,-77.5484,169
536903296,39.3588,-77.5484,169
536903296,39.3588,-77.5484,168
536903296,39.3588,-77.5484,169
536903296,39.3588,-77.5484,168
536903344,39.3588,-77.5484,168
536903296,39.3588,-77.5484,168
536903296,39.3588,-77.5484,168
536903344,39.3588,-77.5484,168
536903296,39.3588,-77.5484,168
536903344,39.3588,-77.5484,168
536903296,39.3588,-77.5484,167
536903344,39.3588,-77.5484,167
536903344,39.3588,-77.5484,167
536903344,39.3588,-77.5484,167
536903344,39.3588,-77.5484,167
536903296,39.3588,-77.5484,167
536903344,39.3588,-77.5484,167
536903184,39.3588,-77.5484,167
536903184,39.3588,-77.5484,166
536903184,39.3588,-77.5484,166
536903184,39.3588,-77.5484,166
536903184,39.3588,-77.5484,166
536903184,39.3588,-77.5484,166
536903184,39.3588,-77.5484,166
536903344,39.3588,-77.5484,165
536903296,39.3588,-77.5484,166
536903296,39.3588,-77.5484,166
536903296,39.3588,-77.5484,166
536903296,39.3588,-77.5484,166
536903296,39.3588,-77.5484,166
536903296,39.3588,-77.5484,166
536903344,39.3588,-77.5484,166
536903296,39.3588,-77.5484,166
536903296,39.3588,-77.5484,165
536903344,39.3588,-77.5484,165
536903344,39.3588,-77.5484,165
536903296,39.3588,-77.5484,165
536903296,39.3588,-77.5484,165
536903296,39.3588,-77.5484,165
536903184,39.3588,-77.5484,165
536903184,39.3588,-77.5484,165
536903184,39.3588,-77.5484,165
536903184,39.3588,-77.5484,165
536903184,39.3588,-77.5484,165
536903184,39.3588,-77.5484,165
536903296,39.3588,-77.5484,165
536903344,39.3588,-77.5484,164
536903296,39.3588,-77.5484,165
536903296,39.3588,-77.5484,164
536903344,39.3588,-77.5484,164
536903296,39.3588,-77.5484,164
536903344,39.3588,-77.5484,163
536903296,39.3588,-77.5484,163
536903296,39.3588,-77.5484,163
536903296,39.3588,-77.5484,163
536903344,39.3588,-77.5484,163
536903296,39.3588,-77.5484,163
536903344,39.3588,-77.5484,163
536903344,39.3588,-77.5484,163
536903344,39.3588,-77.5484,163
536903184,39.3588,-77.5484,162
536903184,39.3588,-77.5484,163
536903184,39.3588,-77.5484,163
536903184,39.3588,-77.5484,162
536903184,39.3588,-77.5484,162
536903184,39.3588,-77.5484,162
536903184,39.3588,-77.5484,162
536903296,39.3588,-77.5484,162
536903296,39.3588,-77.5484,162
536903344,39.3588,-77.5484,162
536903344,39.3588,-77.5484,162
536903296,39.3588,-77.5484,162
536903296,39.3588,-77.5484,162
536903296,39.3588,-77.5484,162
536903344,39.3588,-77.5484,163
536903344,39.3588,-77.5484,163
536903296,39.3588,-77.5484,163
536903344,39.3588,-77.5484,163
536903296,39.3588,-77.5484,163
536903344,39.3588,-77.5484,163
536903344,39.3588,-77.5484,163
536903184,39.3588,-77.5484,163
536903184,39.3588,-77.5484,163
536903184,39.3588,-77.5484,163
536903184,39.3588,-77.5484,163
536903184,39.3588,-77.5484,163
536903184,39.3588,-77.5484,163
536903184,39.3588,-77.5484,163
536903344,39.3588,-77.5484,163
536903296,39.3588,-77.5484,163
536903296,39.3588,-77.5484,163
536903296,39.3588,-77.5484,163
536903296,39.3588,-77.5484,164
536903344,39.3588,-77.5484,164
536903296,39.3588,-77.5484,164
536903296,39.3588,-77.5484,165
536903296,39.3588,-77.5484,165
536903296,39.3588,-77.5484,165
536903296,39.3588,-77.5484,165
536903296,39.3588,-77.5484,165
536903296,39.3588,-77.5484,165
536903296,39.3588,-77.5484,165
536903296,39.3588,-77.5484,165
536903184,39.3588,-77.5484,165
536903184,39.3588,-77.5484,165
536903184,39.3588,-77.5484,165
536903184,39.3588,-77.5484,165
536903184,39.3588,-77.5484,165
536903184,39.3588,-77.5484,165
536903296,39.3588,-77.5484,165
536903296,39.3588,-77.5484,166
536903344,39.3588,-77.5484,166
536903296,39.3588,-77.5484,166
536903296,39.3588,-77.5484,166
536903296,39.3588,-77.5484,166
536903296,39.3588,-77.5484,166
536903296,39.3588,-77.5484,166
536903296,39.3588,-77.5484,166
536903296,39.3588,-77.5484,166
536903296,39.3588,-77.5484,166
536903296,39.3588,-77.5484,166
536903296,39.3588,-77.5484,166
536903296,39.3588,-77.5484,166
536903296,39.3588,-77.5484,166
536903184,39.3588,-77.5484,166
536903184,39.3588,-77.5484,166
536903184,39.3588,-77.5484,166
536903184,39.3588,-77.5484,166
536903184,39.3588,-77.5484,166
536903184,39.3588,-77.5484,166
536903184,39.3588,-77.5484,166
536903296,39.3588,-77.5484,166
536903296,39.3588,-77.5484,166
536903344,39.3588,-77.5484,166
536903344,39.3588,-77.5484,166
536903296,39.3588,-77.5484,166
536903296,39.3588,-77.5484,166
536903296,39.3588,-77.5484,166
536903344,39.3588,-77.5484,166
536903344,39.3588,-77.5484,166
536903296,39.3588,-77.5484,166
536903296,39.3588,-77.5484,166
536903296,39.3588,-77.5484,166
536903296,39.3588,-77.5484,166
536903344,39.3588,-77.5484,166
536903296,39.3588,-77.5484,166
536903184,39.3588,-77.5484,166
536903184,39.3588,-77.5484,165
536903296,39.3588,-77.5484,165
536903296,39.3588,-77.5484,165
536903296,39.3588,-77.5484,165
536903296,39.3588,-77.5484,166
536903296,39.3588,-77.5484,166
536903296,39.3588,-77.5484,166
536903296,39.3588,-77.5484,167
536903344,39.3588,-77.5484,166
536903296,39.3588,-77.5484,166
536903296,39.3588,-77.5484,166
536903296,39.3588,-77.5484,166
536903296,39.3588,-77.5484,166
536903296,39.3588,-77.5484,166
536903296,39.3588,-77.5484,165
536903296,39.3588,-77.5484,165
536903184,39.3588,-77.5484,165
536903184,39.3588,-77.5484,165
536903184,39.3588,-77.5484,165
536903184,39.3588,-77.5484,165
536903184,39.3588,-77.5484,165
536903344,39.3588,-77.5484,165
536903344,39.3588,-77.5484,164
536903344,39.3588,-77.5484,164
536903296,39.3588,-77.5484,164
536903296,39.3588,-77.5484,164
536903344,39.3588,-77.5484,164
536903296,39.3588,-77.5484,164
536903296,39.3588,-77.5484,164
536903296,39.3588,-77.5484,164
536903296,39.3588,-77.5484,164
536903296,39.3588,-77.5484,164
536903344,39.3588,-77.5484,164
536903296,39.3588,-77.5484,164
536903296,39.3588,-77.5484,164
536903296,39.3588,-77.5484,164
536903184,39.3588,-77.5484,164
536903184,39.3588,-77.5484,165
536903184,39.3588,-77.5484,165
536903184,39.3588,-77.5484,165
536903184,39.3588,-77.5484,165
536903184,39.3588,-77.5484,165
536903344,39.3588,-77.5484,166
536903344,39.3588,-77.5484,166
536903344,39.3588,-77.5484,166
536903296,39.3588,-77.5484,166
536903344,39.3588,-77.5484,166
536903296,39.3588,-77.5484,166
536903296,39.3588,-77.5484,166
536903296,39.3588,-77.5484,166
536903296,39.3588,-77.5484,166
536903344,39.3588,-77.5484,166
536903344,39.3588,-77.5484,166
536903296,39.3588,-77.5484,166
536903296,39.3588,-77.5484,166
536903296,39.3588,-77.5484,166
536903344,39.3588,-77.5484,166
536903184,39.3588,-77.5484,166
536903184,39.3588,-77.5484,166
536903184,39.3588,-77.5484,166
536903184,39.3588,-77.5484,166
536903184,39.3588,-77.5484,166
536903184,39.3588,-77.5484,167
536903184,39.3588,-77.5484,166
536903296,39.3588,-77.5484,166
536903296,39.3587,-77.5484,166
536903296,39.3587,-77.5484,166
536903296,39.3587,-77.5484,166
536903344,39.3587,-77.5484,166
536903296,39.3587,-77.5484,166
536903296,39.3587,-77.5484,166
536903344,39.3587,-77.5484,166
536903296,39.3587,-77.5484,166
536903296,39.3587,-77.5484,166
536903296,39.3587,-77.5484,166
536903296,39.3587,-77.5484,166
536903296,39.3588,-77.5484,166
536903296,39.3588,-77.5484,166
536903296,39.3588,-77.5484,165
536903184,39.3588,-77.5484,165
536903184,39.3588,-77.5484,165
536903184,39.3587,-77.5484,165
536903184,39.3587,-77.5484,165
536903184,39.3587,-77.5484,165
536903184,39.3587,-77.5484,165
536903296,39.3587,-77.5484,165
536903296,39.3587,-77.5484,165
536903296,39.3587,-77.5484,164
536903296,39.3587,-77.5484,164
536903296,39.3587,-77.5484,164
536903296,39.3587,-77.5484,164
536903296,39.3587,-77.5484,164
536903296,39.3587,-77.5484,164
536903344,39.3587,-77.5484,163
536903296,39.3587,-77.5484,163
536903296,39.3587,-77.5484,163
536903136,39.3587,-77.5484,163
536903048,39.3587,-77.5484,163
536903048,39.3587,-77.5484,163
536903048,39.3587,-77.5484,163
536903048,39.3588,-77.5484,163
536903048,39.3588,-77.5484,163
536903048,39.3588,-77.5484,162
536903048,39.3588,-77.5484,162
536903048,39.3588,-77.5484,162
536903048,39.3588,-77.5484,162
536903048,39.3588,-77.5484,162
536903184,39.3588,-77.5484,162
536903184,39.3588,-77.5484,162
536903184,39.3588,-77.5484,162
536903184,39.3587,-77.5485,171
536903296,39.3587,-77.5485,163
536903296,39.3587,-77.5484,162
536903296,39.3588,-77.5484,164
536903296,39.3588,-77.5484,164
536903344,39.3588,-77.5484,164
536903296,39.3588,-77.5484,164
536903296,39.3588,-77.5484,163
536903296,39.3588,-77.5484,163
536903296,39.3588,-77.5484,163
536903296,39.3588,-77.5484,163
536903344,39.3588,-77.5484,163
536903344,39.3588,-77.5484,163
536903296,39.3588,-77.5484,163
536903344,39.3588,-77.5484,163
536903296,39.3588,-77.5484,162
536903184,39.3588,-77.5484,162
536903184,39.3588,-77.5484,162
536903184,39.3588,-77.5484,162
536903184,39.3588,-77.5484,162
536903184,39.3588,-77.5484,162
536903344,39.3588,-77.5484,162
536903296,39.3588,-77.5484,162
536903296,39.3588,-77.5484,162
536903296,39.3588,-77.5484,162
536903296,39.3588,-77.5484,162
536903296,39.3588,-77.5484,162
536903344,39.3588,-77.5484,163
536903344,39.3588,-77.5484,163
536903344,39.3588,-77.5484,163
536903344,39.3588,-77.5484,163
536903344,39.3588,-77.5484,164
536903296,39.3588,-77.5484,164
536903296,39.3588,-77.5484,164
536903344,39.3588,-77.5484,165
536903344,39.3588,-77.5484,165
536903184,39.3588,-77.5484,165
536903184,39.3588,-77.5484,165
536903184,39.3588,-77.5484,166
536903184,39.3588,-77.5484,166
536903184,39.3588,-77.5484,166
536903184,39.3588,-77.5484,167
536903296,39.3588,-77.5484,167
536903296,39.3588,-77.5484,167
536903296,39.3588,-77.5484,167
536903344,39.3588,-77.5484,167
536903296,39.3588,-77.5484,167
536903296,39.3588,-77.5484,167
536903296,39.3588,-77.5484,167
536903296,39.3588,-77.5484,167
536903296,39.3588,-77.5484,168
536903344,39.3588,-77.5484,168
536903296,39.3588,-77.5484,168
536903344,39.3588,-77.5484,168
536903296,39.3588,-77.5484,168
536903296,39.3588,-77.5484,168
536903344,39.3588,-77.5484,168
536903184,39.3588,-77.5484,168
536903184,39.3588,-77.5484,168
536903184,39.3588,-77.5484,167
536903184,39.3588,-77.5484,167
536903184,39.3588,-77.5484,167
536903184,39.3588,-77.5484,167
536903184,39.3588,-77.5484,167
536903296,39.3588,-77.5484,167
536903296,39.3588,-77.5484,167
536903344,39.3588,-77.5484,167
536903296,39.3588,-77.5484,166
536903344,39.3588,-77.5484,167
536903296,39.3588,-77.5484,167
536903296,39.3588,-77.5484,167
536903296,39.3588,-77.5484,167
536903296,39.3588,-77.5484,167
536903296,39.3588,-77.5484,167
536903296,39.3588,-77.5484,167
536903296,39.3588,-77.5484,167
536903296,39.3588,-77.5484,167
536903296,39.3588,-77.5484,167
536903184,39.3588,-77.5484,167
536903184,39.3588,-77.5484,167
536903184,39.3588,-77.5484,167
536903184,39.3588,-77.5484,167
536903184,39.3588,-77.5484,167
536903184,39.3588,-77.5484,167
536903296,39.3588,-77.5484,167
536903296,39.3588,-77.5484,167
536903296,39.3588,-77.5484,167
536903296,39.3588,-77.5484,167
536903344,39.3588,-77.5484,167
536903296,39.3588,-77.5484,166
536903296,39.3588,-77.5484,166
536903296,39.3588,-77.5484,166
536903296,39.3588,-77.5484,166
536903296,39.3588,-77.5484,166
536903344,39.3588,-77.5484,165
536903296,39.3588,-77.5484,165
536903296,39.3588,-77.5484,165
536903296,39.3588,-77.5484,165
536903184,39.3588,-77.5484,165
536903184,39.3588,-77.5484,165
536903184,39.3588,-77.5484,165
536903184,39.3588,-77.5484,165
536903184,39.3588,-77.5484,165
536903184,39.3588,-77.5484,165
536903184,39.3588,-77.5484,166
536903296,39.3588,-77.5484,166
536903296,39.3588,-77.5484,166
536903296,39.3588,-77.5484,166
536903344,39.3588,-77.5484,167
536903296,39.3588,-77.5484,166
536903296,39.3588,-77.5484,166
536903344,39.3588,-77.5484,166
536903296,39.3588,-77.5484,167
536903344,39.3588,-77.5484,166
536903344,39.3588,-77.5484,166
536903296,39.3588,-77.5484,166
536903344,39.3588,-77.5484,166
536903344,39.3588,-77.5484,167
536903344,39.3588,-77.5484,166
536903344,39.3588,-77.5484,167
536903184,39.3588,-77.5484,167
