INIT_TX_LOG
24842,38.9800,-76.9370,40
025022,38.9799,-76.9371,20
025128,38.9800,-76.9371,29
025932,38.9800,-76.9371,28
030359,38.9799,-76.9372,35
INIT_TX_LOG
31343,38.9798,-76.9371,47
031651,38.9799,-76.9372,28
INIT_TX_LOG
31820,38.9799,-76.9370,30
031831,38.9799,-76.9371,22
031943,38.9799,-76.9372,24
032452,38.9799,-76.9372,31
INIT_TX_LOG
113826,39.3588,-77.5485,173
113923,39.3587,-77.5485,159
114029,39.3587,-77.5484,171
114234,39.3588,-77.5484,166
114633,39.3588,-77.5484,165
115147,39.3588,-77.5484,164,rN
115904,39.3587,-77.5484,163
